{"meta": {"format": 3, "version": "7.14.1", "timestamp": "2026-06-13T17:31:07.427664", "branch_coverage": false, "show_contexts": false}, "files": {"src/fleet_memory/__init__.py": {"executed_lines": [3], "summary": {"covered_lines": 1, "num_statements": 1, "percent_covered": 100.0, "percent_covered_display": "100", "missing_lines": 0, "excluded_lines": 0, "percent_statements_covered": 100.0, "percent_statements_covered_display": "100"}, "missing_lines": [], "excluded_lines": [], "functions": {"": {"executed_lines": [3], "summary": {"covered_lines": 1, "num_statements": 1, "percent_covered": 100.0, "percent_covered_display": "100", "missing_lines": 0, "excluded_lines": 0, "percent_statements_covered": 100.0, "percent_statements_covered_display": "100"}, "missing_lines": [], "excluded_lines": [], "start_line": 1}}, "classes": {"": {"executed_lines": [3], "summary": {"covered_lines": 1, "num_statements": 1, "percent_covered": 100.0, "percent_covered_display": "100", "missing_lines": 0, "excluded_lines": 0, "percent_statements_covered": 100.0, "percent_statements_covered_display": "100"}, "missing_lines": [], "excluded_lines": [], "start_line": 1}}}, "src/fleet_memory/app.py": {"executed_lines": [], "summary": {"covered_lines": 0, "num_statements": 37, "percent_covered": 0.0, "percent_covered_display": "0", "missing_lines": 37, "excluded_lines": 2, "percent_statements_covered": 0.0, "percent_statements_covered_display": "0"}, "missing_lines": [9, 11, 12, 14, 15, 17, 18, 24, 37, 38, 39, 40, 43, 44, 47, 49, 50, 68, 69, 70, 74, 76, 77, 78, 81, 82, 85, 93, 94, 95, 99, 101, 104, 109, 111, 116, 120], "excluded_lines": [20, 21], "functions": {"_create_app": {"executed_lines": [], "summary": {"covered_lines": 0, "num_statements": 11, "percent_covered": 0.0, "percent_covered_display": "0", "missing_lines": 11, "excluded_lines": 0, "percent_statements_covered": 0.0, "percent_statements_covered_display": "0"}, "missing_lines": [37, 38, 39, 40, 43, 44, 47, 49, 50, 109, 111], "excluded_lines": [], "start_line": 24}, "_create_app.lifespan": {"executed_lines": [], "summary": {"covered_lines": 0, "num_statements": 16, "percent_covered": 0.0, "percent_covered_display": "0", "missing_lines": 16, "excluded_lines": 0, "percent_statements_covered": 0.0, "percent_statements_covered_display": "0"}, "missing_lines": [68, 69, 70, 74, 76, 77, 78, 81, 82, 85, 93, 94, 95, 99, 101, 104], "excluded_lines": [], "start_line": 50}, "": {"executed_lines": [], "summary": {"covered_lines": 0, "num_statements": 10, "percent_covered": 0.0, "percent_covered_display": "0", "missing_lines": 10, "excluded_lines": 2, "percent_statements_covered": 0.0, "percent_statements_covered_display": "0"}, "missing_lines": [9, 11, 12, 14, 15, 17, 18, 24, 116, 120], "excluded_lines": [20, 21], "start_line": 1}}, "classes": {"": {"executed_lines": [], "summary": {"covered_lines": 0, "num_statements": 37, "percent_covered": 0.0, "percent_covered_display": "0", "missing_lines": 37, "excluded_lines": 2, "percent_statements_covered": 0.0, "percent_statements_covered_display": "0"}, "missing_lines": [9, 11, 12, 14, 15, 17, 18, 24, 37, 38, 39, 40, 43, 44, 47, 49, 50, 68, 69, 70, 74, 76, 77, 78, 81, 82, 85, 93, 94, 95, 99, 101, 104, 109, 111, 116, 120], "excluded_lines": [20, 21], "start_line": 1}}}, "src/fleet_memory/embed.py": {"executed_lines": [6, 8, 9, 10, 12, 14, 24, 41, 139, 151, 160, 161, 163, 165, 166, 168, 170, 171, 181, 184, 185, 186, 191, 193, 195], "summary": {"covered_lines": 25, "num_statements": 61, "percent_covered": 40.98360655737705, "percent_covered_display": "41", "missing_lines": 36, "excluded_lines": 2, "percent_statements_covered": 40.98360655737705, "percent_statements_covered_display": "41"}, "missing_lines": [33, 34, 35, 36, 37, 38, 61, 64, 72, 77, 78, 79, 82, 83, 90, 91, 92, 93, 99, 100, 105, 108, 109, 110, 111, 116, 118, 119, 123, 124, 128, 130, 131, 133, 180, 189], "excluded_lines": [20, 21], "functions": {"_normalize_embed_url": {"executed_lines": [], "summary": {"covered_lines": 0, "num_statements": 6, "percent_covered": 0.0, "percent_covered_display": "0", "missing_lines": 6, "excluded_lines": 0, "percent_statements_covered": 0.0, "percent_statements_covered_display": "0"}, "missing_lines": [33, 34, 35, 36, 37, 38], "excluded_lines": [], "start_line": 24}, "embed": {"executed_lines": [], "summary": {"covered_lines": 0, "num_statements": 28, "percent_covered": 0.0, "percent_covered_display": "0", "missing_lines": 28, "excluded_lines": 0, "percent_statements_covered": 0.0, "percent_statements_covered_display": "0"}, "missing_lines": [61, 64, 72, 77, 78, 79, 82, 83, 90, 91, 92, 93, 99, 100, 105, 108, 109, 110, 111, 116, 118, 119, 123, 124, 128, 130, 131, 133], "excluded_lines": [], "start_line": 41}, "make_fake_embed": {"executed_lines": [151, 195], "summary": {"covered_lines": 2, "num_statements": 2, "percent_covered": 100.0, "percent_covered_display": "100", "missing_lines": 0, "excluded_lines": 0, "percent_statements_covered": 100.0, "percent_statements_covered_display": "100"}, "missing_lines": [], "excluded_lines": [], "start_line": 139}, "make_fake_embed.fake_embed": {"executed_lines": [160, 161, 163, 165, 166, 168, 170, 171, 181, 184, 185, 186, 191, 193], "summary": {"covered_lines": 14, "num_statements": 16, "percent_covered": 87.5, "percent_covered_display": "88", "missing_lines": 2, "excluded_lines": 0, "percent_statements_covered": 87.5, "percent_statements_covered_display": "88"}, "missing_lines": [180, 189], "excluded_lines": [], "start_line": 151}, "": {"executed_lines": [6, 8, 9, 10, 12, 14, 24, 41, 139], "summary": {"covered_lines": 9, "num_statements": 9, "percent_covered": 100.0, "percent_covered_display": "100", "missing_lines": 0, "excluded_lines": 2, "percent_statements_covered": 100.0, "percent_statements_covered_display": "100"}, "missing_lines": [], "excluded_lines": [20, 21], "start_line": 1}}, "classes": {"": {"executed_lines": [6, 8, 9, 10, 12, 14, 24, 41, 139, 151, 160, 161, 163, 165, 166, 168, 170, 171, 181, 184, 185, 186, 191, 193, 195], "summary": {"covered_lines": 25, "num_statements": 61, "percent_covered": 40.98360655737705, "percent_covered_display": "41", "missing_lines": 36, "excluded_lines": 2, "percent_statements_covered": 40.98360655737705, "percent_statements_covered_display": "41"}, "missing_lines": [33, 34, 35, 36, 37, 38, 61, 64, 72, 77, 78, 79, 82, 83, 90, 91, 92, 93, 99, 100, 105, 108, 109, 110, 111, 116, 118, 119, 123, 124, 128, 130, 131, 133, 180, 189], "excluded_lines": [20, 21], "start_line": 1}}}, "src/fleet_memory/errors.py": {"executed_lines": [25, 32, 46, 52, 64, 71, 81, 82, 84, 85, 86, 87, 88, 91, 98, 113, 120, 133, 145, 160, 172], "summary": {"covered_lines": 21, "num_statements": 41, "percent_covered": 51.21951219512195, "percent_covered_display": "51", "missing_lines": 20, "excluded_lines": 0, "percent_statements_covered": 51.21951219512195, "percent_statements_covered_display": "51"}, "missing_lines": [39, 42, 43, 59, 60, 61, 83, 105, 109, 110, 126, 130, 152, 153, 154, 155, 156, 157, 178, 179], "excluded_lines": [], "functions": {"EmbedDimensionError.__init__": {"executed_lines": [], "summary": {"covered_lines": 0, "num_statements": 3, "percent_covered": 0.0, "percent_covered_display": "0", "missing_lines": 3, "excluded_lines": 0, "percent_statements_covered": 0.0, "percent_statements_covered_display": "0"}, "missing_lines": [39, 42, 43], "excluded_lines": [], "start_line": 32}, "EmbedTimeoutError.__init__": {"executed_lines": [], "summary": {"covered_lines": 0, "num_statements": 3, "percent_covered": 0.0, "percent_covered_display": "0", "missing_lines": 3, "excluded_lines": 0, "percent_statements_covered": 0.0, "percent_statements_covered_display": "0"}, "missing_lines": [59, 60, 61], "excluded_lines": [], "start_line": 52}, "EmbedServiceError.__init__": {"executed_lines": [81, 82, 84, 85, 86, 87, 88], "summary": {"covered_lines": 7, "num_statements": 8, "percent_covered": 87.5, "percent_covered_display": "88", "missing_lines": 1, "excluded_lines": 0, "percent_statements_covered": 87.5, "percent_statements_covered_display": "88"}, "missing_lines": [83], "excluded_lines": [], "start_line": 71}, "NamespaceValidationError.__init__": {"executed_lines": [], "summary": {"covered_lines": 0, "num_statements": 3, "percent_covered": 0.0, "percent_covered_display": "0", "missing_lines": 3, "excluded_lines": 0, "percent_statements_covered": 0.0, "percent_statements_covered_display": "0"}, "missing_lines": [105, 109, 110], "excluded_lines": [], "start_line": 98}, "UnknownPayloadTypeError.__init__": {"executed_lines": [], "summary": {"covered_lines": 0, "num_statements": 2, "percent_covered": 0.0, "percent_covered_display": "0", "missing_lines": 2, "excluded_lines": 0, "percent_statements_covered": 0.0, "percent_statements_covered_display": "0"}, "missing_lines": [126, 130], "excluded_lines": [], "start_line": 120}, "PoisonEpisodeError.__init__": {"executed_lines": [], "summary": {"covered_lines": 0, "num_statements": 6, "percent_covered": 0.0, "percent_covered_display": "0", "missing_lines": 6, "excluded_lines": 0, "percent_statements_covered": 0.0, "percent_statements_covered_display": "0"}, "missing_lines": [152, 153, 154, 155, 156, 157], "excluded_lines": [], "start_line": 145}, "TransientIngestError.__init__": {"executed_lines": [], "summary": {"covered_lines": 0, "num_statements": 2, "percent_covered": 0.0, "percent_covered_display": "0", "missing_lines": 2, "excluded_lines": 0, "percent_statements_covered": 0.0, "percent_statements_covered_display": "0"}, "missing_lines": [178, 179], "excluded_lines": [], "start_line": 172}, "": {"executed_lines": [25, 32, 46, 52, 64, 71, 91, 98, 113, 120, 133, 145, 160, 172], "summary": {"covered_lines": 14, "num_statements": 14, "percent_covered": 100.0, "percent_covered_display": "100", "missing_lines": 0, "excluded_lines": 0, "percent_statements_covered": 100.0, "percent_statements_covered_display": "100"}, "missing_lines": [], "excluded_lines": [], "start_line": 1}}, "classes": {"EmbedDimensionError": {"executed_lines": [], "summary": {"covered_lines": 0, "num_statements": 3, "percent_covered": 0.0, "percent_covered_display": "0", "missing_lines": 3, "excluded_lines": 0, "percent_statements_covered": 0.0, "percent_statements_covered_display": "0"}, "missing_lines": [39, 42, 43], "excluded_lines": [], "start_line": 25}, "EmbedTimeoutError": {"executed_lines": [], "summary": {"covered_lines": 0, "num_statements": 3, "percent_covered": 0.0, "percent_covered_display": "0", "missing_lines": 3, "excluded_lines": 0, "percent_statements_covered": 0.0, "percent_statements_covered_display": "0"}, "missing_lines": [59, 60, 61], "excluded_lines": [], "start_line": 46}, "EmbedServiceError": {"executed_lines": [81, 82, 84, 85, 86, 87, 88], "summary": {"covered_lines": 7, "num_statements": 8, "percent_covered": 87.5, "percent_covered_display": "88", "missing_lines": 1, "excluded_lines": 0, "percent_statements_covered": 87.5, "percent_statements_covered_display": "88"}, "missing_lines": [83], "excluded_lines": [], "start_line": 64}, "NamespaceValidationError": {"executed_lines": [], "summary": {"covered_lines": 0, "num_statements": 3, "percent_covered": 0.0, "percent_covered_display": "0", "missing_lines": 3, "excluded_lines": 0, "percent_statements_covered": 0.0, "percent_statements_covered_display": "0"}, "missing_lines": [105, 109, 110], "excluded_lines": [], "start_line": 91}, "UnknownPayloadTypeError": {"executed_lines": [], "summary": {"covered_lines": 0, "num_statements": 2, "percent_covered": 0.0, "percent_covered_display": "0", "missing_lines": 2, "excluded_lines": 0, "percent_statements_covered": 0.0, "percent_statements_covered_display": "0"}, "missing_lines": [126, 130], "excluded_lines": [], "start_line": 113}, "PoisonEpisodeError": {"executed_lines": [], "summary": {"covered_lines": 0, "num_statements": 6, "percent_covered": 0.0, "percent_covered_display": "0", "missing_lines": 6, "excluded_lines": 0, "percent_statements_covered": 0.0, "percent_statements_covered_display": "0"}, "missing_lines": [152, 153, 154, 155, 156, 157], "excluded_lines": [], "start_line": 133}, "TransientIngestError": {"executed_lines": [], "summary": {"covered_lines": 0, "num_statements": 2, "percent_covered": 0.0, "percent_covered_display": "0", "missing_lines": 2, "excluded_lines": 0, "percent_statements_covered": 0.0, "percent_statements_covered_display": "0"}, "missing_lines": [178, 179], "excluded_lines": [], "start_line": 160}, "": {"executed_lines": [25, 32, 46, 52, 64, 71, 91, 98, 113, 120, 133, 145, 160, 172], "summary": {"covered_lines": 14, "num_statements": 14, "percent_covered": 100.0, "percent_covered_display": "100", "missing_lines": 0, "excluded_lines": 0, "percent_statements_covered": 100.0, "percent_statements_covered_display": "100"}, "missing_lines": [], "excluded_lines": [], "start_line": 1}}}, "src/fleet_memory/payloads/__init__.py": {"executed_lines": [7, 9, 15], "summary": {"covered_lines": 3, "num_statements": 3, "percent_covered": 100.0, "percent_covered_display": "100", "missing_lines": 0, "excluded_lines": 0, "percent_statements_covered": 100.0, "percent_statements_covered_display": "100"}, "missing_lines": [], "excluded_lines": [], "functions": {"": {"executed_lines": [7, 9, 15], "summary": {"covered_lines": 3, "num_statements": 3, "percent_covered": 100.0, "percent_covered_display": "100", "missing_lines": 0, "excluded_lines": 0, "percent_statements_covered": 100.0, "percent_statements_covered_display": "100"}, "missing_lines": [], "excluded_lines": [], "start_line": 1}}, "classes": {"": {"executed_lines": [7, 9, 15], "summary": {"covered_lines": 3, "num_statements": 3, "percent_covered": 100.0, "percent_covered_display": "100", "missing_lines": 0, "excluded_lines": 0, "percent_statements_covered": 100.0, "percent_statements_covered_display": "100"}, "missing_lines": [], "excluded_lines": [], "start_line": 1}}}, "src/fleet_memory/payloads/base.py": {"executed_lines": [7, 9, 10, 12, 16, 19, 35, 42, 60, 67, 78, 88, 91, 92, 95, 96, 97, 100, 103, 105, 158, 159, 160], "summary": {"covered_lines": 23, "num_statements": 55, "percent_covered": 41.81818181818182, "percent_covered_display": "42", "missing_lines": 32, "excluded_lines": 0, "percent_statements_covered": 41.81818181818182, "percent_statements_covered_display": "42"}, "missing_lines": [29, 30, 31, 32, 49, 50, 52, 56, 57, 74, 75, 119, 120, 121, 122, 125, 126, 128, 129, 130, 131, 132, 133, 136, 137, 138, 139, 145, 148, 151, 152, 166], "excluded_lines": [], "functions": {"_validate_identifier": {"executed_lines": [], "summary": {"covered_lines": 0, "num_statements": 4, "percent_covered": 0.0, "percent_covered_display": "0", "missing_lines": 4, "excluded_lines": 0, "percent_statements_covered": 0.0, "percent_statements_covered_display": "0"}, "missing_lines": [29, 30, 31, 32], "excluded_lines": [], "start_line": 19}, "IdentifierValidationError.__init__": {"executed_lines": [], "summary": {"covered_lines": 0, "num_statements": 5, "percent_covered": 0.0, "percent_covered_display": "0", "missing_lines": 5, "excluded_lines": 0, "percent_statements_covered": 0.0, "percent_statements_covered_display": "0"}, "missing_lines": [49, 50, 52, 56, 57], "excluded_lines": [], "start_line": 42}, "SupersessionValidationError.__init__": {"executed_lines": [], "summary": {"covered_lines": 0, "num_statements": 2, "percent_covered": 0.0, "percent_covered_display": "0", "missing_lines": 2, "excluded_lines": 0, "percent_statements_covered": 0.0, "percent_statements_covered_display": "0"}, "missing_lines": [74, 75], "excluded_lines": [], "start_line": 67}, "BasePayload.__init__": {"executed_lines": [], "summary": {"covered_lines": 0, "num_statements": 20, "percent_covered": 0.0, "percent_covered_display": "0", "missing_lines": 20, "excluded_lines": 0, "percent_statements_covered": 0.0, "percent_statements_covered_display": "0"}, "missing_lines": [119, 120, 121, 122, 125, 126, 128, 129, 130, 131, 132, 133, 136, 137, 138, 139, 145, 148, 151, 152], "excluded_lines": [], "start_line": 105}, "BasePayload.natural_key": {"executed_lines": [], "summary": {"covered_lines": 0, "num_statements": 1, "percent_covered": 0.0, "percent_covered_display": "0", "missing_lines": 1, "excluded_lines": 0, "percent_statements_covered": 0.0, "percent_statements_covered_display": "0"}, "missing_lines": [166], "excluded_lines": [], "start_line": 160}, "": {"executed_lines": [7, 9, 10, 12, 16, 19, 35, 42, 60, 67, 78, 88, 91, 92, 95, 96, 97, 100, 103, 105, 158, 159, 160], "summary": {"covered_lines": 23, "num_statements": 23, "percent_covered": 100.0, "percent_covered_display": "100", "missing_lines": 0, "excluded_lines": 0, "percent_statements_covered": 100.0, "percent_statements_covered_display": "100"}, "missing_lines": [], "excluded_lines": [], "start_line": 1}}, "classes": {"IdentifierValidationError": {"executed_lines": [], "summary": {"covered_lines": 0, "num_statements": 5, "percent_covered": 0.0, "percent_covered_display": "0", "missing_lines": 5, "excluded_lines": 0, "percent_statements_covered": 0.0, "percent_statements_covered_display": "0"}, "missing_lines": [49, 50, 52, 56, 57], "excluded_lines": [], "start_line": 35}, "SupersessionValidationError": {"executed_lines": [], "summary": {"covered_lines": 0, "num_statements": 2, "percent_covered": 0.0, "percent_covered_display": "0", "missing_lines": 2, "excluded_lines": 0, "percent_statements_covered": 0.0, "percent_statements_covered_display": "0"}, "missing_lines": [74, 75], "excluded_lines": [], "start_line": 60}, "BasePayload": {"executed_lines": [], "summary": {"covered_lines": 0, "num_statements": 21, "percent_covered": 0.0, "percent_covered_display": "0", "missing_lines": 21, "excluded_lines": 0, "percent_statements_covered": 0.0, "percent_statements_covered_display": "0"}, "missing_lines": [119, 120, 121, 122, 125, 126, 128, 129, 130, 131, 132, 133, 136, 137, 138, 139, 145, 148, 151, 152, 166], "excluded_lines": [], "start_line": 78}, "": {"executed_lines": [7, 9, 10, 12, 16, 19, 35, 42, 60, 67, 78, 88, 91, 92, 95, 96, 97, 100, 103, 105, 158, 159, 160], "summary": {"covered_lines": 23, "num_statements": 27, "percent_covered": 85.18518518518519, "percent_covered_display": "85", "missing_lines": 4, "excluded_lines": 0, "percent_statements_covered": 85.18518518518519, "percent_statements_covered_display": "85"}, "missing_lines": [29, 30, 31, 32], "excluded_lines": [], "start_line": 1}}}, "src/fleet_memory/payloads/models.py": {"executed_lines": [10, 12, 14, 17, 23, 25, 26, 29, 35, 37, 40, 46, 48, 49, 52, 58, 60, 61, 64, 70, 72, 73, 76, 82, 84, 87, 94], "summary": {"covered_lines": 27, "num_statements": 27, "percent_covered": 100.0, "percent_covered_display": "100", "missing_lines": 0, "excluded_lines": 0, "percent_statements_covered": 100.0, "percent_statements_covered_display": "100"}, "missing_lines": [], "excluded_lines": [], "functions": {"": {"executed_lines": [10, 12, 14, 17, 23, 25, 26, 29, 35, 37, 40, 46, 48, 49, 52, 58, 60, 61, 64, 70, 72, 73, 76, 82, 84, 87, 94], "summary": {"covered_lines": 27, "num_statements": 27, "percent_covered": 100.0, "percent_covered_display": "100", "missing_lines": 0, "excluded_lines": 0, "percent_statements_covered": 100.0, "percent_statements_covered_display": "100"}, "missing_lines": [], "excluded_lines": [], "start_line": 1}}, "classes": {"ADRPayload": {"executed_lines": [], "summary": {"covered_lines": 0, "num_statements": 0, "percent_covered": 100.0, "percent_covered_display": "100", "missing_lines": 0, "excluded_lines": 0, "percent_statements_covered": 100.0, "percent_statements_covered_display": "100"}, "missing_lines": [], "excluded_lines": [], "start_line": 17}, "ReviewReportPayload": {"executed_lines": [], "summary": {"covered_lines": 0, "num_statements": 0, "percent_covered": 100.0, "percent_covered_display": "100", "missing_lines": 0, "excluded_lines": 0, "percent_statements_covered": 100.0, "percent_statements_covered_display": "100"}, "missing_lines": [], "excluded_lines": [], "start_line": 29}, "BuildOutcomePayload": {"executed_lines": [], "summary": {"covered_lines": 0, "num_statements": 0, "percent_covered": 100.0, "percent_covered_display": "100", "missing_lines": 0, "excluded_lines": 0, "percent_statements_covered": 100.0, "percent_statements_covered_display": "100"}, "missing_lines": [], "excluded_lines": [], "start_line": 40}, "PatternPayload": {"executed_lines": [], "summary": {"covered_lines": 0, "num_statements": 0, "percent_covered": 100.0, "percent_covered_display": "100", "missing_lines": 0, "excluded_lines": 0, "percent_statements_covered": 100.0, "percent_statements_covered_display": "100"}, "missing_lines": [], "excluded_lines": [], "start_line": 52}, "WarningPayload": {"executed_lines": [], "summary": {"covered_lines": 0, "num_statements": 0, "percent_covered": 100.0, "percent_covered_display": "100", "missing_lines": 0, "excluded_lines": 0, "percent_statements_covered": 100.0, "percent_statements_covered_display": "100"}, "missing_lines": [], "excluded_lines": [], "start_line": 64}, "SeedModulePayload": {"executed_lines": [], "summary": {"covered_lines": 0, "num_statements": 0, "percent_covered": 100.0, "percent_covered_display": "100", "missing_lines": 0, "excluded_lines": 0, "percent_statements_covered": 100.0, "percent_statements_covered_display": "100"}, "missing_lines": [], "excluded_lines": [], "start_line": 76}, "DocumentPayload": {"executed_lines": [], "summary": {"covered_lines": 0, "num_statements": 0, "percent_covered": 100.0, "percent_covered_display": "100", "missing_lines": 0, "excluded_lines": 0, "percent_statements_covered": 100.0, "percent_statements_covered_display": "100"}, "missing_lines": [], "excluded_lines": [], "start_line": 87}, "": {"executed_lines": [10, 12, 14, 17, 23, 25, 26, 29, 35, 37, 40, 46, 48, 49, 52, 58, 60, 61, 64, 70, 72, 73, 76, 82, 84, 87, 94], "summary": {"covered_lines": 27, "num_statements": 27, "percent_covered": 100.0, "percent_covered_display": "100", "missing_lines": 0, "excluded_lines": 0, "percent_statements_covered": 100.0, "percent_statements_covered_display": "100"}, "missing_lines": [], "excluded_lines": [], "start_line": 1}}}, "src/fleet_memory/payloads/registry.py": {"executed_lines": [10, 12, 13, 14, 25, 36, 41, 58], "summary": {"covered_lines": 8, "num_statements": 14, "percent_covered": 57.142857142857146, "percent_covered_display": "57", "missing_lines": 6, "excluded_lines": 0, "percent_statements_covered": 57.142857142857146, "percent_statements_covered_display": "57"}, "missing_lines": [53, 54, 55, 70, 71, 72], "excluded_lines": [], "functions": {"get_model_for_type": {"executed_lines": [], "summary": {"covered_lines": 0, "num_statements": 3, "percent_covered": 0.0, "percent_covered_display": "0", "missing_lines": 3, "excluded_lines": 0, "percent_statements_covered": 0.0, "percent_statements_covered_display": "0"}, "missing_lines": [53, 54, 55], "excluded_lines": [], "start_line": 41}, "get_type_for_model": {"executed_lines": [], "summary": {"covered_lines": 0, "num_statements": 3, "percent_covered": 0.0, "percent_covered_display": "0", "missing_lines": 3, "excluded_lines": 0, "percent_statements_covered": 0.0, "percent_statements_covered_display": "0"}, "missing_lines": [70, 71, 72], "excluded_lines": [], "start_line": 58}, "": {"executed_lines": [10, 12, 13, 14, 25, 36, 41, 58], "summary": {"covered_lines": 8, "num_statements": 8, "percent_covered": 100.0, "percent_covered_display": "100", "missing_lines": 0, "excluded_lines": 0, "percent_statements_covered": 100.0, "percent_statements_covered_display": "100"}, "missing_lines": [], "excluded_lines": [], "start_line": 1}}, "classes": {"": {"executed_lines": [10, 12, 13, 14, 25, 36, 41, 58], "summary": {"covered_lines": 8, "num_statements": 14, "percent_covered": 57.142857142857146, "percent_covered_display": "57", "missing_lines": 6, "excluded_lines": 0, "percent_statements_covered": 57.142857142857146, "percent_statements_covered_display": "57"}, "missing_lines": [53, 54, 55, 70, 71, 72], "excluded_lines": [], "start_line": 1}}}, "src/fleet_memory/relay/__init__.py": {"executed_lines": [], "summary": {"covered_lines": 0, "num_statements": 0, "percent_covered": 100.0, "percent_covered_display": "100", "missing_lines": 0, "excluded_lines": 0, "percent_statements_covered": 100.0, "percent_statements_covered_display": "100"}, "missing_lines": [], "excluded_lines": [], "functions": {"": {"executed_lines": [], "summary": {"covered_lines": 0, "num_statements": 0, "percent_covered": 100.0, "percent_covered_display": "100", "missing_lines": 0, "excluded_lines": 0, "percent_statements_covered": 100.0, "percent_statements_covered_display": "100"}, "missing_lines": [], "excluded_lines": [], "start_line": 1}}, "classes": {"": {"executed_lines": [], "summary": {"covered_lines": 0, "num_statements": 0, "percent_covered": 100.0, "percent_covered_display": "100", "missing_lines": 0, "excluded_lines": 0, "percent_statements_covered": 100.0, "percent_statements_covered_display": "100"}, "missing_lines": [], "excluded_lines": [], "start_line": 1}}}, "src/fleet_memory/relay/chunk_writer.py": {"executed_lines": [], "summary": {"covered_lines": 0, "num_statements": 18, "percent_covered": 0.0, "percent_covered_display": "0", "missing_lines": 18, "excluded_lines": 3, "percent_statements_covered": 0.0, "percent_statements_covered_display": "0"}, "missing_lines": [10, 12, 13, 15, 16, 24, 38, 44, 46, 67, 69, 72, 74, 78, 84, 85, 89, 98], "excluded_lines": [18, 19, 21], "functions": {"ChunkWriter.__init__": {"executed_lines": [], "summary": {"covered_lines": 0, "num_statements": 1, "percent_covered": 0.0, "percent_covered_display": "0", "missing_lines": 1, "excluded_lines": 0, "percent_statements_covered": 0.0, "percent_statements_covered_display": "0"}, "missing_lines": [44], "excluded_lines": [], "start_line": 38}, "ChunkWriter.write_chunks": {"executed_lines": [], "summary": {"covered_lines": 0, "num_statements": 9, "percent_covered": 0.0, "percent_covered_display": "0", "missing_lines": 9, "excluded_lines": 0, "percent_statements_covered": 0.0, "percent_statements_covered_display": "0"}, "missing_lines": [67, 69, 72, 74, 78, 84, 85, 89, 98], "excluded_lines": [], "start_line": 46}, "": {"executed_lines": [], "summary": {"covered_lines": 0, "num_statements": 8, "percent_covered": 0.0, "percent_covered_display": "0", "missing_lines": 8, "excluded_lines": 3, "percent_statements_covered": 0.0, "percent_statements_covered_display": "0"}, "missing_lines": [10, 12, 13, 15, 16, 24, 38, 46], "excluded_lines": [18, 19, 21], "start_line": 1}}, "classes": {"ChunkWriter": {"executed_lines": [], "summary": {"covered_lines": 0, "num_statements": 10, "percent_covered": 0.0, "percent_covered_display": "0", "missing_lines": 10, "excluded_lines": 0, "percent_statements_covered": 0.0, "percent_statements_covered_display": "0"}, "missing_lines": [44, 67, 69, 72, 74, 78, 84, 85, 89, 98], "excluded_lines": [], "start_line": 24}, "": {"executed_lines": [], "summary": {"covered_lines": 0, "num_statements": 8, "percent_covered": 0.0, "percent_covered_display": "0", "missing_lines": 8, "excluded_lines": 3, "percent_statements_covered": 0.0, "percent_statements_covered_display": "0"}, "missing_lines": [10, 12, 13, 15, 16, 24, 38, 46], "excluded_lines": [18, 19, 21], "start_line": 1}}}, "src/fleet_memory/relay/chunker.py": {"executed_lines": [], "summary": {"covered_lines": 0, "num_statements": 67, "percent_covered": 0.0, "percent_covered_display": "0", "missing_lines": 67, "excluded_lines": 0, "percent_statements_covered": 0.0, "percent_statements_covered_display": "0"}, "missing_lines": [7, 9, 11, 14, 43, 44, 47, 48, 51, 54, 56, 57, 59, 60, 63, 65, 66, 74, 77, 78, 79, 88, 90, 100, 101, 102, 104, 107, 110, 111, 120, 123, 136, 137, 138, 140, 142, 144, 145, 146, 148, 150, 153, 154, 157, 158, 160, 163, 174, 175, 176, 178, 179, 181, 183, 184, 185, 188, 189, 190, 192, 195, 205, 206, 207, 209, 210], "excluded_lines": [], "functions": {"chunk_prose": {"executed_lines": [], "summary": {"covered_lines": 0, "num_statements": 26, "percent_covered": 0.0, "percent_covered_display": "0", "missing_lines": 26, "excluded_lines": 0, "percent_statements_covered": 0.0, "percent_statements_covered_display": "0"}, "missing_lines": [43, 44, 47, 51, 54, 56, 57, 59, 60, 63, 65, 66, 74, 77, 78, 79, 88, 90, 100, 101, 102, 104, 107, 110, 111, 120], "excluded_lines": [], "start_line": 14}, "chunk_prose.token_count": {"executed_lines": [], "summary": {"covered_lines": 0, "num_statements": 1, "percent_covered": 0.0, "percent_covered_display": "0", "missing_lines": 1, "excluded_lines": 0, "percent_statements_covered": 0.0, "percent_statements_covered_display": "0"}, "missing_lines": [48], "excluded_lines": [], "start_line": 47}, "_split_into_sections": {"executed_lines": [], "summary": {"covered_lines": 0, "num_statements": 15, "percent_covered": 0.0, "percent_covered_display": "0", "missing_lines": 15, "excluded_lines": 0, "percent_statements_covered": 0.0, "percent_statements_covered_display": "0"}, "missing_lines": [136, 137, 138, 140, 142, 144, 145, 146, 148, 150, 153, 154, 157, 158, 160], "excluded_lines": [], "start_line": 123}, "_split_large_section": {"executed_lines": [], "summary": {"covered_lines": 0, "num_statements": 13, "percent_covered": 0.0, "percent_covered_display": "0", "missing_lines": 13, "excluded_lines": 0, "percent_statements_covered": 0.0, "percent_statements_covered_display": "0"}, "missing_lines": [174, 175, 176, 178, 179, 181, 183, 184, 185, 188, 189, 190, 192], "excluded_lines": [], "start_line": 163}, "_extract_tail_tokens": {"executed_lines": [], "summary": {"covered_lines": 0, "num_statements": 5, "percent_covered": 0.0, "percent_covered_display": "0", "missing_lines": 5, "excluded_lines": 0, "percent_statements_covered": 0.0, "percent_statements_covered_display": "0"}, "missing_lines": [205, 206, 207, 209, 210], "excluded_lines": [], "start_line": 195}, "": {"executed_lines": [], "summary": {"covered_lines": 0, "num_statements": 7, "percent_covered": 0.0, "percent_covered_display": "0", "missing_lines": 7, "excluded_lines": 0, "percent_statements_covered": 0.0, "percent_statements_covered_display": "0"}, "missing_lines": [7, 9, 11, 14, 123, 163, 195], "excluded_lines": [], "start_line": 1}}, "classes": {"": {"executed_lines": [], "summary": {"covered_lines": 0, "num_statements": 67, "percent_covered": 0.0, "percent_covered_display": "0", "missing_lines": 67, "excluded_lines": 0, "percent_statements_covered": 0.0, "percent_statements_covered_display": "0"}, "missing_lines": [7, 9, 11, 14, 43, 44, 47, 48, 51, 54, 56, 57, 59, 60, 63, 65, 66, 74, 77, 78, 79, 88, 90, 100, 101, 102, 104, 107, 110, 111, 120, 123, 136, 137, 138, 140, 142, 144, 145, 146, 148, 150, 153, 154, 157, 158, 160, 163, 174, 175, 176, 178, 179, 181, 183, 184, 185, 188, 189, 190, 192, 195, 205, 206, 207, 209, 210], "excluded_lines": [], "start_line": 1}}}, "src/fleet_memory/relay/handler.py": {"executed_lines": [], "summary": {"covered_lines": 0, "num_statements": 24, "percent_covered": 0.0, "percent_covered_display": "0", "missing_lines": 24, "excluded_lines": 2, "percent_statements_covered": 0.0, "percent_statements_covered_display": "0"}, "missing_lines": [17, 19, 20, 22, 24, 25, 31, 33, 37, 40, 41, 61, 63, 66, 68, 70, 78, 91, 93, 95, 100, 102, 105, 111], "excluded_lines": [27, 28], "functions": {"handle_memory_episode": {"executed_lines": [], "summary": {"covered_lines": 0, "num_statements": 13, "percent_covered": 0.0, "percent_covered_display": "0", "missing_lines": 13, "excluded_lines": 0, "percent_statements_covered": 0.0, "percent_statements_covered_display": "0"}, "missing_lines": [61, 63, 66, 68, 70, 78, 91, 93, 95, 100, 102, 105, 111], "excluded_lines": [], "start_line": 41}, "": {"executed_lines": [], "summary": {"covered_lines": 0, "num_statements": 11, "percent_covered": 0.0, "percent_covered_display": "0", "missing_lines": 11, "excluded_lines": 2, "percent_statements_covered": 0.0, "percent_statements_covered_display": "0"}, "missing_lines": [17, 19, 20, 22, 24, 25, 31, 33, 37, 40, 41], "excluded_lines": [27, 28], "start_line": 1}}, "classes": {"": {"executed_lines": [], "summary": {"covered_lines": 0, "num_statements": 24, "percent_covered": 0.0, "percent_covered_display": "0", "missing_lines": 24, "excluded_lines": 2, "percent_statements_covered": 0.0, "percent_statements_covered_display": "0"}, "missing_lines": [17, 19, 20, 22, 24, 25, 31, 33, 37, 40, 41, 61, 63, 66, 68, 70, 78, 91, 93, 95, 100, 102, 105, 111], "excluded_lines": [27, 28], "start_line": 1}}}, "src/fleet_memory/relay/schema.py": {"executed_lines": [], "summary": {"covered_lines": 0, "num_statements": 21, "percent_covered": 0.0, "percent_covered_display": "0", "missing_lines": 21, "excluded_lines": 0, "percent_statements_covered": 0.0, "percent_statements_covered_display": "0"}, "missing_lines": [7, 9, 11, 14, 21, 22, 23, 26, 34, 36, 37, 38, 39, 40, 41, 44, 51, 53, 54, 55, 56], "excluded_lines": [], "functions": {"": {"executed_lines": [], "summary": {"covered_lines": 0, "num_statements": 21, "percent_covered": 0.0, "percent_covered_display": "0", "missing_lines": 21, "excluded_lines": 0, "percent_statements_covered": 0.0, "percent_statements_covered_display": "0"}, "missing_lines": [7, 9, 11, 14, 21, 22, 23, 26, 34, 36, 37, 38, 39, 40, 41, 44, 51, 53, 54, 55, 56], "excluded_lines": [], "start_line": 1}}, "classes": {"ContentFormat": {"executed_lines": [], "summary": {"covered_lines": 0, "num_statements": 0, "percent_covered": 100.0, "percent_covered_display": "100", "missing_lines": 0, "excluded_lines": 0, "percent_statements_covered": 100.0, "percent_statements_covered_display": "100"}, "missing_lines": [], "excluded_lines": [], "start_line": 14}, "MemoryEpisodeV1": {"executed_lines": [], "summary": {"covered_lines": 0, "num_statements": 0, "percent_covered": 100.0, "percent_covered_display": "100", "missing_lines": 0, "excluded_lines": 0, "percent_statements_covered": 100.0, "percent_statements_covered_display": "100"}, "missing_lines": [], "excluded_lines": [], "start_line": 26}, "Chunk": {"executed_lines": [], "summary": {"covered_lines": 0, "num_statements": 0, "percent_covered": 100.0, "percent_covered_display": "100", "missing_lines": 0, "excluded_lines": 0, "percent_statements_covered": 100.0, "percent_statements_covered_display": "100"}, "missing_lines": [], "excluded_lines": [], "start_line": 44}, "": {"executed_lines": [], "summary": {"covered_lines": 0, "num_statements": 21, "percent_covered": 0.0, "percent_covered_display": "0", "missing_lines": 21, "excluded_lines": 0, "percent_statements_covered": 0.0, "percent_statements_covered_display": "0"}, "missing_lines": [7, 9, 11, 14, 21, 22, 23, 26, 34, 36, 37, 38, 39, 40, 41, 44, 51, 53, 54, 55, 56], "excluded_lines": [], "start_line": 1}}}, "src/fleet_memory/relay/service.py": {"executed_lines": [], "summary": {"covered_lines": 0, "num_statements": 51, "percent_covered": 0.0, "percent_covered_display": "0", "missing_lines": 51, "excluded_lines": 5, "percent_statements_covered": 0.0, "percent_statements_covered_display": "0"}, "missing_lines": [11, 13, 14, 16, 18, 27, 28, 29, 38, 57, 70, 71, 72, 74, 93, 95, 96, 97, 98, 101, 107, 109, 110, 112, 116, 118, 122, 124, 128, 130, 134, 136, 142, 144, 147, 149, 155, 156, 160, 180, 181, 187, 188, 189, 190, 196, 200, 204, 206, 219, 229], "excluded_lines": [31, 32, 33, 34, 35], "functions": {"RelayService.__init__": {"executed_lines": [], "summary": {"covered_lines": 0, "num_statements": 3, "percent_covered": 0.0, "percent_covered_display": "0", "missing_lines": 3, "excluded_lines": 0, "percent_statements_covered": 0.0, "percent_statements_covered_display": "0"}, "missing_lines": [70, 71, 72], "excluded_lines": [], "start_line": 57}, "RelayService.ingest": {"executed_lines": [], "summary": {"covered_lines": 0, "num_statements": 24, "percent_covered": 0.0, "percent_covered_display": "0", "missing_lines": 24, "excluded_lines": 0, "percent_statements_covered": 0.0, "percent_statements_covered_display": "0"}, "missing_lines": [93, 95, 96, 97, 98, 101, 107, 109, 110, 112, 116, 118, 122, 124, 128, 130, 134, 136, 142, 144, 147, 149, 155, 156], "excluded_lines": [], "start_line": 74}, "RelayService._ingest_json": {"executed_lines": [], "summary": {"covered_lines": 0, "num_statements": 9, "percent_covered": 0.0, "percent_covered_display": "0", "missing_lines": 9, "excluded_lines": 0, "percent_statements_covered": 0.0, "percent_statements_covered_display": "0"}, "missing_lines": [180, 181, 187, 188, 189, 190, 196, 200, 204], "excluded_lines": [], "start_line": 160}, "RelayService._ingest_prose": {"executed_lines": [], "summary": {"covered_lines": 0, "num_statements": 2, "percent_covered": 0.0, "percent_covered_display": "0", "missing_lines": 2, "excluded_lines": 0, "percent_statements_covered": 0.0, "percent_statements_covered_display": "0"}, "missing_lines": [219, 229], "excluded_lines": [], "start_line": 206}, "": {"executed_lines": [], "summary": {"covered_lines": 0, "num_statements": 13, "percent_covered": 0.0, "percent_covered_display": "0", "missing_lines": 13, "excluded_lines": 5, "percent_statements_covered": 0.0, "percent_statements_covered_display": "0"}, "missing_lines": [11, 13, 14, 16, 18, 27, 28, 29, 38, 57, 74, 160, 206], "excluded_lines": [31, 32, 33, 34, 35], "start_line": 1}}, "classes": {"RelayService": {"executed_lines": [], "summary": {"covered_lines": 0, "num_statements": 38, "percent_covered": 0.0, "percent_covered_display": "0", "missing_lines": 38, "excluded_lines": 0, "percent_statements_covered": 0.0, "percent_statements_covered_display": "0"}, "missing_lines": [70, 71, 72, 93, 95, 96, 97, 98, 101, 107, 109, 110, 112, 116, 118, 122, 124, 128, 130, 134, 136, 142, 144, 147, 149, 155, 156, 180, 181, 187, 188, 189, 190, 196, 200, 204, 219, 229], "excluded_lines": [], "start_line": 38}, "": {"executed_lines": [], "summary": {"covered_lines": 0, "num_statements": 13, "percent_covered": 0.0, "percent_covered_display": "0", "missing_lines": 13, "excluded_lines": 5, "percent_statements_covered": 0.0, "percent_statements_covered_display": "0"}, "missing_lines": [11, 13, 14, 16, 18, 27, 28, 29, 38, 57, 74, 160, 206], "excluded_lines": [31, 32, 33, 34, 35], "start_line": 1}}}, "src/fleet_memory/retrieval/__init__.py": {"executed_lines": [7, 9, 10, 11, 13], "summary": {"covered_lines": 5, "num_statements": 5, "percent_covered": 100.0, "percent_covered_display": "100", "missing_lines": 0, "excluded_lines": 0, "percent_statements_covered": 100.0, "percent_statements_covered_display": "100"}, "missing_lines": [], "excluded_lines": [], "functions": {"": {"executed_lines": [7, 9, 10, 11, 13], "summary": {"covered_lines": 5, "num_statements": 5, "percent_covered": 100.0, "percent_covered_display": "100", "missing_lines": 0, "excluded_lines": 0, "percent_statements_covered": 100.0, "percent_statements_covered_display": "100"}, "missing_lines": [], "excluded_lines": [], "start_line": 1}}, "classes": {"": {"executed_lines": [7, 9, 10, 11, 13], "summary": {"covered_lines": 5, "num_statements": 5, "percent_covered": 100.0, "percent_covered_display": "100", "missing_lines": 0, "excluded_lines": 0, "percent_statements_covered": 100.0, "percent_statements_covered_display": "100"}, "missing_lines": [], "excluded_lines": [], "start_line": 1}}}, "src/fleet_memory/retrieval/assembly.py": {"executed_lines": [11, 13, 15, 16, 19, 22, 23, 33, 34, 35, 36, 39, 48, 49, 50, 54, 64, 67, 96, 97, 105, 114, 117, 118, 120, 121, 122, 127, 128, 130, 133, 136, 138, 139, 144, 147, 150, 151, 156, 157, 158, 159, 160, 161, 163], "summary": {"covered_lines": 45, "num_statements": 49, "percent_covered": 91.83673469387755, "percent_covered_display": "92", "missing_lines": 4, "excluded_lines": 0, "percent_statements_covered": 91.83673469387755, "percent_statements_covered_display": "92"}, "missing_lines": [51, 106, 123, 153], "excluded_lines": [], "functions": {"_extract_payload_type": {"executed_lines": [48, 49, 50], "summary": {"covered_lines": 3, "num_statements": 4, "percent_covered": 75.0, "percent_covered_display": "75", "missing_lines": 1, "excluded_lines": 0, "percent_statements_covered": 75.0, "percent_statements_covered_display": "75"}, "missing_lines": [51], "excluded_lines": [], "start_line": 39}, "_measure_tokens": {"executed_lines": [64], "summary": {"covered_lines": 1, "num_statements": 1, "percent_covered": 100.0, "percent_covered_display": "100", "missing_lines": 0, "excluded_lines": 0, "percent_statements_covered": 100.0, "percent_statements_covered_display": "100"}, "missing_lines": [], "excluded_lines": [], "start_line": 54}, "assemble_context": {"executed_lines": [96, 97, 105, 114, 117, 118, 120, 121, 122, 127, 128, 130, 133, 136, 138, 139, 144, 147, 150, 151, 156, 157, 158, 159, 160, 161, 163], "summary": {"covered_lines": 27, "num_statements": 30, "percent_covered": 90.0, "percent_covered_display": "90", "missing_lines": 3, "excluded_lines": 0, "percent_statements_covered": 90.0, "percent_statements_covered_display": "90"}, "missing_lines": [106, 123, 153], "excluded_lines": [], "start_line": 67}, "": {"executed_lines": [11, 13, 15, 16, 19, 22, 23, 33, 34, 35, 36, 39, 54, 67], "summary": {"covered_lines": 14, "num_statements": 14, "percent_covered": 100.0, "percent_covered_display": "100", "missing_lines": 0, "excluded_lines": 0, "percent_statements_covered": 100.0, "percent_statements_covered_display": "100"}, "missing_lines": [], "excluded_lines": [], "start_line": 1}}, "classes": {"AssemblyResult": {"executed_lines": [], "summary": {"covered_lines": 0, "num_statements": 0, "percent_covered": 100.0, "percent_covered_display": "100", "missing_lines": 0, "excluded_lines": 0, "percent_statements_covered": 100.0, "percent_statements_covered_display": "100"}, "missing_lines": [], "excluded_lines": [], "start_line": 23}, "": {"executed_lines": [11, 13, 15, 16, 19, 22, 23, 33, 34, 35, 36, 39, 48, 49, 50, 54, 64, 67, 96, 97, 105, 114, 117, 118, 120, 121, 122, 127, 128, 130, 133, 136, 138, 139, 144, 147, 150, 151, 156, 157, 158, 159, 160, 161, 163], "summary": {"covered_lines": 45, "num_statements": 49, "percent_covered": 91.83673469387755, "percent_covered_display": "92", "missing_lines": 4, "excluded_lines": 0, "percent_statements_covered": 91.83673469387755, "percent_statements_covered_display": "92"}, "missing_lines": [51, 106, 123, 153], "excluded_lines": [], "start_line": 1}}}, "src/fleet_memory/retrieval/composition.py": {"executed_lines": [], "summary": {"covered_lines": 0, "num_statements": 74, "percent_covered": 0.0, "percent_covered_display": "0", "missing_lines": 74, "excluded_lines": 0, "percent_statements_covered": 0.0, "percent_statements_covered_display": "0"}, "missing_lines": [15, 17, 19, 22, 28, 29, 30, 36, 52, 61, 62, 63, 64, 67, 76, 77, 78, 81, 97, 98, 101, 102, 106, 107, 109, 111, 112, 113, 114, 115, 116, 120, 121, 124, 125, 128, 129, 131, 132, 135, 136, 137, 140, 141, 144, 145, 147, 149, 150, 153, 154, 155, 156, 157, 158, 160, 161, 162, 164, 165, 166, 167, 168, 170, 171, 172, 174, 177, 208, 209, 212, 213, 216, 219], "excluded_lines": [], "functions": {"_extract_payload_type": {"executed_lines": [], "summary": {"covered_lines": 0, "num_statements": 4, "percent_covered": 0.0, "percent_covered_display": "0", "missing_lines": 4, "excluded_lines": 0, "percent_statements_covered": 0.0, "percent_statements_covered_display": "0"}, "missing_lines": [61, 62, 63, 64], "excluded_lines": [], "start_line": 52}, "_is_pattern_or_warning": {"executed_lines": [], "summary": {"covered_lines": 0, "num_statements": 3, "percent_covered": 0.0, "percent_covered_display": "0", "missing_lines": 3, "excluded_lines": 0, "percent_statements_covered": 0.0, "percent_statements_covered_display": "0"}, "missing_lines": [76, 77, 78], "excluded_lines": [], "start_line": 67}, "_apply_weighted_composition": {"executed_lines": [], "summary": {"covered_lines": 0, "num_statements": 49, "percent_covered": 0.0, "percent_covered_display": "0", "missing_lines": 49, "excluded_lines": 0, "percent_statements_covered": 0.0, "percent_statements_covered_display": "0"}, "missing_lines": [97, 98, 101, 102, 106, 107, 109, 111, 112, 113, 114, 115, 116, 120, 121, 124, 125, 128, 129, 131, 132, 135, 136, 137, 140, 141, 144, 145, 147, 149, 150, 153, 154, 155, 156, 157, 158, 160, 161, 162, 164, 165, 166, 167, 168, 170, 171, 172, 174], "excluded_lines": [], "start_line": 81}, "compose_by_complexity": {"executed_lines": [], "summary": {"covered_lines": 0, "num_statements": 6, "percent_covered": 0.0, "percent_covered_display": "0", "missing_lines": 6, "excluded_lines": 0, "percent_statements_covered": 0.0, "percent_statements_covered_display": "0"}, "missing_lines": [208, 209, 212, 213, 216, 219], "excluded_lines": [], "start_line": 177}, "": {"executed_lines": [], "summary": {"covered_lines": 0, "num_statements": 12, "percent_covered": 0.0, "percent_covered_display": "0", "missing_lines": 12, "excluded_lines": 0, "percent_statements_covered": 0.0, "percent_statements_covered_display": "0"}, "missing_lines": [15, 17, 19, 22, 28, 29, 30, 36, 52, 67, 81, 177], "excluded_lines": [], "start_line": 1}}, "classes": {"ComplexityBand": {"executed_lines": [], "summary": {"covered_lines": 0, "num_statements": 0, "percent_covered": 100.0, "percent_covered_display": "100", "missing_lines": 0, "excluded_lines": 0, "percent_statements_covered": 100.0, "percent_statements_covered_display": "100"}, "missing_lines": [], "excluded_lines": [], "start_line": 22}, "": {"executed_lines": [], "summary": {"covered_lines": 0, "num_statements": 74, "percent_covered": 0.0, "percent_covered_display": "0", "missing_lines": 74, "excluded_lines": 0, "percent_statements_covered": 0.0, "percent_statements_covered_display": "0"}, "missing_lines": [15, 17, 19, 22, 28, 29, 30, 36, 52, 61, 62, 63, 64, 67, 76, 77, 78, 81, 97, 98, 101, 102, 106, 107, 109, 111, 112, 113, 114, 115, 116, 120, 121, 124, 125, 128, 129, 131, 132, 135, 136, 137, 140, 141, 144, 145, 147, 149, 150, 153, 154, 155, 156, 157, 158, 160, 161, 162, 164, 165, 166, 167, 168, 170, 171, 172, 174, 177, 208, 209, 212, 213, 216, 219], "excluded_lines": [], "start_line": 1}}}, "src/fleet_memory/retrieval/core.py": {"executed_lines": [15, 17, 19, 27, 30, 39, 40, 41, 45, 55, 57, 59, 60, 62, 65, 75, 77, 79, 81, 84, 93, 96, 108, 109, 110, 113, 148, 154, 160, 163, 170, 177, 178, 184, 185, 186, 187, 188, 189, 192, 194], "summary": {"covered_lines": 41, "num_statements": 42, "percent_covered": 97.61904761904762, "percent_covered_display": "98", "missing_lines": 1, "excluded_lines": 3, "percent_statements_covered": 97.61904761904762, "percent_statements_covered_display": "98"}, "missing_lines": [42], "excluded_lines": [21, 22, 24], "functions": {"_extract_payload_type": {"executed_lines": [39, 40, 41], "summary": {"covered_lines": 3, "num_statements": 4, "percent_covered": 75.0, "percent_covered_display": "75", "missing_lines": 1, "excluded_lines": 0, "percent_statements_covered": 75.0, "percent_statements_covered_display": "75"}, "missing_lines": [42], "excluded_lines": [], "start_line": 30}, "_matches_payload_types": {"executed_lines": [55, 57, 59, 60, 62], "summary": {"covered_lines": 5, "num_statements": 5, "percent_covered": 100.0, "percent_covered_display": "100", "missing_lines": 0, "excluded_lines": 0, "percent_statements_covered": 100.0, "percent_statements_covered_display": "100"}, "missing_lines": [], "excluded_lines": [], "start_line": 45}, "_matches_domain_tags": {"executed_lines": [75, 77, 79, 81], "summary": {"covered_lines": 4, "num_statements": 4, "percent_covered": 100.0, "percent_covered_display": "100", "missing_lines": 0, "excluded_lines": 0, "percent_statements_covered": 100.0, "percent_statements_covered_display": "100"}, "missing_lines": [], "excluded_lines": [], "start_line": 65}, "_is_superseded": {"executed_lines": [93], "summary": {"covered_lines": 1, "num_statements": 1, "percent_covered": 100.0, "percent_covered_display": "100", "missing_lines": 0, "excluded_lines": 0, "percent_statements_covered": 100.0, "percent_statements_covered_display": "100"}, "missing_lines": [], "excluded_lines": [], "start_line": 84}, "_sort_key": {"executed_lines": [108, 109, 110], "summary": {"covered_lines": 3, "num_statements": 3, "percent_covered": 100.0, "percent_covered_display": "100", "missing_lines": 0, "excluded_lines": 0, "percent_statements_covered": 100.0, "percent_statements_covered_display": "100"}, "missing_lines": [], "excluded_lines": [], "start_line": 96}, "search": {"executed_lines": [148, 154, 160, 163, 170, 177, 178, 184, 185, 186, 187, 188, 189, 192, 194], "summary": {"covered_lines": 15, "num_statements": 15, "percent_covered": 100.0, "percent_covered_display": "100", "missing_lines": 0, "excluded_lines": 0, "percent_statements_covered": 100.0, "percent_statements_covered_display": "100"}, "missing_lines": [], "excluded_lines": [], "start_line": 113}, "": {"executed_lines": [15, 17, 19, 27, 30, 45, 65, 84, 96, 113], "summary": {"covered_lines": 10, "num_statements": 10, "percent_covered": 100.0, "percent_covered_display": "100", "missing_lines": 0, "excluded_lines": 3, "percent_statements_covered": 100.0, "percent_statements_covered_display": "100"}, "missing_lines": [], "excluded_lines": [21, 22, 24], "start_line": 1}}, "classes": {"": {"executed_lines": [15, 17, 19, 27, 30, 39, 40, 41, 45, 55, 57, 59, 60, 62, 65, 75, 77, 79, 81, 84, 93, 96, 108, 109, 110, 113, 148, 154, 160, 163, 170, 177, 178, 184, 185, 186, 187, 188, 189, 192, 194], "summary": {"covered_lines": 41, "num_statements": 42, "percent_covered": 97.61904761904762, "percent_covered_display": "98", "missing_lines": 1, "excluded_lines": 3, "percent_statements_covered": 97.61904761904762, "percent_statements_covered_display": "98"}, "missing_lines": [42], "excluded_lines": [21, 22, 24], "start_line": 1}}}, "src/fleet_memory/retrieval/probe_harness.py": {"executed_lines": [13, 15, 16, 17, 19, 22, 27, 30, 31, 43, 44, 45, 46, 47, 48, 51, 52, 63, 64, 65, 66, 67, 70], "summary": {"covered_lines": 23, "num_statements": 38, "percent_covered": 60.526315789473685, "percent_covered_display": "61", "missing_lines": 15, "excluded_lines": 0, "percent_statements_covered": 60.526315789473685, "percent_statements_covered_display": "61"}, "missing_lines": [101, 102, 103, 106, 108, 117, 120, 123, 124, 127, 128, 129, 132, 135, 137], "excluded_lines": [], "functions": {"run_probe_harness": {"executed_lines": [], "summary": {"covered_lines": 0, "num_statements": 15, "percent_covered": 0.0, "percent_covered_display": "0", "missing_lines": 15, "excluded_lines": 0, "percent_statements_covered": 0.0, "percent_statements_covered_display": "0"}, "missing_lines": [101, 102, 103, 106, 108, 117, 120, 123, 124, 127, 128, 129, 132, 135, 137], "excluded_lines": [], "start_line": 70}, "": {"executed_lines": [13, 15, 16, 17, 19, 22, 27, 30, 31, 43, 44, 45, 46, 47, 48, 51, 52, 63, 64, 65, 66, 67, 70], "summary": {"covered_lines": 23, "num_statements": 23, "percent_covered": 100.0, "percent_covered_display": "100", "missing_lines": 0, "excluded_lines": 0, "percent_statements_covered": 100.0, "percent_statements_covered_display": "100"}, "missing_lines": [], "excluded_lines": [], "start_line": 1}}, "classes": {"ProbeQuery": {"executed_lines": [], "summary": {"covered_lines": 0, "num_statements": 0, "percent_covered": 100.0, "percent_covered_display": "100", "missing_lines": 0, "excluded_lines": 0, "percent_statements_covered": 100.0, "percent_statements_covered_display": "100"}, "missing_lines": [], "excluded_lines": [], "start_line": 31}, "ParityReport": {"executed_lines": [], "summary": {"covered_lines": 0, "num_statements": 0, "percent_covered": 100.0, "percent_covered_display": "100", "missing_lines": 0, "excluded_lines": 0, "percent_statements_covered": 100.0, "percent_statements_covered_display": "100"}, "missing_lines": [], "excluded_lines": [], "start_line": 52}, "": {"executed_lines": [13, 15, 16, 17, 19, 22, 27, 30, 31, 43, 44, 45, 46, 47, 48, 51, 52, 63, 64, 65, 66, 67, 70], "summary": {"covered_lines": 23, "num_statements": 38, "percent_covered": 60.526315789473685, "percent_covered_display": "61", "missing_lines": 15, "excluded_lines": 0, "percent_statements_covered": 60.526315789473685, "percent_statements_covered_display": "61"}, "missing_lines": [101, 102, 103, 106, 108, 117, 120, 123, 124, 127, 128, 129, 132, 135, 137], "excluded_lines": [], "start_line": 1}}}, "src/fleet_memory/retrieval/search_request.py": {"executed_lines": [11, 13, 15, 17, 20, 23, 26, 35, 36, 37, 38, 39, 40, 42, 43, 44, 56, 57, 61, 63, 64, 65, 80, 81, 82, 83, 87, 89, 90, 91, 106, 107, 108, 109, 114, 116, 117, 118, 132, 133, 136, 138, 139, 151, 152, 154, 155, 159], "summary": {"covered_lines": 48, "num_statements": 48, "percent_covered": 100.0, "percent_covered_display": "100", "missing_lines": 0, "excluded_lines": 0, "percent_statements_covered": 100.0, "percent_statements_covered_display": "100"}, "missing_lines": [], "excluded_lines": [], "functions": {"SearchRequest.validate_project_identifier": {"executed_lines": [56, 57, 61], "summary": {"covered_lines": 3, "num_statements": 3, "percent_covered": 100.0, "percent_covered_display": "100", "missing_lines": 0, "excluded_lines": 0, "percent_statements_covered": 100.0, "percent_statements_covered_display": "100"}, "missing_lines": [], "excluded_lines": [], "start_line": 44}, "SearchRequest.validate_payload_types": {"executed_lines": [80, 81, 82, 83, 87], "summary": {"covered_lines": 5, "num_statements": 5, "percent_covered": 100.0, "percent_covered_display": "100", "missing_lines": 0, "excluded_lines": 0, "percent_statements_covered": 100.0, "percent_statements_covered_display": "100"}, "missing_lines": [], "excluded_lines": [], "start_line": 65}, "SearchRequest.validate_domain_tags": {"executed_lines": [106, 107, 108, 109, 114], "summary": {"covered_lines": 5, "num_statements": 5, "percent_covered": 100.0, "percent_covered_display": "100", "missing_lines": 0, "excluded_lines": 0, "percent_statements_covered": 100.0, "percent_statements_covered_display": "100"}, "missing_lines": [], "excluded_lines": [], "start_line": 91}, "SearchRequest.validate_token_budget": {"executed_lines": [132, 133, 136], "summary": {"covered_lines": 3, "num_statements": 3, "percent_covered": 100.0, "percent_covered_display": "100", "missing_lines": 0, "excluded_lines": 0, "percent_statements_covered": 100.0, "percent_statements_covered_display": "100"}, "missing_lines": [], "excluded_lines": [], "start_line": 118}, "SearchRequest.validate_query_or_filter_required": {"executed_lines": [151, 152, 154, 155, 159], "summary": {"covered_lines": 5, "num_statements": 5, "percent_covered": 100.0, "percent_covered_display": "100", "missing_lines": 0, "excluded_lines": 0, "percent_statements_covered": 100.0, "percent_statements_covered_display": "100"}, "missing_lines": [], "excluded_lines": [], "start_line": 139}, "": {"executed_lines": [11, 13, 15, 17, 20, 23, 26, 35, 36, 37, 38, 39, 40, 42, 43, 44, 63, 64, 65, 89, 90, 91, 116, 117, 118, 138, 139], "summary": {"covered_lines": 27, "num_statements": 27, "percent_covered": 100.0, "percent_covered_display": "100", "missing_lines": 0, "excluded_lines": 0, "percent_statements_covered": 100.0, "percent_statements_covered_display": "100"}, "missing_lines": [], "excluded_lines": [], "start_line": 1}}, "classes": {"SearchRequest": {"executed_lines": [56, 57, 61, 80, 81, 82, 83, 87, 106, 107, 108, 109, 114, 132, 133, 136, 151, 152, 154, 155, 159], "summary": {"covered_lines": 21, "num_statements": 21, "percent_covered": 100.0, "percent_covered_display": "100", "missing_lines": 0, "excluded_lines": 0, "percent_statements_covered": 100.0, "percent_statements_covered_display": "100"}, "missing_lines": [], "excluded_lines": [], "start_line": 26}, "": {"executed_lines": [11, 13, 15, 17, 20, 23, 26, 35, 36, 37, 38, 39, 40, 42, 43, 44, 63, 64, 65, 89, 90, 91, 116, 117, 118, 138, 139], "summary": {"covered_lines": 27, "num_statements": 27, "percent_covered": 100.0, "percent_covered_display": "100", "missing_lines": 0, "excluded_lines": 0, "percent_statements_covered": 100.0, "percent_statements_covered_display": "100"}, "missing_lines": [], "excluded_lines": [], "start_line": 1}}}, "src/fleet_memory/settings.py": {"executed_lines": [], "summary": {"covered_lines": 0, "num_statements": 23, "percent_covered": 0.0, "percent_covered_display": "0", "missing_lines": 23, "excluded_lines": 0, "percent_statements_covered": 0.0, "percent_statements_covered_display": "0"}, "missing_lines": [3, 4, 7, 14, 22, 23, 26, 30, 34, 40, 44, 48, 54, 60, 64, 70, 74, 79, 80, 81, 83, 84, 85], "excluded_lines": [], "functions": {"Settings.validate_not_empty": {"executed_lines": [], "summary": {"covered_lines": 0, "num_statements": 3, "percent_covered": 0.0, "percent_covered_display": "0", "missing_lines": 3, "excluded_lines": 0, "percent_statements_covered": 0.0, "percent_statements_covered_display": "0"}, "missing_lines": [83, 84, 85], "excluded_lines": [], "start_line": 81}, "": {"executed_lines": [], "summary": {"covered_lines": 0, "num_statements": 20, "percent_covered": 0.0, "percent_covered_display": "0", "missing_lines": 20, "excluded_lines": 0, "percent_statements_covered": 0.0, "percent_statements_covered_display": "0"}, "missing_lines": [3, 4, 7, 14, 22, 23, 26, 30, 34, 40, 44, 48, 54, 60, 64, 70, 74, 79, 80, 81], "excluded_lines": [], "start_line": 1}}, "classes": {"Settings": {"executed_lines": [], "summary": {"covered_lines": 0, "num_statements": 3, "percent_covered": 0.0, "percent_covered_display": "0", "missing_lines": 3, "excluded_lines": 0, "percent_statements_covered": 0.0, "percent_statements_covered_display": "0"}, "missing_lines": [83, 84, 85], "excluded_lines": [], "start_line": 7}, "": {"executed_lines": [], "summary": {"covered_lines": 0, "num_statements": 20, "percent_covered": 0.0, "percent_covered_display": "0", "missing_lines": 20, "excluded_lines": 0, "percent_statements_covered": 0.0, "percent_statements_covered_display": "0"}, "missing_lines": [3, 4, 7, 14, 22, 23, 26, 30, 34, 40, 44, 48, 54, 60, 64, 70, 74, 79, 80, 81], "excluded_lines": [], "start_line": 1}}}, "src/fleet_memory/store.py": {"executed_lines": [7, 9, 10, 11, 12, 13, 14, 16, 18, 19, 26, 32, 35, 52, 74, 75], "summary": {"covered_lines": 16, "num_statements": 47, "percent_covered": 34.04255319148936, "percent_covered_display": "34", "missing_lines": 31, "excluded_lines": 2, "percent_statements_covered": 34.04255319148936, "percent_statements_covered_display": "34"}, "missing_lines": [41, 42, 43, 44, 45, 46, 47, 48, 49, 65, 66, 67, 68, 70, 71, 108, 110, 111, 113, 115, 120, 134, 145, 146, 147, 148, 149, 157, 158, 161, 167], "excluded_lines": [21, 22], "functions": {"_dsn_target": {"executed_lines": [], "summary": {"covered_lines": 0, "num_statements": 9, "percent_covered": 0.0, "percent_covered_display": "0", "missing_lines": 9, "excluded_lines": 0, "percent_statements_covered": 0.0, "percent_statements_covered_display": "0"}, "missing_lines": [41, 42, 43, 44, 45, 46, 47, 48, 49], "excluded_lines": [], "start_line": 35}, "validate_namespace": {"executed_lines": [], "summary": {"covered_lines": 0, "num_statements": 6, "percent_covered": 0.0, "percent_covered_display": "0", "missing_lines": 6, "excluded_lines": 0, "percent_statements_covered": 0.0, "percent_statements_covered_display": "0"}, "missing_lines": [65, 66, 67, 68, 70, 71], "excluded_lines": [], "start_line": 52}, "async_store_context": {"executed_lines": [], "summary": {"covered_lines": 0, "num_statements": 15, "percent_covered": 0.0, "percent_covered_display": "0", "missing_lines": 15, "excluded_lines": 0, "percent_statements_covered": 0.0, "percent_statements_covered_display": "0"}, "missing_lines": [108, 110, 113, 115, 120, 134, 145, 146, 147, 148, 149, 157, 158, 161, 167], "excluded_lines": [], "start_line": 75}, "async_store_context.real_embed": {"executed_lines": [], "summary": {"covered_lines": 0, "num_statements": 1, "percent_covered": 0.0, "percent_covered_display": "0", "missing_lines": 1, "excluded_lines": 0, "percent_statements_covered": 0.0, "percent_statements_covered_display": "0"}, "missing_lines": [111], "excluded_lines": [], "start_line": 110}, "": {"executed_lines": [7, 9, 10, 11, 12, 13, 14, 16, 18, 19, 26, 32, 35, 52, 74, 75], "summary": {"covered_lines": 16, "num_statements": 16, "percent_covered": 100.0, "percent_covered_display": "100", "missing_lines": 0, "excluded_lines": 2, "percent_statements_covered": 100.0, "percent_statements_covered_display": "100"}, "missing_lines": [], "excluded_lines": [21, 22], "start_line": 1}}, "classes": {"": {"executed_lines": [7, 9, 10, 11, 12, 13, 14, 16, 18, 19, 26, 32, 35, 52, 74, 75], "summary": {"covered_lines": 16, "num_statements": 47, "percent_covered": 34.04255319148936, "percent_covered_display": "34", "missing_lines": 31, "excluded_lines": 2, "percent_statements_covered": 34.04255319148936, "percent_statements_covered_display": "34"}, "missing_lines": [41, 42, 43, 44, 45, 46, 47, 48, 49, 65, 66, 67, 68, 70, 71, 108, 110, 111, 113, 115, 120, 134, 145, 146, 147, 148, 149, 157, 158, 161, 167], "excluded_lines": [21, 22], "start_line": 1}}}, "src/fleet_memory/writer/__init__.py": {"executed_lines": [9, 10, 12], "summary": {"covered_lines": 3, "num_statements": 3, "percent_covered": 100.0, "percent_covered_display": "100", "missing_lines": 0, "excluded_lines": 0, "percent_statements_covered": 100.0, "percent_statements_covered_display": "100"}, "missing_lines": [], "excluded_lines": [], "functions": {"": {"executed_lines": [9, 10, 12], "summary": {"covered_lines": 3, "num_statements": 3, "percent_covered": 100.0, "percent_covered_display": "100", "missing_lines": 0, "excluded_lines": 0, "percent_statements_covered": 100.0, "percent_statements_covered_display": "100"}, "missing_lines": [], "excluded_lines": [], "start_line": 1}}, "classes": {"": {"executed_lines": [9, 10, 12], "summary": {"covered_lines": 3, "num_statements": 3, "percent_covered": 100.0, "percent_covered_display": "100", "missing_lines": 0, "excluded_lines": 0, "percent_statements_covered": 100.0, "percent_statements_covered_display": "100"}, "missing_lines": [], "excluded_lines": [], "start_line": 1}}}, "src/fleet_memory/writer/core.py": {"executed_lines": [12, 14, 15, 17, 18, 19, 20, 21, 32, 43, 53, 122, 148], "summary": {"covered_lines": 13, "num_statements": 54, "percent_covered": 24.074074074074073, "percent_covered_display": "24", "missing_lines": 41, "excluded_lines": 3, "percent_statements_covered": 24.074074074074073, "percent_statements_covered_display": "24"}, "missing_lines": [50, 51, 73, 74, 75, 81, 82, 85, 86, 87, 90, 91, 94, 96, 97, 100, 101, 103, 107, 108, 111, 114, 115, 116, 119, 120, 135, 136, 139, 140, 141, 142, 145, 146, 167, 171, 175, 186, 187, 190, 195], "excluded_lines": [26, 27, 29], "functions": {"DeterministicWriter.__init__": {"executed_lines": [], "summary": {"covered_lines": 0, "num_statements": 2, "percent_covered": 0.0, "percent_covered_display": "0", "missing_lines": 2, "excluded_lines": 0, "percent_statements_covered": 0.0, "percent_statements_covered_display": "0"}, "missing_lines": [50, 51], "excluded_lines": [], "start_line": 43}, "DeterministicWriter.write": {"executed_lines": [], "summary": {"covered_lines": 0, "num_statements": 24, "percent_covered": 0.0, "percent_covered_display": "0", "missing_lines": 24, "excluded_lines": 0, "percent_statements_covered": 0.0, "percent_statements_covered_display": "0"}, "missing_lines": [73, 74, 75, 81, 82, 85, 86, 87, 90, 91, 94, 96, 97, 100, 101, 103, 107, 108, 111, 114, 115, 116, 119, 120], "excluded_lines": [], "start_line": 53}, "DeterministicWriter.write_batch": {"executed_lines": [], "summary": {"covered_lines": 0, "num_statements": 8, "percent_covered": 0.0, "percent_covered_display": "0", "missing_lines": 8, "excluded_lines": 0, "percent_statements_covered": 0.0, "percent_statements_covered_display": "0"}, "missing_lines": [135, 136, 139, 140, 141, 142, 145, 146], "excluded_lines": [], "start_line": 122}, "DeterministicWriter._write_record": {"executed_lines": [], "summary": {"covered_lines": 0, "num_statements": 7, "percent_covered": 0.0, "percent_covered_display": "0", "missing_lines": 7, "excluded_lines": 0, "percent_statements_covered": 0.0, "percent_statements_covered_display": "0"}, "missing_lines": [167, 171, 175, 186, 187, 190, 195], "excluded_lines": [], "start_line": 148}, "": {"executed_lines": [12, 14, 15, 17, 18, 19, 20, 21, 32, 43, 53, 122, 148], "summary": {"covered_lines": 13, "num_statements": 13, "percent_covered": 100.0, "percent_covered_display": "100", "missing_lines": 0, "excluded_lines": 3, "percent_statements_covered": 100.0, "percent_statements_covered_display": "100"}, "missing_lines": [], "excluded_lines": [26, 27, 29], "start_line": 1}}, "classes": {"DeterministicWriter": {"executed_lines": [], "summary": {"covered_lines": 0, "num_statements": 41, "percent_covered": 0.0, "percent_covered_display": "0", "missing_lines": 41, "excluded_lines": 0, "percent_statements_covered": 0.0, "percent_statements_covered_display": "0"}, "missing_lines": [50, 51, 73, 74, 75, 81, 82, 85, 86, 87, 90, 91, 94, 96, 97, 100, 101, 103, 107, 108, 111, 114, 115, 116, 119, 120, 135, 136, 139, 140, 141, 142, 145, 146, 167, 171, 175, 186, 187, 190, 195], "excluded_lines": [], "start_line": 32}, "": {"executed_lines": [12, 14, 15, 17, 18, 19, 20, 21, 32, 43, 53, 122, 148], "summary": {"covered_lines": 13, "num_statements": 13, "percent_covered": 100.0, "percent_covered_display": "100", "missing_lines": 0, "excluded_lines": 3, "percent_statements_covered": 100.0, "percent_statements_covered_display": "100"}, "missing_lines": [], "excluded_lines": [26, 27, 29], "start_line": 1}}}, "src/fleet_memory/writer/identity.py": {"executed_lines": [11, 13, 14, 15, 16, 24, 27, 51], "summary": {"covered_lines": 8, "num_statements": 14, "percent_covered": 57.142857142857146, "percent_covered_display": "57", "missing_lines": 6, "excluded_lines": 2, "percent_statements_covered": 57.142857142857146, "percent_statements_covered_display": "57"}, "missing_lines": [48, 76, 80, 84, 91, 94], "excluded_lines": [18, 19], "functions": {"record_identity": {"executed_lines": [], "summary": {"covered_lines": 0, "num_statements": 1, "percent_covered": 0.0, "percent_covered_display": "0", "missing_lines": 1, "excluded_lines": 0, "percent_statements_covered": 0.0, "percent_statements_covered_display": "0"}, "missing_lines": [48], "excluded_lines": [], "start_line": 27}, "content_hash": {"executed_lines": [], "summary": {"covered_lines": 0, "num_statements": 5, "percent_covered": 0.0, "percent_covered_display": "0", "missing_lines": 5, "excluded_lines": 0, "percent_statements_covered": 0.0, "percent_statements_covered_display": "0"}, "missing_lines": [76, 80, 84, 91, 94], "excluded_lines": [], "start_line": 51}, "": {"executed_lines": [11, 13, 14, 15, 16, 24, 27, 51], "summary": {"covered_lines": 8, "num_statements": 8, "percent_covered": 100.0, "percent_covered_display": "100", "missing_lines": 0, "excluded_lines": 2, "percent_statements_covered": 100.0, "percent_statements_covered_display": "100"}, "missing_lines": [], "excluded_lines": [18, 19], "start_line": 1}}, "classes": {"": {"executed_lines": [11, 13, 14, 15, 16, 24, 27, 51], "summary": {"covered_lines": 8, "num_statements": 14, "percent_covered": 57.142857142857146, "percent_covered_display": "57", "missing_lines": 6, "excluded_lines": 2, "percent_statements_covered": 57.142857142857146, "percent_statements_covered_display": "57"}, "missing_lines": [48, 76, 80, 84, 91, 94], "excluded_lines": [18, 19], "start_line": 1}}}, "src/fleet_memory/writer/supersession.py": {"executed_lines": [17, 19, 21, 27, 83, 129], "summary": {"covered_lines": 6, "num_statements": 37, "percent_covered": 16.216216216216218, "percent_covered_display": "16", "missing_lines": 31, "excluded_lines": 2, "percent_statements_covered": 16.216216216216218, "percent_statements_covered_display": "16"}, "missing_lines": [48, 49, 52, 55, 56, 57, 62, 63, 64, 67, 69, 73, 76, 77, 80, 108, 111, 114, 115, 116, 117, 119, 121, 124, 126, 152, 154, 156, 157, 158, 160], "excluded_lines": [23, 24], "functions": {"apply_supersessions": {"executed_lines": [], "summary": {"covered_lines": 0, "num_statements": 15, "percent_covered": 0.0, "percent_covered_display": "0", "missing_lines": 15, "excluded_lines": 0, "percent_statements_covered": 0.0, "percent_statements_covered_display": "0"}, "missing_lines": [48, 49, 52, 55, 56, 57, 62, 63, 64, 67, 69, 73, 76, 77, 80], "excluded_lines": [], "start_line": 27}, "_apply_forward_supersessions": {"executed_lines": [], "summary": {"covered_lines": 0, "num_statements": 10, "percent_covered": 0.0, "percent_covered_display": "0", "missing_lines": 10, "excluded_lines": 0, "percent_statements_covered": 0.0, "percent_statements_covered_display": "0"}, "missing_lines": [108, 111, 114, 115, 116, 117, 119, 121, 124, 126], "excluded_lines": [], "start_line": 83}, "check_and_apply_forward_supersession": {"executed_lines": [], "summary": {"covered_lines": 0, "num_statements": 6, "percent_covered": 0.0, "percent_covered_display": "0", "missing_lines": 6, "excluded_lines": 0, "percent_statements_covered": 0.0, "percent_statements_covered_display": "0"}, "missing_lines": [152, 154, 156, 157, 158, 160], "excluded_lines": [], "start_line": 129}, "": {"executed_lines": [17, 19, 21, 27, 83, 129], "summary": {"covered_lines": 6, "num_statements": 6, "percent_covered": 100.0, "percent_covered_display": "100", "missing_lines": 0, "excluded_lines": 2, "percent_statements_covered": 100.0, "percent_statements_covered_display": "100"}, "missing_lines": [], "excluded_lines": [23, 24], "start_line": 1}}, "classes": {"": {"executed_lines": [17, 19, 21, 27, 83, 129], "summary": {"covered_lines": 6, "num_statements": 37, "percent_covered": 16.216216216216218, "percent_covered_display": "16", "missing_lines": 31, "excluded_lines": 2, "percent_statements_covered": 16.216216216216218, "percent_statements_covered_display": "16"}, "missing_lines": [48, 49, 52, 55, 56, 57, 62, 63, 64, 67, 69, 73, 76, 77, 80, 108, 111, 114, 115, 116, 117, 119, 121, 124, 126, 152, 154, 156, 157, 158, 160], "excluded_lines": [23, 24], "start_line": 1}}}}, "totals": {"covered_lines": 316, "num_statements": 854, "percent_covered": 37.002341920374704, "percent_covered_display": "37", "missing_lines": 538, "excluded_lines": 26, "percent_statements_covered": 37.002341920374704, "percent_statements_covered_display": "37"}}