============================= test session starts ==============================
platform darwin -- Python 3.14.2, pytest-9.0.3, pluggy-1.6.0 -- /Users/richardwoollcott/Projects/appmilla_github/fleet-memory/.guardkit/worktrees/FEAT-MEM-05/.venv/bin/python
cachedir: .pytest_cache
rootdir: /Users/richardwoollcott/Projects/appmilla_github/fleet-memory/.guardkit/worktrees/FEAT-MEM-05
configfile: pyproject.toml
plugins: cov-7.1.0, timeout-2.4.0, asyncio-1.4.0, langsmith-0.8.15, bdd-8.1.0, anyio-4.13.0
asyncio: mode=Mode.AUTO, debug=False, asyncio_default_fixture_loop_scope=None, asyncio_default_test_loop_scope=function
collecting ... collected 32 items / 5 deselected / 27 selected

tests/unit/test_retrieval_suite.py::TestValidationRejections::test_hyphen_project_rejected PASSED [  3%]
tests/unit/test_retrieval_suite.py::TestValidationRejections::test_unknown_payload_type_rejected PASSED [  7%]
tests/unit/test_retrieval_suite.py::TestValidationRejections::test_malformed_domain_tag_rejected PASSED [ 11%]
tests/unit/test_retrieval_suite.py::TestValidationRejections::test_negative_budget_rejected PASSED [ 14%]
tests/unit/test_retrieval_suite.py::TestValidationRejections::test_empty_request_rejected PASSED [ 18%]
tests/unit/test_retrieval_suite.py::TestFilteringAndRanking::test_payload_type_filter_zero_returns_all_types PASSED [ 22%]
tests/unit/test_retrieval_suite.py::TestFilteringAndRanking::test_payload_type_filter_one_returns_only_that_type PASSED [ 25%]
tests/unit/test_retrieval_suite.py::TestFilteringAndRanking::test_payload_type_filter_three_returns_those_types PASSED [ 29%]
tests/unit/test_retrieval_suite.py::TestFilteringAndRanking::test_domain_tag_filter_returns_only_tagged_memories PASSED [ 33%]
tests/unit/test_retrieval_suite.py::TestFilteringAndRanking::test_cosine_desc_ordering PASSED [ 37%]
tests/unit/test_retrieval_suite.py::TestFilteringAndRanking::test_supersession_exclusion_by_default PASSED [ 40%]
tests/unit/test_retrieval_suite.py::TestFilteringAndRanking::test_include_superseded_marking PASSED [ 44%]
tests/unit/test_retrieval_suite.py::TestBudgetBoundaries::test_exactly_budget_returns_full PASSED [ 48%]
tests/unit/test_retrieval_suite.py::TestBudgetBoundaries::test_over_budget_drops_lowest_ranked PASSED [ 51%]
tests/unit/test_retrieval_suite.py::TestBudgetBoundaries::test_zero_budget_returns_empty PASSED [ 55%]
tests/unit/test_retrieval_suite.py::TestBudgetBoundaries::test_memory_larger_than_budget_omitted_whole PASSED [ 59%]
tests/unit/test_retrieval_suite.py::TestBudgetBoundaries::test_partial_coverage_honesty PASSED [ 62%]
tests/unit/test_retrieval_suite.py::TestSecurityAndInjection::test_query_resembling_filter_is_search_text_only PASSED [ 66%]
tests/unit/test_retrieval_suite.py::TestSecurityAndInjection::test_injection_domain_tag_rejected PASSED [ 70%]
tests/unit/test_retrieval_suite.py::TestConcurrencyAndDeterminism::test_equal_relevance_deterministic_ordering PASSED [ 74%]
tests/unit/test_retrieval_suite.py::TestConcurrencyAndDeterminism::test_supersede_mid_search_resolves_to_one_state PASSED [ 77%]
tests/unit/test_retrieval_suite.py::TestConcurrencyAndDeterminism::test_repeated_concurrent_searches_return_identical_blocks PASSED [ 81%]
tests/unit/test_retrieval_suite.py::TestDegradation::test_embed_unavailable_fails_cleanly_without_credentials PASSED [ 85%]
tests/unit/test_retrieval_suite.py::TestDegradation::test_store_unreachable_fails_cleanly_without_credentials PASSED [ 88%]
tests/unit/test_retrieval_suite.py::TestEndToEndWithFakeEmbed::test_full_retrieval_flow_with_fake_embed PASSED [ 92%]
tests/unit/test_retrieval_suite.py::TestEndToEndWithFakeEmbed::test_fake_embed_deterministic_across_calls PASSED [ 96%]
tests/unit/test_retrieval_suite.py::TestEndToEndWithFakeEmbed::test_fake_embed_different_texts_different_vectors PASSED [100%]

======================= 27 passed, 5 deselected in 0.33s =======================
