{"meta": {"format": 3, "version": "7.13.0", "timestamp": "2026-06-13T15:13:25.720041", "branch_coverage": false, "show_contexts": false}, "files": {"src/fleet_memory/__init__.py": {"executed_lines": [1, 3], "summary": {"covered_lines": 1, "num_statements": 1, "percent_covered": 100.0, "percent_covered_display": "100", "missing_lines": 0, "excluded_lines": 0, "percent_statements_covered": 100.0, "percent_statements_covered_display": "100"}, "missing_lines": [], "excluded_lines": [], "functions": {"": {"executed_lines": [1, 3], "summary": {"covered_lines": 1, "num_statements": 1, "percent_covered": 100.0, "percent_covered_display": "100", "missing_lines": 0, "excluded_lines": 0, "percent_statements_covered": 100.0, "percent_statements_covered_display": "100"}, "missing_lines": [], "excluded_lines": []}}, "classes": {"": {"executed_lines": [1, 3], "summary": {"covered_lines": 1, "num_statements": 1, "percent_covered": 100.0, "percent_covered_display": "100", "missing_lines": 0, "excluded_lines": 0, "percent_statements_covered": 100.0, "percent_statements_covered_display": "100"}, "missing_lines": [], "excluded_lines": []}}}, "src/fleet_memory/app.py": {"executed_lines": [1, 9, 11, 12, 14, 15, 17, 18, 20, 24, 37, 38, 39, 40, 43, 44, 47, 49, 50, 68, 74, 76, 77, 78, 81, 109, 111, 116, 120], "summary": {"covered_lines": 27, "num_statements": 37, "percent_covered": 72.97297297297297, "percent_covered_display": "73", "missing_lines": 10, "excluded_lines": 2, "percent_statements_covered": 72.97297297297297, "percent_statements_covered_display": "73"}, "missing_lines": [69, 70, 82, 85, 93, 94, 95, 99, 101, 104], "excluded_lines": [20, 21], "functions": {"_create_app": {"executed_lines": [37, 38, 39, 40, 43, 44, 47, 49, 50, 109, 111], "summary": {"covered_lines": 11, "num_statements": 11, "percent_covered": 100.0, "percent_covered_display": "100", "missing_lines": 0, "excluded_lines": 0, "percent_statements_covered": 100.0, "percent_statements_covered_display": "100"}, "missing_lines": [], "excluded_lines": []}, "_create_app.lifespan": {"executed_lines": [68, 74, 76, 77, 78, 81], "summary": {"covered_lines": 6, "num_statements": 16, "percent_covered": 37.5, "percent_covered_display": "38", "missing_lines": 10, "excluded_lines": 0, "percent_statements_covered": 37.5, "percent_statements_covered_display": "38"}, "missing_lines": [69, 70, 82, 85, 93, 94, 95, 99, 101, 104], "excluded_lines": []}, "": {"executed_lines": [1, 9, 11, 12, 14, 15, 17, 18, 20, 24, 116, 120], "summary": {"covered_lines": 10, "num_statements": 10, "percent_covered": 100.0, "percent_covered_display": "100", "missing_lines": 0, "excluded_lines": 2, "percent_statements_covered": 100.0, "percent_statements_covered_display": "100"}, "missing_lines": [], "excluded_lines": [20, 21]}}, "classes": {"": {"executed_lines": [1, 9, 11, 12, 14, 15, 17, 18, 20, 24, 37, 38, 39, 40, 43, 44, 47, 49, 50, 68, 74, 76, 77, 78, 81, 109, 111, 116, 120], "summary": {"covered_lines": 27, "num_statements": 37, "percent_covered": 72.97297297297297, "percent_covered_display": "73", "missing_lines": 10, "excluded_lines": 2, "percent_statements_covered": 72.97297297297297, "percent_statements_covered_display": "73"}, "missing_lines": [69, 70, 82, 85, 93, 94, 95, 99, 101, 104], "excluded_lines": [20, 21]}}}, "src/fleet_memory/embed.py": {"executed_lines": [1, 6, 8, 9, 10, 12, 14, 20, 24, 33, 34, 36, 38, 41, 61, 64, 72, 77, 78, 79, 82, 83, 90, 91, 92, 93, 99, 100, 105, 108, 109, 110, 111, 116, 118, 119, 123, 128, 130, 131, 133, 139, 151, 160, 161, 163, 165, 166, 168, 170, 171, 181, 184, 185, 186, 191, 193, 195], "summary": {"covered_lines": 56, "num_statements": 61, "percent_covered": 91.80327868852459, "percent_covered_display": "92", "missing_lines": 5, "excluded_lines": 2, "percent_statements_covered": 91.80327868852459, "percent_statements_covered_display": "92"}, "missing_lines": [35, 37, 124, 180, 189], "excluded_lines": [20, 21], "functions": {"_normalize_embed_url": {"executed_lines": [33, 34, 36, 38], "summary": {"covered_lines": 4, "num_statements": 6, "percent_covered": 66.66666666666667, "percent_covered_display": "67", "missing_lines": 2, "excluded_lines": 0, "percent_statements_covered": 66.66666666666667, "percent_statements_covered_display": "67"}, "missing_lines": [35, 37], "excluded_lines": []}, "embed": {"executed_lines": [61, 64, 72, 77, 78, 79, 82, 83, 90, 91, 92, 93, 99, 100, 105, 108, 109, 110, 111, 116, 118, 119, 123, 128, 130, 131, 133], "summary": {"covered_lines": 27, "num_statements": 28, "percent_covered": 96.42857142857143, "percent_covered_display": "96", "missing_lines": 1, "excluded_lines": 0, "percent_statements_covered": 96.42857142857143, "percent_statements_covered_display": "96"}, "missing_lines": [124], "excluded_lines": []}, "make_fake_embed": {"executed_lines": [151, 195], "summary": {"covered_lines": 2, "num_statements": 2, "percent_covered": 100.0, "percent_covered_display": "100", "missing_lines": 0, "excluded_lines": 0, "percent_statements_covered": 100.0, "percent_statements_covered_display": "100"}, "missing_lines": [], "excluded_lines": []}, "make_fake_embed.fake_embed": {"executed_lines": [160, 161, 163, 165, 166, 168, 170, 171, 181, 184, 185, 186, 191, 193], "summary": {"covered_lines": 14, "num_statements": 16, "percent_covered": 87.5, "percent_covered_display": "88", "missing_lines": 2, "excluded_lines": 0, "percent_statements_covered": 87.5, "percent_statements_covered_display": "88"}, "missing_lines": [180, 189], "excluded_lines": []}, "": {"executed_lines": [1, 6, 8, 9, 10, 12, 14, 20, 24, 41, 139], "summary": {"covered_lines": 9, "num_statements": 9, "percent_covered": 100.0, "percent_covered_display": "100", "missing_lines": 0, "excluded_lines": 2, "percent_statements_covered": 100.0, "percent_statements_covered_display": "100"}, "missing_lines": [], "excluded_lines": [20, 21]}}, "classes": {"": {"executed_lines": [1, 6, 8, 9, 10, 12, 14, 20, 24, 33, 34, 36, 38, 41, 61, 64, 72, 77, 78, 79, 82, 83, 90, 91, 92, 93, 99, 100, 105, 108, 109, 110, 111, 116, 118, 119, 123, 128, 130, 131, 133, 139, 151, 160, 161, 163, 165, 166, 168, 170, 171, 181, 184, 185, 186, 191, 193, 195], "summary": {"covered_lines": 56, "num_statements": 61, "percent_covered": 91.80327868852459, "percent_covered_display": "92", "missing_lines": 5, "excluded_lines": 2, "percent_statements_covered": 91.80327868852459, "percent_statements_covered_display": "92"}, "missing_lines": [35, 37, 124, 180, 189], "excluded_lines": [20, 21]}}}, "src/fleet_memory/errors.py": {"executed_lines": [1, 25, 26, 32, 39, 42, 43, 46, 47, 52, 59, 60, 61, 64, 65, 71, 81, 82, 83, 84, 85, 86, 87, 88, 91, 92, 98, 105, 109, 110, 113, 114, 120, 126, 130, 133, 134, 145, 152, 153, 154, 155, 156, 157, 160, 161, 172, 178, 179], "summary": {"covered_lines": 41, "num_statements": 41, "percent_covered": 100.0, "percent_covered_display": "100", "missing_lines": 0, "excluded_lines": 0, "percent_statements_covered": 100.0, "percent_statements_covered_display": "100"}, "missing_lines": [], "excluded_lines": [], "functions": {"EmbedDimensionError.__init__": {"executed_lines": [39, 42, 43], "summary": {"covered_lines": 3, "num_statements": 3, "percent_covered": 100.0, "percent_covered_display": "100", "missing_lines": 0, "excluded_lines": 0, "percent_statements_covered": 100.0, "percent_statements_covered_display": "100"}, "missing_lines": [], "excluded_lines": []}, "EmbedTimeoutError.__init__": {"executed_lines": [59, 60, 61], "summary": {"covered_lines": 3, "num_statements": 3, "percent_covered": 100.0, "percent_covered_display": "100", "missing_lines": 0, "excluded_lines": 0, "percent_statements_covered": 100.0, "percent_statements_covered_display": "100"}, "missing_lines": [], "excluded_lines": []}, "EmbedServiceError.__init__": {"executed_lines": [81, 82, 83, 84, 85, 86, 87, 88], "summary": {"covered_lines": 8, "num_statements": 8, "percent_covered": 100.0, "percent_covered_display": "100", "missing_lines": 0, "excluded_lines": 0, "percent_statements_covered": 100.0, "percent_statements_covered_display": "100"}, "missing_lines": [], "excluded_lines": []}, "NamespaceValidationError.__init__": {"executed_lines": [105, 109, 110], "summary": {"covered_lines": 3, "num_statements": 3, "percent_covered": 100.0, "percent_covered_display": "100", "missing_lines": 0, "excluded_lines": 0, "percent_statements_covered": 100.0, "percent_statements_covered_display": "100"}, "missing_lines": [], "excluded_lines": []}, "UnknownPayloadTypeError.__init__": {"executed_lines": [126, 130], "summary": {"covered_lines": 2, "num_statements": 2, "percent_covered": 100.0, "percent_covered_display": "100", "missing_lines": 0, "excluded_lines": 0, "percent_statements_covered": 100.0, "percent_statements_covered_display": "100"}, "missing_lines": [], "excluded_lines": []}, "PoisonEpisodeError.__init__": {"executed_lines": [152, 153, 154, 155, 156, 157], "summary": {"covered_lines": 6, "num_statements": 6, "percent_covered": 100.0, "percent_covered_display": "100", "missing_lines": 0, "excluded_lines": 0, "percent_statements_covered": 100.0, "percent_statements_covered_display": "100"}, "missing_lines": [], "excluded_lines": []}, "TransientIngestError.__init__": {"executed_lines": [178, 179], "summary": {"covered_lines": 2, "num_statements": 2, "percent_covered": 100.0, "percent_covered_display": "100", "missing_lines": 0, "excluded_lines": 0, "percent_statements_covered": 100.0, "percent_statements_covered_display": "100"}, "missing_lines": [], "excluded_lines": []}, "": {"executed_lines": [1, 25, 26, 32, 46, 47, 52, 64, 65, 71, 91, 92, 98, 113, 114, 120, 133, 134, 145, 160, 161, 172], "summary": {"covered_lines": 14, "num_statements": 14, "percent_covered": 100.0, "percent_covered_display": "100", "missing_lines": 0, "excluded_lines": 0, "percent_statements_covered": 100.0, "percent_statements_covered_display": "100"}, "missing_lines": [], "excluded_lines": []}}, "classes": {"EmbedDimensionError": {"executed_lines": [39, 42, 43], "summary": {"covered_lines": 3, "num_statements": 3, "percent_covered": 100.0, "percent_covered_display": "100", "missing_lines": 0, "excluded_lines": 0, "percent_statements_covered": 100.0, "percent_statements_covered_display": "100"}, "missing_lines": [], "excluded_lines": []}, "EmbedTimeoutError": {"executed_lines": [59, 60, 61], "summary": {"covered_lines": 3, "num_statements": 3, "percent_covered": 100.0, "percent_covered_display": "100", "missing_lines": 0, "excluded_lines": 0, "percent_statements_covered": 100.0, "percent_statements_covered_display": "100"}, "missing_lines": [], "excluded_lines": []}, "EmbedServiceError": {"executed_lines": [81, 82, 83, 84, 85, 86, 87, 88], "summary": {"covered_lines": 8, "num_statements": 8, "percent_covered": 100.0, "percent_covered_display": "100", "missing_lines": 0, "excluded_lines": 0, "percent_statements_covered": 100.0, "percent_statements_covered_display": "100"}, "missing_lines": [], "excluded_lines": []}, "NamespaceValidationError": {"executed_lines": [105, 109, 110], "summary": {"covered_lines": 3, "num_statements": 3, "percent_covered": 100.0, "percent_covered_display": "100", "missing_lines": 0, "excluded_lines": 0, "percent_statements_covered": 100.0, "percent_statements_covered_display": "100"}, "missing_lines": [], "excluded_lines": []}, "UnknownPayloadTypeError": {"executed_lines": [126, 130], "summary": {"covered_lines": 2, "num_statements": 2, "percent_covered": 100.0, "percent_covered_display": "100", "missing_lines": 0, "excluded_lines": 0, "percent_statements_covered": 100.0, "percent_statements_covered_display": "100"}, "missing_lines": [], "excluded_lines": []}, "PoisonEpisodeError": {"executed_lines": [152, 153, 154, 155, 156, 157], "summary": {"covered_lines": 6, "num_statements": 6, "percent_covered": 100.0, "percent_covered_display": "100", "missing_lines": 0, "excluded_lines": 0, "percent_statements_covered": 100.0, "percent_statements_covered_display": "100"}, "missing_lines": [], "excluded_lines": []}, "TransientIngestError": {"executed_lines": [178, 179], "summary": {"covered_lines": 2, "num_statements": 2, "percent_covered": 100.0, "percent_covered_display": "100", "missing_lines": 0, "excluded_lines": 0, "percent_statements_covered": 100.0, "percent_statements_covered_display": "100"}, "missing_lines": [], "excluded_lines": []}, "": {"executed_lines": [1, 25, 26, 32, 46, 47, 52, 64, 65, 71, 91, 92, 98, 113, 114, 120, 133, 134, 145, 160, 161, 172], "summary": {"covered_lines": 14, "num_statements": 14, "percent_covered": 100.0, "percent_covered_display": "100", "missing_lines": 0, "excluded_lines": 0, "percent_statements_covered": 100.0, "percent_statements_covered_display": "100"}, "missing_lines": [], "excluded_lines": []}}}, "src/fleet_memory/payloads/__init__.py": {"executed_lines": [1, 7, 9, 15], "summary": {"covered_lines": 3, "num_statements": 3, "percent_covered": 100.0, "percent_covered_display": "100", "missing_lines": 0, "excluded_lines": 0, "percent_statements_covered": 100.0, "percent_statements_covered_display": "100"}, "missing_lines": [], "excluded_lines": [], "functions": {"": {"executed_lines": [1, 7, 9, 15], "summary": {"covered_lines": 3, "num_statements": 3, "percent_covered": 100.0, "percent_covered_display": "100", "missing_lines": 0, "excluded_lines": 0, "percent_statements_covered": 100.0, "percent_statements_covered_display": "100"}, "missing_lines": [], "excluded_lines": []}}, "classes": {"": {"executed_lines": [1, 7, 9, 15], "summary": {"covered_lines": 3, "num_statements": 3, "percent_covered": 100.0, "percent_covered_display": "100", "missing_lines": 0, "excluded_lines": 0, "percent_statements_covered": 100.0, "percent_statements_covered_display": "100"}, "missing_lines": [], "excluded_lines": []}}}, "src/fleet_memory/payloads/base.py": {"executed_lines": [1, 7, 9, 10, 12, 16, 19, 29, 30, 31, 32, 35, 36, 42, 49, 50, 52, 56, 57, 60, 61, 67, 74, 75, 78, 79, 88, 91, 92, 95, 96, 97, 100, 103, 105, 119, 120, 121, 122, 125, 126, 128, 129, 130, 131, 132, 133, 136, 137, 138, 139, 145, 148, 151, 152, 158, 159, 160, 166], "summary": {"covered_lines": 55, "num_statements": 55, "percent_covered": 100.0, "percent_covered_display": "100", "missing_lines": 0, "excluded_lines": 0, "percent_statements_covered": 100.0, "percent_statements_covered_display": "100"}, "missing_lines": [], "excluded_lines": [], "functions": {"_validate_identifier": {"executed_lines": [29, 30, 31, 32], "summary": {"covered_lines": 4, "num_statements": 4, "percent_covered": 100.0, "percent_covered_display": "100", "missing_lines": 0, "excluded_lines": 0, "percent_statements_covered": 100.0, "percent_statements_covered_display": "100"}, "missing_lines": [], "excluded_lines": []}, "IdentifierValidationError.__init__": {"executed_lines": [49, 50, 52, 56, 57], "summary": {"covered_lines": 5, "num_statements": 5, "percent_covered": 100.0, "percent_covered_display": "100", "missing_lines": 0, "excluded_lines": 0, "percent_statements_covered": 100.0, "percent_statements_covered_display": "100"}, "missing_lines": [], "excluded_lines": []}, "SupersessionValidationError.__init__": {"executed_lines": [74, 75], "summary": {"covered_lines": 2, "num_statements": 2, "percent_covered": 100.0, "percent_covered_display": "100", "missing_lines": 0, "excluded_lines": 0, "percent_statements_covered": 100.0, "percent_statements_covered_display": "100"}, "missing_lines": [], "excluded_lines": []}, "BasePayload.__init__": {"executed_lines": [119, 120, 121, 122, 125, 126, 128, 129, 130, 131, 132, 133, 136, 137, 138, 139, 145, 148, 151, 152], "summary": {"covered_lines": 20, "num_statements": 20, "percent_covered": 100.0, "percent_covered_display": "100", "missing_lines": 0, "excluded_lines": 0, "percent_statements_covered": 100.0, "percent_statements_covered_display": "100"}, "missing_lines": [], "excluded_lines": []}, "BasePayload.natural_key": {"executed_lines": [166], "summary": {"covered_lines": 1, "num_statements": 1, "percent_covered": 100.0, "percent_covered_display": "100", "missing_lines": 0, "excluded_lines": 0, "percent_statements_covered": 100.0, "percent_statements_covered_display": "100"}, "missing_lines": [], "excluded_lines": []}, "": {"executed_lines": [1, 7, 9, 10, 12, 16, 19, 35, 36, 42, 60, 61, 67, 78, 79, 88, 91, 92, 95, 96, 97, 100, 103, 105, 158, 159, 160], "summary": {"covered_lines": 23, "num_statements": 23, "percent_covered": 100.0, "percent_covered_display": "100", "missing_lines": 0, "excluded_lines": 0, "percent_statements_covered": 100.0, "percent_statements_covered_display": "100"}, "missing_lines": [], "excluded_lines": []}}, "classes": {"IdentifierValidationError": {"executed_lines": [49, 50, 52, 56, 57], "summary": {"covered_lines": 5, "num_statements": 5, "percent_covered": 100.0, "percent_covered_display": "100", "missing_lines": 0, "excluded_lines": 0, "percent_statements_covered": 100.0, "percent_statements_covered_display": "100"}, "missing_lines": [], "excluded_lines": []}, "SupersessionValidationError": {"executed_lines": [74, 75], "summary": {"covered_lines": 2, "num_statements": 2, "percent_covered": 100.0, "percent_covered_display": "100", "missing_lines": 0, "excluded_lines": 0, "percent_statements_covered": 100.0, "percent_statements_covered_display": "100"}, "missing_lines": [], "excluded_lines": []}, "BasePayload": {"executed_lines": [119, 120, 121, 122, 125, 126, 128, 129, 130, 131, 132, 133, 136, 137, 138, 139, 145, 148, 151, 152, 166], "summary": {"covered_lines": 21, "num_statements": 21, "percent_covered": 100.0, "percent_covered_display": "100", "missing_lines": 0, "excluded_lines": 0, "percent_statements_covered": 100.0, "percent_statements_covered_display": "100"}, "missing_lines": [], "excluded_lines": []}, "": {"executed_lines": [1, 7, 9, 10, 12, 16, 19, 29, 30, 31, 32, 35, 36, 42, 60, 61, 67, 78, 79, 88, 91, 92, 95, 96, 97, 100, 103, 105, 158, 159, 160], "summary": {"covered_lines": 27, "num_statements": 27, "percent_covered": 100.0, "percent_covered_display": "100", "missing_lines": 0, "excluded_lines": 0, "percent_statements_covered": 100.0, "percent_statements_covered_display": "100"}, "missing_lines": [], "excluded_lines": []}}}, "src/fleet_memory/payloads/models.py": {"executed_lines": [1, 10, 12, 14, 17, 18, 23, 25, 26, 29, 30, 35, 37, 40, 41, 46, 48, 49, 52, 53, 58, 60, 61, 64, 65, 70, 72, 73, 76, 77, 82, 84, 87, 88, 94], "summary": {"covered_lines": 27, "num_statements": 27, "percent_covered": 100.0, "percent_covered_display": "100", "missing_lines": 0, "excluded_lines": 0, "percent_statements_covered": 100.0, "percent_statements_covered_display": "100"}, "missing_lines": [], "excluded_lines": [], "functions": {"": {"executed_lines": [1, 10, 12, 14, 17, 18, 23, 25, 26, 29, 30, 35, 37, 40, 41, 46, 48, 49, 52, 53, 58, 60, 61, 64, 65, 70, 72, 73, 76, 77, 82, 84, 87, 88, 94], "summary": {"covered_lines": 27, "num_statements": 27, "percent_covered": 100.0, "percent_covered_display": "100", "missing_lines": 0, "excluded_lines": 0, "percent_statements_covered": 100.0, "percent_statements_covered_display": "100"}, "missing_lines": [], "excluded_lines": []}}, "classes": {"ADRPayload": {"executed_lines": [], "summary": {"covered_lines": 0, "num_statements": 0, "percent_covered": 100.0, "percent_covered_display": "100", "missing_lines": 0, "excluded_lines": 0, "percent_statements_covered": 100.0, "percent_statements_covered_display": "100"}, "missing_lines": [], "excluded_lines": []}, "ReviewReportPayload": {"executed_lines": [], "summary": {"covered_lines": 0, "num_statements": 0, "percent_covered": 100.0, "percent_covered_display": "100", "missing_lines": 0, "excluded_lines": 0, "percent_statements_covered": 100.0, "percent_statements_covered_display": "100"}, "missing_lines": [], "excluded_lines": []}, "BuildOutcomePayload": {"executed_lines": [], "summary": {"covered_lines": 0, "num_statements": 0, "percent_covered": 100.0, "percent_covered_display": "100", "missing_lines": 0, "excluded_lines": 0, "percent_statements_covered": 100.0, "percent_statements_covered_display": "100"}, "missing_lines": [], "excluded_lines": []}, "PatternPayload": {"executed_lines": [], "summary": {"covered_lines": 0, "num_statements": 0, "percent_covered": 100.0, "percent_covered_display": "100", "missing_lines": 0, "excluded_lines": 0, "percent_statements_covered": 100.0, "percent_statements_covered_display": "100"}, "missing_lines": [], "excluded_lines": []}, "WarningPayload": {"executed_lines": [], "summary": {"covered_lines": 0, "num_statements": 0, "percent_covered": 100.0, "percent_covered_display": "100", "missing_lines": 0, "excluded_lines": 0, "percent_statements_covered": 100.0, "percent_statements_covered_display": "100"}, "missing_lines": [], "excluded_lines": []}, "SeedModulePayload": {"executed_lines": [], "summary": {"covered_lines": 0, "num_statements": 0, "percent_covered": 100.0, "percent_covered_display": "100", "missing_lines": 0, "excluded_lines": 0, "percent_statements_covered": 100.0, "percent_statements_covered_display": "100"}, "missing_lines": [], "excluded_lines": []}, "DocumentPayload": {"executed_lines": [], "summary": {"covered_lines": 0, "num_statements": 0, "percent_covered": 100.0, "percent_covered_display": "100", "missing_lines": 0, "excluded_lines": 0, "percent_statements_covered": 100.0, "percent_statements_covered_display": "100"}, "missing_lines": [], "excluded_lines": []}, "": {"executed_lines": [1, 10, 12, 14, 17, 18, 23, 25, 26, 29, 30, 35, 37, 40, 41, 46, 48, 49, 52, 53, 58, 60, 61, 64, 65, 70, 72, 73, 76, 77, 82, 84, 87, 88, 94], "summary": {"covered_lines": 27, "num_statements": 27, "percent_covered": 100.0, "percent_covered_display": "100", "missing_lines": 0, "excluded_lines": 0, "percent_statements_covered": 100.0, "percent_statements_covered_display": "100"}, "missing_lines": [], "excluded_lines": []}}}, "src/fleet_memory/payloads/registry.py": {"executed_lines": [1, 10, 12, 13, 14, 25, 36, 41, 53, 54, 55, 58, 70, 72], "summary": {"covered_lines": 13, "num_statements": 14, "percent_covered": 92.85714285714286, "percent_covered_display": "93", "missing_lines": 1, "excluded_lines": 0, "percent_statements_covered": 92.85714285714286, "percent_statements_covered_display": "93"}, "missing_lines": [71], "excluded_lines": [], "functions": {"get_model_for_type": {"executed_lines": [53, 54, 55], "summary": {"covered_lines": 3, "num_statements": 3, "percent_covered": 100.0, "percent_covered_display": "100", "missing_lines": 0, "excluded_lines": 0, "percent_statements_covered": 100.0, "percent_statements_covered_display": "100"}, "missing_lines": [], "excluded_lines": []}, "get_type_for_model": {"executed_lines": [70, 72], "summary": {"covered_lines": 2, "num_statements": 3, "percent_covered": 66.66666666666667, "percent_covered_display": "67", "missing_lines": 1, "excluded_lines": 0, "percent_statements_covered": 66.66666666666667, "percent_statements_covered_display": "67"}, "missing_lines": [71], "excluded_lines": []}, "": {"executed_lines": [1, 10, 12, 13, 14, 25, 36, 41, 58], "summary": {"covered_lines": 8, "num_statements": 8, "percent_covered": 100.0, "percent_covered_display": "100", "missing_lines": 0, "excluded_lines": 0, "percent_statements_covered": 100.0, "percent_statements_covered_display": "100"}, "missing_lines": [], "excluded_lines": []}}, "classes": {"": {"executed_lines": [1, 10, 12, 13, 14, 25, 36, 41, 53, 54, 55, 58, 70, 72], "summary": {"covered_lines": 13, "num_statements": 14, "percent_covered": 92.85714285714286, "percent_covered_display": "93", "missing_lines": 1, "excluded_lines": 0, "percent_statements_covered": 92.85714285714286, "percent_statements_covered_display": "93"}, "missing_lines": [71], "excluded_lines": []}}}, "src/fleet_memory/relay/__init__.py": {"executed_lines": [0], "summary": {"covered_lines": 0, "num_statements": 0, "percent_covered": 100.0, "percent_covered_display": "100", "missing_lines": 0, "excluded_lines": 0, "percent_statements_covered": 100.0, "percent_statements_covered_display": "100"}, "missing_lines": [], "excluded_lines": [], "functions": {"": {"executed_lines": [], "summary": {"covered_lines": 0, "num_statements": 0, "percent_covered": 100.0, "percent_covered_display": "100", "missing_lines": 0, "excluded_lines": 0, "percent_statements_covered": 100.0, "percent_statements_covered_display": "100"}, "missing_lines": [], "excluded_lines": []}}, "classes": {"": {"executed_lines": [], "summary": {"covered_lines": 0, "num_statements": 0, "percent_covered": 100.0, "percent_covered_display": "100", "missing_lines": 0, "excluded_lines": 0, "percent_statements_covered": 100.0, "percent_statements_covered_display": "100"}, "missing_lines": [], "excluded_lines": []}}}, "src/fleet_memory/relay/chunk_writer.py": {"executed_lines": [1, 10, 12, 13, 15, 16, 18, 24, 25, 38, 44, 46, 67, 69, 72, 74, 78, 84, 85, 89, 98], "summary": {"covered_lines": 18, "num_statements": 18, "percent_covered": 100.0, "percent_covered_display": "100", "missing_lines": 0, "excluded_lines": 3, "percent_statements_covered": 100.0, "percent_statements_covered_display": "100"}, "missing_lines": [], "excluded_lines": [18, 19, 21], "functions": {"ChunkWriter.__init__": {"executed_lines": [44], "summary": {"covered_lines": 1, "num_statements": 1, "percent_covered": 100.0, "percent_covered_display": "100", "missing_lines": 0, "excluded_lines": 0, "percent_statements_covered": 100.0, "percent_statements_covered_display": "100"}, "missing_lines": [], "excluded_lines": []}, "ChunkWriter.write_chunks": {"executed_lines": [67, 69, 72, 74, 78, 84, 85, 89, 98], "summary": {"covered_lines": 9, "num_statements": 9, "percent_covered": 100.0, "percent_covered_display": "100", "missing_lines": 0, "excluded_lines": 0, "percent_statements_covered": 100.0, "percent_statements_covered_display": "100"}, "missing_lines": [], "excluded_lines": []}, "": {"executed_lines": [1, 10, 12, 13, 15, 16, 18, 24, 25, 38, 46], "summary": {"covered_lines": 8, "num_statements": 8, "percent_covered": 100.0, "percent_covered_display": "100", "missing_lines": 0, "excluded_lines": 3, "percent_statements_covered": 100.0, "percent_statements_covered_display": "100"}, "missing_lines": [], "excluded_lines": [18, 19, 21]}}, "classes": {"ChunkWriter": {"executed_lines": [44, 67, 69, 72, 74, 78, 84, 85, 89, 98], "summary": {"covered_lines": 10, "num_statements": 10, "percent_covered": 100.0, "percent_covered_display": "100", "missing_lines": 0, "excluded_lines": 0, "percent_statements_covered": 100.0, "percent_statements_covered_display": "100"}, "missing_lines": [], "excluded_lines": []}, "": {"executed_lines": [1, 10, 12, 13, 15, 16, 18, 24, 25, 38, 46], "summary": {"covered_lines": 8, "num_statements": 8, "percent_covered": 100.0, "percent_covered_display": "100", "missing_lines": 0, "excluded_lines": 3, "percent_statements_covered": 100.0, "percent_statements_covered_display": "100"}, "missing_lines": [], "excluded_lines": [18, 19, 21]}}}, "src/fleet_memory/relay/chunker.py": {"executed_lines": [1, 7, 9, 11, 14, 43, 44, 47, 48, 51, 54, 56, 57, 59, 60, 63, 65, 66, 74, 77, 78, 79, 88, 107, 110, 111, 120, 123, 136, 137, 138, 140, 142, 144, 145, 146, 148, 150, 153, 154, 157, 160, 163, 174, 175, 178, 179, 181, 183, 184, 185, 188, 189, 190, 192, 195], "summary": {"covered_lines": 55, "num_statements": 67, "percent_covered": 82.08955223880596, "percent_covered_display": "82", "missing_lines": 12, "excluded_lines": 0, "percent_statements_covered": 82.08955223880596, "percent_statements_covered_display": "82"}, "missing_lines": [90, 100, 101, 102, 104, 158, 176, 205, 206, 207, 209, 210], "excluded_lines": [], "functions": {"chunk_prose": {"executed_lines": [43, 44, 47, 51, 54, 56, 57, 59, 60, 63, 65, 66, 74, 77, 78, 79, 88, 107, 110, 111, 120], "summary": {"covered_lines": 21, "num_statements": 26, "percent_covered": 80.76923076923077, "percent_covered_display": "81", "missing_lines": 5, "excluded_lines": 0, "percent_statements_covered": 80.76923076923077, "percent_statements_covered_display": "81"}, "missing_lines": [90, 100, 101, 102, 104], "excluded_lines": []}, "chunk_prose.token_count": {"executed_lines": [48], "summary": {"covered_lines": 1, "num_statements": 1, "percent_covered": 100.0, "percent_covered_display": "100", "missing_lines": 0, "excluded_lines": 0, "percent_statements_covered": 100.0, "percent_statements_covered_display": "100"}, "missing_lines": [], "excluded_lines": []}, "_split_into_sections": {"executed_lines": [136, 137, 138, 140, 142, 144, 145, 146, 148, 150, 153, 154, 157, 160], "summary": {"covered_lines": 14, "num_statements": 15, "percent_covered": 93.33333333333333, "percent_covered_display": "93", "missing_lines": 1, "excluded_lines": 0, "percent_statements_covered": 93.33333333333333, "percent_statements_covered_display": "93"}, "missing_lines": [158], "excluded_lines": []}, "_split_large_section": {"executed_lines": [174, 175, 178, 179, 181, 183, 184, 185, 188, 189, 190, 192], "summary": {"covered_lines": 12, "num_statements": 13, "percent_covered": 92.3076923076923, "percent_covered_display": "92", "missing_lines": 1, "excluded_lines": 0, "percent_statements_covered": 92.3076923076923, "percent_statements_covered_display": "92"}, "missing_lines": [176], "excluded_lines": []}, "_extract_tail_tokens": {"executed_lines": [], "summary": {"covered_lines": 0, "num_statements": 5, "percent_covered": 0.0, "percent_covered_display": "0", "missing_lines": 5, "excluded_lines": 0, "percent_statements_covered": 0.0, "percent_statements_covered_display": "0"}, "missing_lines": [205, 206, 207, 209, 210], "excluded_lines": []}, "": {"executed_lines": [1, 7, 9, 11, 14, 123, 163, 195], "summary": {"covered_lines": 7, "num_statements": 7, "percent_covered": 100.0, "percent_covered_display": "100", "missing_lines": 0, "excluded_lines": 0, "percent_statements_covered": 100.0, "percent_statements_covered_display": "100"}, "missing_lines": [], "excluded_lines": []}}, "classes": {"": {"executed_lines": [1, 7, 9, 11, 14, 43, 44, 47, 48, 51, 54, 56, 57, 59, 60, 63, 65, 66, 74, 77, 78, 79, 88, 107, 110, 111, 120, 123, 136, 137, 138, 140, 142, 144, 145, 146, 148, 150, 153, 154, 157, 160, 163, 174, 175, 178, 179, 181, 183, 184, 185, 188, 189, 190, 192, 195], "summary": {"covered_lines": 55, "num_statements": 67, "percent_covered": 82.08955223880596, "percent_covered_display": "82", "missing_lines": 12, "excluded_lines": 0, "percent_statements_covered": 82.08955223880596, "percent_statements_covered_display": "82"}, "missing_lines": [90, 100, 101, 102, 104, 158, 176, 205, 206, 207, 209, 210], "excluded_lines": []}}}, "src/fleet_memory/relay/handler.py": {"executed_lines": [1, 17, 19, 20, 22, 24, 25, 27, 31, 33, 37, 40, 41, 61, 63, 66, 68, 70, 78, 91, 93, 95, 100, 102, 105, 111], "summary": {"covered_lines": 24, "num_statements": 24, "percent_covered": 100.0, "percent_covered_display": "100", "missing_lines": 0, "excluded_lines": 2, "percent_statements_covered": 100.0, "percent_statements_covered_display": "100"}, "missing_lines": [], "excluded_lines": [27, 28], "functions": {"handle_memory_episode": {"executed_lines": [61, 63, 66, 68, 70, 78, 91, 93, 95, 100, 102, 105, 111], "summary": {"covered_lines": 13, "num_statements": 13, "percent_covered": 100.0, "percent_covered_display": "100", "missing_lines": 0, "excluded_lines": 0, "percent_statements_covered": 100.0, "percent_statements_covered_display": "100"}, "missing_lines": [], "excluded_lines": []}, "": {"executed_lines": [1, 17, 19, 20, 22, 24, 25, 27, 31, 33, 37, 40, 41], "summary": {"covered_lines": 11, "num_statements": 11, "percent_covered": 100.0, "percent_covered_display": "100", "missing_lines": 0, "excluded_lines": 2, "percent_statements_covered": 100.0, "percent_statements_covered_display": "100"}, "missing_lines": [], "excluded_lines": [27, 28]}}, "classes": {"": {"executed_lines": [1, 17, 19, 20, 22, 24, 25, 27, 31, 33, 37, 40, 41, 61, 63, 66, 68, 70, 78, 91, 93, 95, 100, 102, 105, 111], "summary": {"covered_lines": 24, "num_statements": 24, "percent_covered": 100.0, "percent_covered_display": "100", "missing_lines": 0, "excluded_lines": 2, "percent_statements_covered": 100.0, "percent_statements_covered_display": "100"}, "missing_lines": [], "excluded_lines": [27, 28]}}}, "src/fleet_memory/relay/schema.py": {"executed_lines": [1, 7, 9, 11, 14, 15, 21, 22, 23, 26, 27, 34, 36, 37, 38, 39, 40, 41, 44, 45, 51, 53, 54, 55, 56], "summary": {"covered_lines": 21, "num_statements": 21, "percent_covered": 100.0, "percent_covered_display": "100", "missing_lines": 0, "excluded_lines": 0, "percent_statements_covered": 100.0, "percent_statements_covered_display": "100"}, "missing_lines": [], "excluded_lines": [], "functions": {"": {"executed_lines": [1, 7, 9, 11, 14, 15, 21, 22, 23, 26, 27, 34, 36, 37, 38, 39, 40, 41, 44, 45, 51, 53, 54, 55, 56], "summary": {"covered_lines": 21, "num_statements": 21, "percent_covered": 100.0, "percent_covered_display": "100", "missing_lines": 0, "excluded_lines": 0, "percent_statements_covered": 100.0, "percent_statements_covered_display": "100"}, "missing_lines": [], "excluded_lines": []}}, "classes": {"ContentFormat": {"executed_lines": [], "summary": {"covered_lines": 0, "num_statements": 0, "percent_covered": 100.0, "percent_covered_display": "100", "missing_lines": 0, "excluded_lines": 0, "percent_statements_covered": 100.0, "percent_statements_covered_display": "100"}, "missing_lines": [], "excluded_lines": []}, "MemoryEpisodeV1": {"executed_lines": [], "summary": {"covered_lines": 0, "num_statements": 0, "percent_covered": 100.0, "percent_covered_display": "100", "missing_lines": 0, "excluded_lines": 0, "percent_statements_covered": 100.0, "percent_statements_covered_display": "100"}, "missing_lines": [], "excluded_lines": []}, "Chunk": {"executed_lines": [], "summary": {"covered_lines": 0, "num_statements": 0, "percent_covered": 100.0, "percent_covered_display": "100", "missing_lines": 0, "excluded_lines": 0, "percent_statements_covered": 100.0, "percent_statements_covered_display": "100"}, "missing_lines": [], "excluded_lines": []}, "": {"executed_lines": [1, 7, 9, 11, 14, 15, 21, 22, 23, 26, 27, 34, 36, 37, 38, 39, 40, 41, 44, 45, 51, 53, 54, 55, 56], "summary": {"covered_lines": 21, "num_statements": 21, "percent_covered": 100.0, "percent_covered_display": "100", "missing_lines": 0, "excluded_lines": 0, "percent_statements_covered": 100.0, "percent_statements_covered_display": "100"}, "missing_lines": [], "excluded_lines": []}}}, "src/fleet_memory/relay/service.py": {"executed_lines": [1, 11, 13, 14, 16, 18, 27, 28, 29, 31, 38, 39, 57, 70, 71, 72, 74, 93, 95, 96, 97, 98, 101, 107, 109, 110, 112, 116, 118, 122, 124, 128, 130, 134, 136, 142, 144, 147, 155, 156, 160, 180, 181, 187, 188, 189, 190, 196, 200, 204, 206, 219, 229], "summary": {"covered_lines": 50, "num_statements": 51, "percent_covered": 98.03921568627452, "percent_covered_display": "98", "missing_lines": 1, "excluded_lines": 5, "percent_statements_covered": 98.03921568627452, "percent_statements_covered_display": "98"}, "missing_lines": [149], "excluded_lines": [31, 32, 33, 34, 35], "functions": {"RelayService.__init__": {"executed_lines": [70, 71, 72], "summary": {"covered_lines": 3, "num_statements": 3, "percent_covered": 100.0, "percent_covered_display": "100", "missing_lines": 0, "excluded_lines": 0, "percent_statements_covered": 100.0, "percent_statements_covered_display": "100"}, "missing_lines": [], "excluded_lines": []}, "RelayService.ingest": {"executed_lines": [93, 95, 96, 97, 98, 101, 107, 109, 110, 112, 116, 118, 122, 124, 128, 130, 134, 136, 142, 144, 147, 155, 156], "summary": {"covered_lines": 23, "num_statements": 24, "percent_covered": 95.83333333333333, "percent_covered_display": "96", "missing_lines": 1, "excluded_lines": 0, "percent_statements_covered": 95.83333333333333, "percent_statements_covered_display": "96"}, "missing_lines": [149], "excluded_lines": []}, "RelayService._ingest_json": {"executed_lines": [180, 181, 187, 188, 189, 190, 196, 200, 204], "summary": {"covered_lines": 9, "num_statements": 9, "percent_covered": 100.0, "percent_covered_display": "100", "missing_lines": 0, "excluded_lines": 0, "percent_statements_covered": 100.0, "percent_statements_covered_display": "100"}, "missing_lines": [], "excluded_lines": []}, "RelayService._ingest_prose": {"executed_lines": [219, 229], "summary": {"covered_lines": 2, "num_statements": 2, "percent_covered": 100.0, "percent_covered_display": "100", "missing_lines": 0, "excluded_lines": 0, "percent_statements_covered": 100.0, "percent_statements_covered_display": "100"}, "missing_lines": [], "excluded_lines": []}, "": {"executed_lines": [1, 11, 13, 14, 16, 18, 27, 28, 29, 31, 38, 39, 57, 74, 160, 206], "summary": {"covered_lines": 13, "num_statements": 13, "percent_covered": 100.0, "percent_covered_display": "100", "missing_lines": 0, "excluded_lines": 5, "percent_statements_covered": 100.0, "percent_statements_covered_display": "100"}, "missing_lines": [], "excluded_lines": [31, 32, 33, 34, 35]}}, "classes": {"RelayService": {"executed_lines": [70, 71, 72, 93, 95, 96, 97, 98, 101, 107, 109, 110, 112, 116, 118, 122, 124, 128, 130, 134, 136, 142, 144, 147, 155, 156, 180, 181, 187, 188, 189, 190, 196, 200, 204, 219, 229], "summary": {"covered_lines": 37, "num_statements": 38, "percent_covered": 97.36842105263158, "percent_covered_display": "97", "missing_lines": 1, "excluded_lines": 0, "percent_statements_covered": 97.36842105263158, "percent_statements_covered_display": "97"}, "missing_lines": [149], "excluded_lines": []}, "": {"executed_lines": [1, 11, 13, 14, 16, 18, 27, 28, 29, 31, 38, 39, 57, 74, 160, 206], "summary": {"covered_lines": 13, "num_statements": 13, "percent_covered": 100.0, "percent_covered_display": "100", "missing_lines": 0, "excluded_lines": 5, "percent_statements_covered": 100.0, "percent_statements_covered_display": "100"}, "missing_lines": [], "excluded_lines": [31, 32, 33, 34, 35]}}}, "src/fleet_memory/settings.py": {"executed_lines": [1, 3, 4, 7, 8, 14, 22, 23, 26, 30, 34, 40, 44, 48, 54, 60, 64, 70, 74, 79, 80, 81, 83, 84, 85], "summary": {"covered_lines": 23, "num_statements": 23, "percent_covered": 100.0, "percent_covered_display": "100", "missing_lines": 0, "excluded_lines": 0, "percent_statements_covered": 100.0, "percent_statements_covered_display": "100"}, "missing_lines": [], "excluded_lines": [], "functions": {"Settings.validate_not_empty": {"executed_lines": [83, 84, 85], "summary": {"covered_lines": 3, "num_statements": 3, "percent_covered": 100.0, "percent_covered_display": "100", "missing_lines": 0, "excluded_lines": 0, "percent_statements_covered": 100.0, "percent_statements_covered_display": "100"}, "missing_lines": [], "excluded_lines": []}, "": {"executed_lines": [1, 3, 4, 7, 8, 14, 22, 23, 26, 30, 34, 40, 44, 48, 54, 60, 64, 70, 74, 79, 80, 81], "summary": {"covered_lines": 20, "num_statements": 20, "percent_covered": 100.0, "percent_covered_display": "100", "missing_lines": 0, "excluded_lines": 0, "percent_statements_covered": 100.0, "percent_statements_covered_display": "100"}, "missing_lines": [], "excluded_lines": []}}, "classes": {"Settings": {"executed_lines": [83, 84, 85], "summary": {"covered_lines": 3, "num_statements": 3, "percent_covered": 100.0, "percent_covered_display": "100", "missing_lines": 0, "excluded_lines": 0, "percent_statements_covered": 100.0, "percent_statements_covered_display": "100"}, "missing_lines": [], "excluded_lines": []}, "": {"executed_lines": [1, 3, 4, 7, 8, 14, 22, 23, 26, 30, 34, 40, 44, 48, 54, 60, 64, 70, 74, 79, 80, 81], "summary": {"covered_lines": 20, "num_statements": 20, "percent_covered": 100.0, "percent_covered_display": "100", "missing_lines": 0, "excluded_lines": 0, "percent_statements_covered": 100.0, "percent_statements_covered_display": "100"}, "missing_lines": [], "excluded_lines": []}}}, "src/fleet_memory/store.py": {"executed_lines": [1, 7, 9, 10, 11, 12, 13, 14, 16, 18, 19, 21, 26, 32, 35, 41, 42, 44, 45, 46, 47, 48, 49, 52, 65, 66, 67, 68, 70, 71, 74, 75, 108, 110, 113, 120, 134, 145, 146, 147, 148, 149, 157, 158, 161], "summary": {"covered_lines": 43, "num_statements": 47, "percent_covered": 91.48936170212765, "percent_covered_display": "91", "missing_lines": 4, "excluded_lines": 2, "percent_statements_covered": 91.48936170212765, "percent_statements_covered_display": "91"}, "missing_lines": [43, 111, 115, 167], "excluded_lines": [21, 22], "functions": {"_dsn_target": {"executed_lines": [41, 42, 44, 45, 46, 47, 48, 49], "summary": {"covered_lines": 8, "num_statements": 9, "percent_covered": 88.88888888888889, "percent_covered_display": "89", "missing_lines": 1, "excluded_lines": 0, "percent_statements_covered": 88.88888888888889, "percent_statements_covered_display": "89"}, "missing_lines": [43], "excluded_lines": []}, "validate_namespace": {"executed_lines": [65, 66, 67, 68, 70, 71], "summary": {"covered_lines": 6, "num_statements": 6, "percent_covered": 100.0, "percent_covered_display": "100", "missing_lines": 0, "excluded_lines": 0, "percent_statements_covered": 100.0, "percent_statements_covered_display": "100"}, "missing_lines": [], "excluded_lines": []}, "async_store_context": {"executed_lines": [108, 110, 113, 120, 134, 145, 146, 147, 148, 149, 157, 158, 161], "summary": {"covered_lines": 13, "num_statements": 15, "percent_covered": 86.66666666666667, "percent_covered_display": "87", "missing_lines": 2, "excluded_lines": 0, "percent_statements_covered": 86.66666666666667, "percent_statements_covered_display": "87"}, "missing_lines": [115, 167], "excluded_lines": []}, "async_store_context.real_embed": {"executed_lines": [], "summary": {"covered_lines": 0, "num_statements": 1, "percent_covered": 0.0, "percent_covered_display": "0", "missing_lines": 1, "excluded_lines": 0, "percent_statements_covered": 0.0, "percent_statements_covered_display": "0"}, "missing_lines": [111], "excluded_lines": []}, "": {"executed_lines": [1, 7, 9, 10, 11, 12, 13, 14, 16, 18, 19, 21, 26, 32, 35, 52, 74, 75], "summary": {"covered_lines": 16, "num_statements": 16, "percent_covered": 100.0, "percent_covered_display": "100", "missing_lines": 0, "excluded_lines": 2, "percent_statements_covered": 100.0, "percent_statements_covered_display": "100"}, "missing_lines": [], "excluded_lines": [21, 22]}}, "classes": {"": {"executed_lines": [1, 7, 9, 10, 11, 12, 13, 14, 16, 18, 19, 21, 26, 32, 35, 41, 42, 44, 45, 46, 47, 48, 49, 52, 65, 66, 67, 68, 70, 71, 74, 75, 108, 110, 113, 120, 134, 145, 146, 147, 148, 149, 157, 158, 161], "summary": {"covered_lines": 43, "num_statements": 47, "percent_covered": 91.48936170212765, "percent_covered_display": "91", "missing_lines": 4, "excluded_lines": 2, "percent_statements_covered": 91.48936170212765, "percent_statements_covered_display": "91"}, "missing_lines": [43, 111, 115, 167], "excluded_lines": [21, 22]}}}, "src/fleet_memory/writer/__init__.py": {"executed_lines": [1, 9, 10, 12], "summary": {"covered_lines": 3, "num_statements": 3, "percent_covered": 100.0, "percent_covered_display": "100", "missing_lines": 0, "excluded_lines": 0, "percent_statements_covered": 100.0, "percent_statements_covered_display": "100"}, "missing_lines": [], "excluded_lines": [], "functions": {"": {"executed_lines": [1, 9, 10, 12], "summary": {"covered_lines": 3, "num_statements": 3, "percent_covered": 100.0, "percent_covered_display": "100", "missing_lines": 0, "excluded_lines": 0, "percent_statements_covered": 100.0, "percent_statements_covered_display": "100"}, "missing_lines": [], "excluded_lines": []}}, "classes": {"": {"executed_lines": [1, 9, 10, 12], "summary": {"covered_lines": 3, "num_statements": 3, "percent_covered": 100.0, "percent_covered_display": "100", "missing_lines": 0, "excluded_lines": 0, "percent_statements_covered": 100.0, "percent_statements_covered_display": "100"}, "missing_lines": [], "excluded_lines": []}}}, "src/fleet_memory/writer/core.py": {"executed_lines": [1, 12, 14, 15, 17, 18, 19, 20, 21, 26, 32, 33, 43, 50, 51, 53, 73, 74, 75, 81, 82, 85, 86, 87, 90, 91, 94, 96, 97, 100, 101, 103, 107, 108, 111, 114, 115, 116, 119, 120, 122, 135, 136, 139, 140, 141, 142, 145, 146, 148, 167, 171, 175, 186, 187, 190, 195], "summary": {"covered_lines": 54, "num_statements": 54, "percent_covered": 100.0, "percent_covered_display": "100", "missing_lines": 0, "excluded_lines": 3, "percent_statements_covered": 100.0, "percent_statements_covered_display": "100"}, "missing_lines": [], "excluded_lines": [26, 27, 29], "functions": {"DeterministicWriter.__init__": {"executed_lines": [50, 51], "summary": {"covered_lines": 2, "num_statements": 2, "percent_covered": 100.0, "percent_covered_display": "100", "missing_lines": 0, "excluded_lines": 0, "percent_statements_covered": 100.0, "percent_statements_covered_display": "100"}, "missing_lines": [], "excluded_lines": []}, "DeterministicWriter.write": {"executed_lines": [73, 74, 75, 81, 82, 85, 86, 87, 90, 91, 94, 96, 97, 100, 101, 103, 107, 108, 111, 114, 115, 116, 119, 120], "summary": {"covered_lines": 24, "num_statements": 24, "percent_covered": 100.0, "percent_covered_display": "100", "missing_lines": 0, "excluded_lines": 0, "percent_statements_covered": 100.0, "percent_statements_covered_display": "100"}, "missing_lines": [], "excluded_lines": []}, "DeterministicWriter.write_batch": {"executed_lines": [135, 136, 139, 140, 141, 142, 145, 146], "summary": {"covered_lines": 8, "num_statements": 8, "percent_covered": 100.0, "percent_covered_display": "100", "missing_lines": 0, "excluded_lines": 0, "percent_statements_covered": 100.0, "percent_statements_covered_display": "100"}, "missing_lines": [], "excluded_lines": []}, "DeterministicWriter._write_record": {"executed_lines": [167, 171, 175, 186, 187, 190, 195], "summary": {"covered_lines": 7, "num_statements": 7, "percent_covered": 100.0, "percent_covered_display": "100", "missing_lines": 0, "excluded_lines": 0, "percent_statements_covered": 100.0, "percent_statements_covered_display": "100"}, "missing_lines": [], "excluded_lines": []}, "": {"executed_lines": [1, 12, 14, 15, 17, 18, 19, 20, 21, 26, 32, 33, 43, 53, 122, 148], "summary": {"covered_lines": 13, "num_statements": 13, "percent_covered": 100.0, "percent_covered_display": "100", "missing_lines": 0, "excluded_lines": 3, "percent_statements_covered": 100.0, "percent_statements_covered_display": "100"}, "missing_lines": [], "excluded_lines": [26, 27, 29]}}, "classes": {"DeterministicWriter": {"executed_lines": [50, 51, 73, 74, 75, 81, 82, 85, 86, 87, 90, 91, 94, 96, 97, 100, 101, 103, 107, 108, 111, 114, 115, 116, 119, 120, 135, 136, 139, 140, 141, 142, 145, 146, 167, 171, 175, 186, 187, 190, 195], "summary": {"covered_lines": 41, "num_statements": 41, "percent_covered": 100.0, "percent_covered_display": "100", "missing_lines": 0, "excluded_lines": 0, "percent_statements_covered": 100.0, "percent_statements_covered_display": "100"}, "missing_lines": [], "excluded_lines": []}, "": {"executed_lines": [1, 12, 14, 15, 17, 18, 19, 20, 21, 26, 32, 33, 43, 53, 122, 148], "summary": {"covered_lines": 13, "num_statements": 13, "percent_covered": 100.0, "percent_covered_display": "100", "missing_lines": 0, "excluded_lines": 3, "percent_statements_covered": 100.0, "percent_statements_covered_display": "100"}, "missing_lines": [], "excluded_lines": [26, 27, 29]}}}, "src/fleet_memory/writer/identity.py": {"executed_lines": [1, 11, 13, 14, 15, 16, 18, 24, 27, 48, 51, 76, 80, 84, 91, 94], "summary": {"covered_lines": 14, "num_statements": 14, "percent_covered": 100.0, "percent_covered_display": "100", "missing_lines": 0, "excluded_lines": 2, "percent_statements_covered": 100.0, "percent_statements_covered_display": "100"}, "missing_lines": [], "excluded_lines": [18, 19], "functions": {"record_identity": {"executed_lines": [48], "summary": {"covered_lines": 1, "num_statements": 1, "percent_covered": 100.0, "percent_covered_display": "100", "missing_lines": 0, "excluded_lines": 0, "percent_statements_covered": 100.0, "percent_statements_covered_display": "100"}, "missing_lines": [], "excluded_lines": []}, "content_hash": {"executed_lines": [76, 80, 84, 91, 94], "summary": {"covered_lines": 5, "num_statements": 5, "percent_covered": 100.0, "percent_covered_display": "100", "missing_lines": 0, "excluded_lines": 0, "percent_statements_covered": 100.0, "percent_statements_covered_display": "100"}, "missing_lines": [], "excluded_lines": []}, "": {"executed_lines": [1, 11, 13, 14, 15, 16, 18, 24, 27, 51], "summary": {"covered_lines": 8, "num_statements": 8, "percent_covered": 100.0, "percent_covered_display": "100", "missing_lines": 0, "excluded_lines": 2, "percent_statements_covered": 100.0, "percent_statements_covered_display": "100"}, "missing_lines": [], "excluded_lines": [18, 19]}}, "classes": {"": {"executed_lines": [1, 11, 13, 14, 15, 16, 18, 24, 27, 48, 51, 76, 80, 84, 91, 94], "summary": {"covered_lines": 14, "num_statements": 14, "percent_covered": 100.0, "percent_covered_display": "100", "missing_lines": 0, "excluded_lines": 2, "percent_statements_covered": 100.0, "percent_statements_covered_display": "100"}, "missing_lines": [], "excluded_lines": [18, 19]}}}, "src/fleet_memory/writer/supersession.py": {"executed_lines": [1, 17, 19, 21, 23, 27, 48, 52, 55, 56, 62, 63, 64, 67, 69, 73, 76, 77, 80, 83, 108, 111, 114, 115, 116, 117, 119, 126, 129, 152, 154, 156, 157, 158, 160], "summary": {"covered_lines": 33, "num_statements": 37, "percent_covered": 89.1891891891892, "percent_covered_display": "89", "missing_lines": 4, "excluded_lines": 2, "percent_statements_covered": 89.1891891891892, "percent_statements_covered_display": "89"}, "missing_lines": [49, 57, 121, 124], "excluded_lines": [23, 24], "functions": {"apply_supersessions": {"executed_lines": [48, 52, 55, 56, 62, 63, 64, 67, 69, 73, 76, 77, 80], "summary": {"covered_lines": 13, "num_statements": 15, "percent_covered": 86.66666666666667, "percent_covered_display": "87", "missing_lines": 2, "excluded_lines": 0, "percent_statements_covered": 86.66666666666667, "percent_statements_covered_display": "87"}, "missing_lines": [49, 57], "excluded_lines": []}, "_apply_forward_supersessions": {"executed_lines": [108, 111, 114, 115, 116, 117, 119, 126], "summary": {"covered_lines": 8, "num_statements": 10, "percent_covered": 80.0, "percent_covered_display": "80", "missing_lines": 2, "excluded_lines": 0, "percent_statements_covered": 80.0, "percent_statements_covered_display": "80"}, "missing_lines": [121, 124], "excluded_lines": []}, "check_and_apply_forward_supersession": {"executed_lines": [152, 154, 156, 157, 158, 160], "summary": {"covered_lines": 6, "num_statements": 6, "percent_covered": 100.0, "percent_covered_display": "100", "missing_lines": 0, "excluded_lines": 0, "percent_statements_covered": 100.0, "percent_statements_covered_display": "100"}, "missing_lines": [], "excluded_lines": []}, "": {"executed_lines": [1, 17, 19, 21, 23, 27, 83, 129], "summary": {"covered_lines": 6, "num_statements": 6, "percent_covered": 100.0, "percent_covered_display": "100", "missing_lines": 0, "excluded_lines": 2, "percent_statements_covered": 100.0, "percent_statements_covered_display": "100"}, "missing_lines": [], "excluded_lines": [23, 24]}}, "classes": {"": {"executed_lines": [1, 17, 19, 21, 23, 27, 48, 52, 55, 56, 62, 63, 64, 67, 69, 73, 76, 77, 80, 83, 108, 111, 114, 115, 116, 117, 119, 126, 129, 152, 154, 156, 157, 158, 160], "summary": {"covered_lines": 33, "num_statements": 37, "percent_covered": 89.1891891891892, "percent_covered_display": "89", "missing_lines": 4, "excluded_lines": 2, "percent_statements_covered": 89.1891891891892, "percent_statements_covered_display": "89"}, "missing_lines": [49, 57, 121, 124], "excluded_lines": [23, 24]}}}}, "totals": {"covered_lines": 561, "num_statements": 598, "percent_covered": 93.81270903010034, "percent_covered_display": "94", "missing_lines": 37, "excluded_lines": 23, "percent_statements_covered": 93.81270903010034, "percent_statements_covered_display": "94"}}