{"meta": {"format": 3, "version": "7.13.0", "timestamp": "2026-06-12T20:50:06.609237", "branch_coverage": false, "show_contexts": false}, "files": {"src/fleet_memory/__init__.py": {"executed_lines": [1, 3], "summary": {"covered_lines": 1, "num_statements": 1, "percent_covered": 100.0, "percent_covered_display": "100", "missing_lines": 0, "excluded_lines": 0, "percent_statements_covered": 100.0, "percent_statements_covered_display": "100"}, "missing_lines": [], "excluded_lines": [], "functions": {"": {"executed_lines": [1, 3], "summary": {"covered_lines": 1, "num_statements": 1, "percent_covered": 100.0, "percent_covered_display": "100", "missing_lines": 0, "excluded_lines": 0, "percent_statements_covered": 100.0, "percent_statements_covered_display": "100"}, "missing_lines": [], "excluded_lines": []}}, "classes": {"": {"executed_lines": [1, 3], "summary": {"covered_lines": 1, "num_statements": 1, "percent_covered": 100.0, "percent_covered_display": "100", "missing_lines": 0, "excluded_lines": 0, "percent_statements_covered": 100.0, "percent_statements_covered_display": "100"}, "missing_lines": [], "excluded_lines": []}}}, "src/fleet_memory/app.py": {"executed_lines": [1, 9, 11, 12, 14, 15, 17, 18, 20, 24, 34, 37, 39, 40, 57, 60, 63, 69, 71, 76], "summary": {"covered_lines": 18, "num_statements": 18, "percent_covered": 100.0, "percent_covered_display": "100", "missing_lines": 0, "excluded_lines": 2, "percent_statements_covered": 100.0, "percent_statements_covered_display": "100"}, "missing_lines": [], "excluded_lines": [20, 21], "functions": {"_create_app": {"executed_lines": [34, 37, 39, 40, 69, 71], "summary": {"covered_lines": 6, "num_statements": 6, "percent_covered": 100.0, "percent_covered_display": "100", "missing_lines": 0, "excluded_lines": 0, "percent_statements_covered": 100.0, "percent_statements_covered_display": "100"}, "missing_lines": [], "excluded_lines": []}, "_create_app.lifespan": {"executed_lines": [57, 60, 63], "summary": {"covered_lines": 3, "num_statements": 3, "percent_covered": 100.0, "percent_covered_display": "100", "missing_lines": 0, "excluded_lines": 0, "percent_statements_covered": 100.0, "percent_statements_covered_display": "100"}, "missing_lines": [], "excluded_lines": []}, "": {"executed_lines": [1, 9, 11, 12, 14, 15, 17, 18, 20, 24, 76], "summary": {"covered_lines": 9, "num_statements": 9, "percent_covered": 100.0, "percent_covered_display": "100", "missing_lines": 0, "excluded_lines": 2, "percent_statements_covered": 100.0, "percent_statements_covered_display": "100"}, "missing_lines": [], "excluded_lines": [20, 21]}}, "classes": {"": {"executed_lines": [1, 9, 11, 12, 14, 15, 17, 18, 20, 24, 34, 37, 39, 40, 57, 60, 63, 69, 71, 76], "summary": {"covered_lines": 18, "num_statements": 18, "percent_covered": 100.0, "percent_covered_display": "100", "missing_lines": 0, "excluded_lines": 2, "percent_statements_covered": 100.0, "percent_statements_covered_display": "100"}, "missing_lines": [], "excluded_lines": [20, 21]}}}, "src/fleet_memory/embed.py": {"executed_lines": [1, 6, 8, 9, 10, 12, 14, 20, 24, 33, 34, 36, 38, 41, 61, 64, 72, 77, 78, 79, 82, 83, 90, 91, 92, 93, 99, 100, 105, 108, 109, 110, 111, 116, 118, 119, 123, 128, 130, 131, 133, 139, 151, 160, 161, 163, 165, 166, 168, 170, 171, 181, 184, 185, 186, 191, 193, 195], "summary": {"covered_lines": 56, "num_statements": 61, "percent_covered": 91.80327868852459, "percent_covered_display": "92", "missing_lines": 5, "excluded_lines": 2, "percent_statements_covered": 91.80327868852459, "percent_statements_covered_display": "92"}, "missing_lines": [35, 37, 124, 180, 189], "excluded_lines": [20, 21], "functions": {"_normalize_embed_url": {"executed_lines": [33, 34, 36, 38], "summary": {"covered_lines": 4, "num_statements": 6, "percent_covered": 66.66666666666667, "percent_covered_display": "67", "missing_lines": 2, "excluded_lines": 0, "percent_statements_covered": 66.66666666666667, "percent_statements_covered_display": "67"}, "missing_lines": [35, 37], "excluded_lines": []}, "embed": {"executed_lines": [61, 64, 72, 77, 78, 79, 82, 83, 90, 91, 92, 93, 99, 100, 105, 108, 109, 110, 111, 116, 118, 119, 123, 128, 130, 131, 133], "summary": {"covered_lines": 27, "num_statements": 28, "percent_covered": 96.42857142857143, "percent_covered_display": "96", "missing_lines": 1, "excluded_lines": 0, "percent_statements_covered": 96.42857142857143, "percent_statements_covered_display": "96"}, "missing_lines": [124], "excluded_lines": []}, "make_fake_embed": {"executed_lines": [151, 195], "summary": {"covered_lines": 2, "num_statements": 2, "percent_covered": 100.0, "percent_covered_display": "100", "missing_lines": 0, "excluded_lines": 0, "percent_statements_covered": 100.0, "percent_statements_covered_display": "100"}, "missing_lines": [], "excluded_lines": []}, "make_fake_embed.fake_embed": {"executed_lines": [160, 161, 163, 165, 166, 168, 170, 171, 181, 184, 185, 186, 191, 193], "summary": {"covered_lines": 14, "num_statements": 16, "percent_covered": 87.5, "percent_covered_display": "88", "missing_lines": 2, "excluded_lines": 0, "percent_statements_covered": 87.5, "percent_statements_covered_display": "88"}, "missing_lines": [180, 189], "excluded_lines": []}, "": {"executed_lines": [1, 6, 8, 9, 10, 12, 14, 20, 24, 41, 139], "summary": {"covered_lines": 9, "num_statements": 9, "percent_covered": 100.0, "percent_covered_display": "100", "missing_lines": 0, "excluded_lines": 2, "percent_statements_covered": 100.0, "percent_statements_covered_display": "100"}, "missing_lines": [], "excluded_lines": [20, 21]}}, "classes": {"": {"executed_lines": [1, 6, 8, 9, 10, 12, 14, 20, 24, 33, 34, 36, 38, 41, 61, 64, 72, 77, 78, 79, 82, 83, 90, 91, 92, 93, 99, 100, 105, 108, 109, 110, 111, 116, 118, 119, 123, 128, 130, 131, 133, 139, 151, 160, 161, 163, 165, 166, 168, 170, 171, 181, 184, 185, 186, 191, 193, 195], "summary": {"covered_lines": 56, "num_statements": 61, "percent_covered": 91.80327868852459, "percent_covered_display": "92", "missing_lines": 5, "excluded_lines": 2, "percent_statements_covered": 91.80327868852459, "percent_statements_covered_display": "92"}, "missing_lines": [35, 37, 124, 180, 189], "excluded_lines": [20, 21]}}}, "src/fleet_memory/errors.py": {"executed_lines": [1, 4, 5, 11, 18, 21, 22, 25, 26, 31, 38, 39, 40, 43, 44, 50, 60, 61, 62, 63, 64, 65, 66, 67, 70, 71, 77, 84, 88, 89], "summary": {"covered_lines": 25, "num_statements": 25, "percent_covered": 100.0, "percent_covered_display": "100", "missing_lines": 0, "excluded_lines": 0, "percent_statements_covered": 100.0, "percent_statements_covered_display": "100"}, "missing_lines": [], "excluded_lines": [], "functions": {"EmbedDimensionError.__init__": {"executed_lines": [18, 21, 22], "summary": {"covered_lines": 3, "num_statements": 3, "percent_covered": 100.0, "percent_covered_display": "100", "missing_lines": 0, "excluded_lines": 0, "percent_statements_covered": 100.0, "percent_statements_covered_display": "100"}, "missing_lines": [], "excluded_lines": []}, "EmbedTimeoutError.__init__": {"executed_lines": [38, 39, 40], "summary": {"covered_lines": 3, "num_statements": 3, "percent_covered": 100.0, "percent_covered_display": "100", "missing_lines": 0, "excluded_lines": 0, "percent_statements_covered": 100.0, "percent_statements_covered_display": "100"}, "missing_lines": [], "excluded_lines": []}, "EmbedServiceError.__init__": {"executed_lines": [60, 61, 62, 63, 64, 65, 66, 67], "summary": {"covered_lines": 8, "num_statements": 8, "percent_covered": 100.0, "percent_covered_display": "100", "missing_lines": 0, "excluded_lines": 0, "percent_statements_covered": 100.0, "percent_statements_covered_display": "100"}, "missing_lines": [], "excluded_lines": []}, "NamespaceValidationError.__init__": {"executed_lines": [84, 88, 89], "summary": {"covered_lines": 3, "num_statements": 3, "percent_covered": 100.0, "percent_covered_display": "100", "missing_lines": 0, "excluded_lines": 0, "percent_statements_covered": 100.0, "percent_statements_covered_display": "100"}, "missing_lines": [], "excluded_lines": []}, "": {"executed_lines": [1, 4, 5, 11, 25, 26, 31, 43, 44, 50, 70, 71, 77], "summary": {"covered_lines": 8, "num_statements": 8, "percent_covered": 100.0, "percent_covered_display": "100", "missing_lines": 0, "excluded_lines": 0, "percent_statements_covered": 100.0, "percent_statements_covered_display": "100"}, "missing_lines": [], "excluded_lines": []}}, "classes": {"EmbedDimensionError": {"executed_lines": [18, 21, 22], "summary": {"covered_lines": 3, "num_statements": 3, "percent_covered": 100.0, "percent_covered_display": "100", "missing_lines": 0, "excluded_lines": 0, "percent_statements_covered": 100.0, "percent_statements_covered_display": "100"}, "missing_lines": [], "excluded_lines": []}, "EmbedTimeoutError": {"executed_lines": [38, 39, 40], "summary": {"covered_lines": 3, "num_statements": 3, "percent_covered": 100.0, "percent_covered_display": "100", "missing_lines": 0, "excluded_lines": 0, "percent_statements_covered": 100.0, "percent_statements_covered_display": "100"}, "missing_lines": [], "excluded_lines": []}, "EmbedServiceError": {"executed_lines": [60, 61, 62, 63, 64, 65, 66, 67], "summary": {"covered_lines": 8, "num_statements": 8, "percent_covered": 100.0, "percent_covered_display": "100", "missing_lines": 0, "excluded_lines": 0, "percent_statements_covered": 100.0, "percent_statements_covered_display": "100"}, "missing_lines": [], "excluded_lines": []}, "NamespaceValidationError": {"executed_lines": [84, 88, 89], "summary": {"covered_lines": 3, "num_statements": 3, "percent_covered": 100.0, "percent_covered_display": "100", "missing_lines": 0, "excluded_lines": 0, "percent_statements_covered": 100.0, "percent_statements_covered_display": "100"}, "missing_lines": [], "excluded_lines": []}, "": {"executed_lines": [1, 4, 5, 11, 25, 26, 31, 43, 44, 50, 70, 71, 77], "summary": {"covered_lines": 8, "num_statements": 8, "percent_covered": 100.0, "percent_covered_display": "100", "missing_lines": 0, "excluded_lines": 0, "percent_statements_covered": 100.0, "percent_statements_covered_display": "100"}, "missing_lines": [], "excluded_lines": []}}}, "src/fleet_memory/settings.py": {"executed_lines": [1, 3, 4, 7, 8, 14, 22, 23, 26, 30, 34, 40, 44, 48, 54, 59, 60, 61, 63, 64, 65], "summary": {"covered_lines": 19, "num_statements": 19, "percent_covered": 100.0, "percent_covered_display": "100", "missing_lines": 0, "excluded_lines": 0, "percent_statements_covered": 100.0, "percent_statements_covered_display": "100"}, "missing_lines": [], "excluded_lines": [], "functions": {"Settings.validate_not_empty": {"executed_lines": [63, 64, 65], "summary": {"covered_lines": 3, "num_statements": 3, "percent_covered": 100.0, "percent_covered_display": "100", "missing_lines": 0, "excluded_lines": 0, "percent_statements_covered": 100.0, "percent_statements_covered_display": "100"}, "missing_lines": [], "excluded_lines": []}, "": {"executed_lines": [1, 3, 4, 7, 8, 14, 22, 23, 26, 30, 34, 40, 44, 48, 54, 59, 60, 61], "summary": {"covered_lines": 16, "num_statements": 16, "percent_covered": 100.0, "percent_covered_display": "100", "missing_lines": 0, "excluded_lines": 0, "percent_statements_covered": 100.0, "percent_statements_covered_display": "100"}, "missing_lines": [], "excluded_lines": []}}, "classes": {"Settings": {"executed_lines": [63, 64, 65], "summary": {"covered_lines": 3, "num_statements": 3, "percent_covered": 100.0, "percent_covered_display": "100", "missing_lines": 0, "excluded_lines": 0, "percent_statements_covered": 100.0, "percent_statements_covered_display": "100"}, "missing_lines": [], "excluded_lines": []}, "": {"executed_lines": [1, 3, 4, 7, 8, 14, 22, 23, 26, 30, 34, 40, 44, 48, 54, 59, 60, 61], "summary": {"covered_lines": 16, "num_statements": 16, "percent_covered": 100.0, "percent_covered_display": "100", "missing_lines": 0, "excluded_lines": 0, "percent_statements_covered": 100.0, "percent_statements_covered_display": "100"}, "missing_lines": [], "excluded_lines": []}}}, "src/fleet_memory/store.py": {"executed_lines": [1, 7, 9, 10, 11, 12, 14, 16, 17, 19, 24, 27, 40, 41, 42, 43, 45, 46, 49, 50, 83, 85, 88, 95, 109, 115, 116, 122, 126, 130], "summary": {"covered_lines": 28, "num_statements": 31, "percent_covered": 90.3225806451613, "percent_covered_display": "90", "missing_lines": 3, "excluded_lines": 2, "percent_statements_covered": 90.3225806451613, "percent_statements_covered_display": "90"}, "missing_lines": [86, 90, 124], "excluded_lines": [19, 20], "functions": {"validate_namespace": {"executed_lines": [40, 41, 42, 43, 45, 46], "summary": {"covered_lines": 6, "num_statements": 6, "percent_covered": 100.0, "percent_covered_display": "100", "missing_lines": 0, "excluded_lines": 0, "percent_statements_covered": 100.0, "percent_statements_covered_display": "100"}, "missing_lines": [], "excluded_lines": []}, "async_store_context": {"executed_lines": [83, 85, 88, 95, 109, 115, 116, 122, 126, 130], "summary": {"covered_lines": 10, "num_statements": 12, "percent_covered": 83.33333333333333, "percent_covered_display": "83", "missing_lines": 2, "excluded_lines": 0, "percent_statements_covered": 83.33333333333333, "percent_statements_covered_display": "83"}, "missing_lines": [90, 124], "excluded_lines": []}, "async_store_context.real_embed": {"executed_lines": [], "summary": {"covered_lines": 0, "num_statements": 1, "percent_covered": 0.0, "percent_covered_display": "0", "missing_lines": 1, "excluded_lines": 0, "percent_statements_covered": 0.0, "percent_statements_covered_display": "0"}, "missing_lines": [86], "excluded_lines": []}, "": {"executed_lines": [1, 7, 9, 10, 11, 12, 14, 16, 17, 19, 24, 27, 49, 50], "summary": {"covered_lines": 12, "num_statements": 12, "percent_covered": 100.0, "percent_covered_display": "100", "missing_lines": 0, "excluded_lines": 2, "percent_statements_covered": 100.0, "percent_statements_covered_display": "100"}, "missing_lines": [], "excluded_lines": [19, 20]}}, "classes": {"": {"executed_lines": [1, 7, 9, 10, 11, 12, 14, 16, 17, 19, 24, 27, 40, 41, 42, 43, 45, 46, 49, 50, 83, 85, 88, 95, 109, 115, 116, 122, 126, 130], "summary": {"covered_lines": 28, "num_statements": 31, "percent_covered": 90.3225806451613, "percent_covered_display": "90", "missing_lines": 3, "excluded_lines": 2, "percent_statements_covered": 90.3225806451613, "percent_statements_covered_display": "90"}, "missing_lines": [86, 90, 124], "excluded_lines": [19, 20]}}}}, "totals": {"covered_lines": 147, "num_statements": 155, "percent_covered": 94.83870967741936, "percent_covered_display": "95", "missing_lines": 8, "excluded_lines": 6, "percent_statements_covered": 94.83870967741936, "percent_statements_covered_display": "95"}}