{"meta": {"format": 3, "version": "7.14.1", "timestamp": "2026-06-13T19:26:23.053936", "branch_coverage": false, "show_contexts": false}, "files": {"src/fleet_memory/mcp/__init__.py": {"executed_lines": [11, 13, 15], "summary": {"covered_lines": 3, "num_statements": 3, "percent_covered": 100.0, "percent_covered_display": "100", "missing_lines": 0, "excluded_lines": 0, "percent_statements_covered": 100.0, "percent_statements_covered_display": "100"}, "missing_lines": [], "excluded_lines": [], "functions": {"": {"executed_lines": [11, 13, 15], "summary": {"covered_lines": 3, "num_statements": 3, "percent_covered": 100.0, "percent_covered_display": "100", "missing_lines": 0, "excluded_lines": 0, "percent_statements_covered": 100.0, "percent_statements_covered_display": "100"}, "missing_lines": [], "excluded_lines": [], "start_line": 1}}, "classes": {"": {"executed_lines": [11, 13, 15], "summary": {"covered_lines": 3, "num_statements": 3, "percent_covered": 100.0, "percent_covered_display": "100", "missing_lines": 0, "excluded_lines": 0, "percent_statements_covered": 100.0, "percent_statements_covered_display": "100"}, "missing_lines": [], "excluded_lines": [], "start_line": 1}}}, "src/fleet_memory/mcp/__main__.py": {"executed_lines": [13, 15, 16, 18, 19, 22, 28, 31, 64], "summary": {"covered_lines": 9, "num_statements": 22, "percent_covered": 40.90909090909091, "percent_covered_display": "41", "missing_lines": 13, "excluded_lines": 0, "percent_statements_covered": 40.90909090909091, "percent_statements_covered_display": "41"}, "missing_lines": [38, 41, 42, 43, 44, 45, 46, 49, 52, 55, 57, 61, 65], "excluded_lines": [], "functions": {"main": {"executed_lines": [], "summary": {"covered_lines": 0, "num_statements": 12, "percent_covered": 0.0, "percent_covered_display": "0", "missing_lines": 12, "excluded_lines": 0, "percent_statements_covered": 0.0, "percent_statements_covered_display": "0"}, "missing_lines": [38, 41, 42, 43, 44, 45, 46, 49, 52, 55, 57, 61], "excluded_lines": [], "start_line": 31}, "": {"executed_lines": [13, 15, 16, 18, 19, 22, 28, 31, 64], "summary": {"covered_lines": 9, "num_statements": 10, "percent_covered": 90.0, "percent_covered_display": "90", "missing_lines": 1, "excluded_lines": 0, "percent_statements_covered": 90.0, "percent_statements_covered_display": "90"}, "missing_lines": [65], "excluded_lines": [], "start_line": 1}}, "classes": {"": {"executed_lines": [13, 15, 16, 18, 19, 22, 28, 31, 64], "summary": {"covered_lines": 9, "num_statements": 22, "percent_covered": 40.90909090909091, "percent_covered_display": "41", "missing_lines": 13, "excluded_lines": 0, "percent_statements_covered": 40.90909090909091, "percent_statements_covered_display": "41"}, "missing_lines": [38, 41, 42, 43, 44, 45, 46, 49, 52, 55, 57, 61, 65], "excluded_lines": [], "start_line": 1}}}, "src/fleet_memory/mcp/server.py": {"executed_lines": [11, 13, 14, 15, 17, 28, 29, 41, 42, 43, 46, 60, 61, 107, 109, 112, 130], "summary": {"covered_lines": 17, "num_statements": 25, "percent_covered": 68.0, "percent_covered_display": "68", "missing_lines": 8, "excluded_lines": 5, "percent_statements_covered": 68.0, "percent_statements_covered_display": "68"}, "missing_lines": [77, 79, 84, 88, 89, 92, 94, 97], "excluded_lines": [19, 20, 22, 24, 25], "functions": {"create_mcp_server": {"executed_lines": [60, 61, 107, 109], "summary": {"covered_lines": 4, "num_statements": 4, "percent_covered": 100.0, "percent_covered_display": "100", "missing_lines": 0, "excluded_lines": 0, "percent_statements_covered": 100.0, "percent_statements_covered_display": "100"}, "missing_lines": [], "excluded_lines": [], "start_line": 46}, "create_mcp_server.lifespan": {"executed_lines": [], "summary": {"covered_lines": 0, "num_statements": 8, "percent_covered": 0.0, "percent_covered_display": "0", "missing_lines": 8, "excluded_lines": 0, "percent_statements_covered": 0.0, "percent_statements_covered_display": "0"}, "missing_lines": [77, 79, 84, 88, 89, 92, 94, 97], "excluded_lines": [], "start_line": 61}, "register_all": {"executed_lines": [130], "summary": {"covered_lines": 1, "num_statements": 1, "percent_covered": 100.0, "percent_covered_display": "100", "missing_lines": 0, "excluded_lines": 0, "percent_statements_covered": 100.0, "percent_statements_covered_display": "100"}, "missing_lines": [], "excluded_lines": [], "start_line": 112}, "": {"executed_lines": [11, 13, 14, 15, 17, 28, 29, 41, 42, 43, 46, 112], "summary": {"covered_lines": 12, "num_statements": 12, "percent_covered": 100.0, "percent_covered_display": "100", "missing_lines": 0, "excluded_lines": 5, "percent_statements_covered": 100.0, "percent_statements_covered_display": "100"}, "missing_lines": [], "excluded_lines": [19, 20, 22, 24, 25], "start_line": 1}}, "classes": {"ServerContext": {"executed_lines": [], "summary": {"covered_lines": 0, "num_statements": 0, "percent_covered": 100.0, "percent_covered_display": "100", "missing_lines": 0, "excluded_lines": 0, "percent_statements_covered": 100.0, "percent_statements_covered_display": "100"}, "missing_lines": [], "excluded_lines": [], "start_line": 29}, "": {"executed_lines": [11, 13, 14, 15, 17, 28, 29, 41, 42, 43, 46, 60, 61, 107, 109, 112, 130], "summary": {"covered_lines": 17, "num_statements": 25, "percent_covered": 68.0, "percent_covered_display": "68", "missing_lines": 8, "excluded_lines": 5, "percent_statements_covered": 68.0, "percent_statements_covered_display": "68"}, "missing_lines": [77, 79, 84, 88, 89, 92, 94, 97], "excluded_lines": [19, 20, 22, 24, 25], "start_line": 1}}}}, "totals": {"covered_lines": 29, "num_statements": 50, "percent_covered": 58.0, "percent_covered_display": "58", "missing_lines": 21, "excluded_lines": 5, "percent_statements_covered": 58.0, "percent_statements_covered_display": "58"}}