{"meta": {"format": 3, "version": "7.13.0", "timestamp": "2026-06-14T08:44:31.711269", "branch_coverage": false, "show_contexts": false}, "files": {"src/fleet_memory/reindex/backfill.py": {"executed_lines": [1, 15, 17, 18, 19, 20, 22, 23, 25, 28, 31, 48, 49, 52, 71, 72, 75, 78, 83, 85, 88, 89, 90, 98, 101, 104, 107, 109], "summary": {"covered_lines": 26, "num_statements": 27, "percent_covered": 96.29629629629629, "percent_covered_display": "96", "missing_lines": 1, "excluded_lines": 2, "percent_statements_covered": 96.29629629629629, "percent_statements_covered_display": "96"}, "missing_lines": [93], "excluded_lines": [25, 26], "functions": {"has_review_marker": {"executed_lines": [48, 49], "summary": {"covered_lines": 2, "num_statements": 2, "percent_covered": 100.0, "percent_covered_display": "100", "missing_lines": 0, "excluded_lines": 0, "percent_statements_covered": 100.0, "percent_statements_covered_display": "100"}, "missing_lines": [], "excluded_lines": []}, "process_backfill_payload": {"executed_lines": [71, 72, 75, 78, 83, 85, 88, 89, 90, 98, 101, 104, 107, 109], "summary": {"covered_lines": 14, "num_statements": 15, "percent_covered": 93.33333333333333, "percent_covered_display": "93", "missing_lines": 1, "excluded_lines": 0, "percent_statements_covered": 93.33333333333333, "percent_statements_covered_display": "93"}, "missing_lines": [93], "excluded_lines": []}, "": {"executed_lines": [1, 15, 17, 18, 19, 20, 22, 23, 25, 28, 31, 52], "summary": {"covered_lines": 10, "num_statements": 10, "percent_covered": 100.0, "percent_covered_display": "100", "missing_lines": 0, "excluded_lines": 2, "percent_statements_covered": 100.0, "percent_statements_covered_display": "100"}, "missing_lines": [], "excluded_lines": [25, 26]}}, "classes": {"": {"executed_lines": [1, 15, 17, 18, 19, 20, 22, 23, 25, 28, 31, 48, 49, 52, 71, 72, 75, 78, 83, 85, 88, 89, 90, 98, 101, 104, 107, 109], "summary": {"covered_lines": 26, "num_statements": 27, "percent_covered": 96.29629629629629, "percent_covered_display": "96", "missing_lines": 1, "excluded_lines": 2, "percent_statements_covered": 96.29629629629629, "percent_statements_covered_display": "96"}, "missing_lines": [93], "excluded_lines": [25, 26]}}}}, "totals": {"covered_lines": 26, "num_statements": 27, "percent_covered": 96.29629629629629, "percent_covered_display": "96", "missing_lines": 1, "excluded_lines": 2, "percent_statements_covered": 96.29629629629629, "percent_statements_covered_display": "96"}}