<?xml version="1.0" encoding="utf-8"?><testsuites name="pytest tests"><testsuite name="pytest" errors="0" failures="1" skipped="0" tests="346" time="8.027" timestamp="2026-06-13T15:13:17.735776+01:00" hostname="Mac"><testcase classname="tests.bdd.test_typed_payload_registry" name="test_a_typed_payload_exposes_a_natural_key_built_from_its_type_project_and_identifier" time="0.028" /><testcase classname="tests.bdd.test_typed_payload_registry" name="test_the_registry_resolves_a_payload_type_name_to_its_model" time="0.001" /><testcase classname="tests.bdd.test_typed_payload_registry" name="test_every_declared_payload_type_is_registered_and_dispatchable[adr]" time="0.001" /><testcase classname="tests.bdd.test_typed_payload_registry" name="test_every_declared_payload_type_is_registered_and_dispatchable[review_report]" time="0.000" /><testcase classname="tests.bdd.test_typed_payload_registry" name="test_every_declared_payload_type_is_registered_and_dispatchable[build_outcome]" time="0.000" /><testcase classname="tests.bdd.test_typed_payload_registry" name="test_every_declared_payload_type_is_registered_and_dispatchable[pattern]" time="0.000" /><testcase classname="tests.bdd.test_typed_payload_registry" name="test_every_declared_payload_type_is_registered_and_dispatchable[warning]" time="0.000" /><testcase classname="tests.bdd.test_typed_payload_registry" name="test_every_declared_payload_type_is_registered_and_dispatchable[seed_module]" time="0.000" /><testcase classname="tests.bdd.test_typed_payload_registry" name="test_every_declared_payload_type_is_registered_and_dispatchable[document]" time="0.001" /><testcase classname="tests.bdd.test_typed_payload_registry" name="test_a_payload_declares_the_keys_it_supersedes" time="0.001" /><testcase classname="tests.bdd.test_typed_payload_registry" name="test_a_payload_carries_its_domain_tags_and_source_reference" time="0.001" /><testcase classname="tests.bdd.test_typed_payload_registry" name="test_the_generic_document_payload_accepts_content_that_fits_no_specific_type" time="0.001" /><testcase classname="tests.bdd.test_typed_payload_registry" name="test_a_payload_survives_a_round_trip_through_its_serialized_form_and_back" time="0.001" /><testcase classname="tests.bdd.test_typed_payload_registry" name="test_a_natural_key_with_exactly_its_three_required_segments_is_well_formed" time="0.000" /><testcase classname="tests.bdd.test_typed_payload_registry" name="test_a_payload_with_an_empty_identifier_is_rejected" time="0.001" /><testcase classname="tests.bdd.test_typed_payload_registry" name="test_a_payload_may_declare_any_number_of_supersessions[0]" time="0.001" /><testcase classname="tests.bdd.test_typed_payload_registry" name="test_a_payload_may_declare_any_number_of_supersessions[1]" time="0.001" /><testcase classname="tests.bdd.test_typed_payload_registry" name="test_a_payload_may_declare_any_number_of_supersessions[5]" time="0.001" /><testcase classname="tests.bdd.test_typed_payload_registry" name="test_a_payload_with_no_domain_tags_is_valid" time="0.000" /><testcase classname="tests.bdd.test_typed_payload_registry" name="test_a_supersession_reference_with_the_wrong_number_of_segments_is_rejected[ADR_SP_007]" time="0.001" /><testcase classname="tests.bdd.test_typed_payload_registry" name="test_a_supersession_reference_with_the_wrong_number_of_segments_is_rejected[adr:ADR_SP_007]" time="0.001" /><testcase classname="tests.bdd.test_typed_payload_registry" name="test_a_supersession_reference_with_the_wrong_number_of_segments_is_rejected[adr:guardkit:ADR_SP_007:extra]" time="0.000" /><testcase classname="tests.bdd.test_typed_payload_registry" name="test_a_payload_whose_project_contains_a_hyphen_is_rejected" time="0.000" /><testcase classname="tests.bdd.test_typed_payload_registry" name="test_a_payload_whose_identifier_contains_a_hyphen_is_rejected" time="0.000" /><testcase classname="tests.bdd.test_typed_payload_registry" name="test_looking_up_an_unknown_payload_type_is_rejected" time="0.001" /><testcase classname="tests.bdd.test_typed_payload_registry" name="test_a_supersession_reference_that_is_not_naturalkey_shaped_is_rejected" time="0.000" /><testcase classname="tests.bdd.test_typed_payload_registry" name="test_a_typed_payload_missing_a_required_field_is_rejected" time="0.001" /><testcase classname="tests.bdd.test_typed_payload_registry" name="test_a_natural_key_is_stable_across_repeated_serialization_round_trips" time="0.001" /><testcase classname="tests.bdd.test_typed_payload_registry" name="test_unknown_extra_fields_on_an_incoming_payload_are_ignored" time="0.001" /><testcase classname="tests.bdd.test_typed_payload_registry" name="test_a_payload_that_supersedes_its_own_natural_key_is_rejected" time="0.001" /><testcase classname="tests.bdd.test_typed_payload_registry" name="test_duplicate_supersession_references_are_collapsed_to_one" time="0.001" /><testcase classname="tests.bdd.test_typed_payload_registry" name="test_a_payload_reports_the_registered_type_name_it_dispatches_under" time="0.000" /><testcase classname="tests.bdd.test_typed_payload_registry" name="test_two_payloads_with_identical_type_project_and_identifier_share_one_natural_key" time="0.000" /><testcase classname="tests.bdd.test_typed_payload_registry" name="test_a_naturalkey_segment_containing_keydelimiter_or_injection_text_is_rejected" time="0.000" /><testcase classname="tests.bdd.test_typed_payload_registry" name="test_a_supersession_reference_pointing_at_another_project_is_accepted_as_a_deliberate_crossproject_link" time="0.001" /><testcase classname="tests.bdd.test_typed_payload_registry" name="test_the_same_payload_serialized_by_either_write_surface_produces_identical_serialized_form" time="0.001" /><testcase classname="tests.bdd.test_typed_payload_registry" name="test_reauthoring_a_payload_under_the_same_natural_key_advances_its_version_deterministically" time="0.001" /><testcase classname="tests.bdd.test_typed_payload_registry" name="test_payload_type_lookup_is_casesensitive" time="0.001" /><testcase classname="tests.bdd.test_typed_payload_registry" name="test_the_registry_maps_each_type_name_to_exactly_one_model_and_each_model_to_exactly_one_name" time="0.000" /><testcase classname="tests.test_assumptions_verification" name="test_no_low_confidence_assumptions_remain" time="0.005" /><testcase classname="tests.test_assumptions_verification" name="test_assum_004_verified" time="0.004" /><testcase classname="tests.test_assumptions_verification" name="test_assum_006_verified" time="0.004" /><testcase classname="tests.test_assumptions_verification" name="test_assum_008_verified" time="0.004" /><testcase classname="tests.test_assumptions_verification" name="test_assum_002_verified" time="0.004" /><testcase classname="tests.test_assumptions_verification" name="test_all_verified_assumptions_have_required_fields" time="0.004" /><testcase classname="tests.test_payloads_registry" name="test_payload_round_trip_is_deterministic" time="0.000" /><testcase classname="tests.test_payloads_registry.TestRegistryCompleteness" name="test_review_report_resolves_to_model" time="0.000" /><testcase classname="tests.test_payloads_registry.TestRegistryCompleteness" name="test_all_seven_types_registered[adr-ADRPayload]" time="0.000" /><testcase classname="tests.test_payloads_registry.TestRegistryCompleteness" name="test_all_seven_types_registered[review_report-ReviewReportPayload]" time="0.000" /><testcase classname="tests.test_payloads_registry.TestRegistryCompleteness" name="test_all_seven_types_registered[build_outcome-BuildOutcomePayload]" time="0.000" /><testcase classname="tests.test_payloads_registry.TestRegistryCompleteness" name="test_all_seven_types_registered[pattern-PatternPayload]" time="0.000" /><testcase classname="tests.test_payloads_registry.TestRegistryCompleteness" name="test_all_seven_types_registered[warning-WarningPayload]" time="0.000" /><testcase classname="tests.test_payloads_registry.TestRegistryCompleteness" name="test_all_seven_types_registered[seed_module-SeedModulePayload]" time="0.000" /><testcase classname="tests.test_payloads_registry.TestRegistryCompleteness" name="test_all_seven_types_registered[document-DocumentPayload]" time="0.000" /><testcase classname="tests.test_payloads_registry.TestRegistryBijection" name="test_every_name_maps_to_exactly_one_model" time="0.000" /><testcase classname="tests.test_payloads_registry.TestRegistryBijection" name="test_no_two_names_map_to_same_model" time="0.000" /><testcase classname="tests.test_payloads_registry.TestModelToNameMapping" name="test_payload_reports_its_dispatch_name" time="0.000" /><testcase classname="tests.test_payloads_registry.TestModelToNameMapping" name="test_get_type_for_model_returns_canonical_name" time="0.000" /><testcase classname="tests.test_payloads_registry.TestUnknownTypeRejection" name="test_unknown_type_raises_error_with_name" time="0.000" /><testcase classname="tests.test_payloads_registry.TestUnknownTypeRejection" name="test_case_sensitive_lookup_rejects_wrong_case" time="0.000" /><testcase classname="tests.test_payloads_registry.TestUnknownTypeRejection" name="test_registry_direct_access_raises_keyerror" time="0.000" /><testcase classname="tests.test_payloads_registry.TestRoundTripEquality" name="test_round_trip_preserves_equality_and_natural_key[&lt;lambda&gt;0]" time="0.000" /><testcase classname="tests.test_payloads_registry.TestRoundTripEquality" name="test_round_trip_preserves_equality_and_natural_key[&lt;lambda&gt;1]" time="0.000" /><testcase classname="tests.test_payloads_registry.TestRoundTripEquality" name="test_round_trip_preserves_equality_and_natural_key[&lt;lambda&gt;2]" time="0.000" /><testcase classname="tests.test_payloads_registry.TestRoundTripEquality" name="test_round_trip_preserves_equality_and_natural_key[&lt;lambda&gt;3]" time="0.000" /><testcase classname="tests.test_payloads_registry.TestRoundTripEquality" name="test_round_trip_preserves_equality_and_natural_key[&lt;lambda&gt;4]" time="0.000" /><testcase classname="tests.test_payloads_registry.TestRoundTripEquality" name="test_round_trip_preserves_equality_and_natural_key[&lt;lambda&gt;5]" time="0.000" /><testcase classname="tests.test_payloads_registry.TestRoundTripEquality" name="test_round_trip_preserves_equality_and_natural_key[&lt;lambda&gt;6]" time="0.000" /><testcase classname="tests.test_payloads_registry.TestRoundTripDeterminism" name="test_repeated_round_trips_produce_identical_natural_key" time="0.000" /><testcase classname="tests.test_payloads_registry.TestWriteSurfaceEquivalence" name="test_same_payload_produces_identical_serialization" time="0.000" /><testcase classname="tests.test_payloads_registry.TestVersionAdvancement" name="test_version_advance_preserves_natural_key" time="0.000" /><testcase classname="tests.test_payloads_registry.TestExtraFieldIgnored" name="test_extra_fields_ignored_during_rebuild" time="0.000" /><testcase classname="tests.test_payloads_registry.TestNaturalKeyDeduplication" name="test_identical_coordinates_produce_same_natural_key" time="0.000" /><testcase classname="tests.unit.relay.test_chunk_writer" name="test_chunk_key_is_deterministic_uuid5" time="0.002" /><testcase classname="tests.unit.relay.test_chunk_writer" name="test_redelivery_overwrites_same_keys_no_duplicates" time="0.001" /><testcase classname="tests.unit.relay.test_chunk_writer" name="test_stored_value_contains_content_field" time="0.001" /><testcase classname="tests.unit.relay.test_chunk_writer" name="test_chunk_stored_under_project_chunk_namespace" time="0.001" /><testcase classname="tests.unit.relay.test_chunk_writer" name="test_hyphenated_project_raises_namespace_validation_error" time="0.001" /><testcase classname="tests.unit.relay.test_chunk_writer" name="test_path_shaped_episode_id_confined_to_namespace" time="0.001" /><testcase classname="tests.unit.relay.test_chunk_writer" name="test_chunk_written_under_project_chunk_namespace_seam" time="0.001" /><testcase classname="tests.unit.relay.test_chunk_writer" name="test_no_duplicate_chunks_on_redelivery" time="0.001" /><testcase classname="tests.unit.relay.test_chunk_writer" name="test_empty_chunks_list_writes_nothing" time="0.001" /><testcase classname="tests.unit.relay.test_chunk_writer" name="test_chunks_must_share_same_project" time="0.001" /><testcase classname="tests.unit.relay.test_chunker.TestChunkProseUnderTargetSize" name="test_short_body_returns_single_chunk" time="0.000" /><testcase classname="tests.unit.relay.test_chunker.TestChunkProseUnderTargetSize" name="test_body_exactly_at_target_returns_single_chunk" time="0.000" /><testcase classname="tests.unit.relay.test_chunker.TestChunkProseOverTargetSize" name="test_body_just_over_target_returns_two_chunks" time="0.000" /><testcase classname="tests.unit.relay.test_chunker.TestChunkProseOverTargetSize" name="test_two_chunks_have_overlapping_content" time="0.000" /><testcase classname="tests.unit.relay.test_chunker.TestChunkProseHeadingAware" name="test_splits_at_heading_boundaries_when_possible" time="0.000" /><testcase classname="tests.unit.relay.test_chunker.TestChunkProseHeadingAware" name="test_heading_never_orphaned_from_section" time="0.000" /><testcase classname="tests.unit.relay.test_chunker.TestChunkProseOverlap" name="test_each_chunk_after_first_has_overlap" time="0.000" /><testcase classname="tests.unit.relay.test_chunker.TestChunkProseEmptyBody" name="test_empty_string_returns_empty_list" time="0.000" /><testcase classname="tests.unit.relay.test_chunker.TestChunkProseEmptyBody" name="test_whitespace_only_returns_empty_list" time="0.000" /><testcase classname="tests.unit.relay.test_chunker.TestChunkProseEmptyBody" name="test_only_newlines_returns_empty_list" time="0.000" /><testcase classname="tests.unit.relay.test_chunker.TestChunkProseMetadata" name="test_chunk_index_monotonic_from_zero" time="0.000" /><testcase classname="tests.unit.relay.test_chunker.TestChunkProseMetadata" name="test_source_ref_propagates_to_all_chunks" time="0.000" /><testcase classname="tests.unit.relay.test_chunker.TestChunkProseMetadata" name="test_project_propagates_to_all_chunks" time="0.000" /><testcase classname="tests.unit.relay.test_chunker.TestChunkProseMetadata" name="test_source_ref_none_propagates" time="0.000" /><testcase classname="tests.unit.relay.test_chunker.TestChunkProsePurity" name="test_deterministic_same_input_same_output" time="0.000" /><testcase classname="tests.unit.relay.test_chunker.TestChunkProsePurity" name="test_no_side_effects_input_unchanged" time="0.000" /><testcase classname="tests.unit.relay.test_chunker.TestChunkProseMultipleChunks" name="test_very_long_document_produces_multiple_chunks" time="0.000" /><testcase classname="tests.unit.relay.test_chunker" name="test_chunk_contract_shape" time="0.000" /><testcase classname="tests.unit.relay.test_chunker.TestChunkProseEdgeCases" name="test_single_word_body" time="0.000" /><testcase classname="tests.unit.relay.test_chunker.TestChunkProseEdgeCases" name="test_zero_overlap_ratio" time="0.000" /><testcase classname="tests.unit.relay.test_chunker.TestChunkProseEdgeCases" name="test_high_overlap_ratio" time="0.000" /><testcase classname="tests.unit.relay.test_errors" name="test_import_poison_episode_error" time="0.000" /><testcase classname="tests.unit.relay.test_errors" name="test_import_transient_ingest_error" time="0.000" /><testcase classname="tests.unit.relay.test_errors" name="test_poison_episode_error_subclasses_exception" time="0.000" /><testcase classname="tests.unit.relay.test_errors" name="test_transient_ingest_error_subclasses_exception" time="0.000" /><testcase classname="tests.unit.relay.test_errors" name="test_poison_episode_error_carries_reason" time="0.000" /><testcase classname="tests.unit.relay.test_errors" name="test_poison_episode_error_carries_optional_detail" time="0.000" /><testcase classname="tests.unit.relay.test_errors" name="test_poison_episode_error_detail_is_optional" time="0.000" /><testcase classname="tests.unit.relay.test_errors" name="test_transient_ingest_error_has_message" time="0.000" /><testcase classname="tests.unit.relay.test_errors" name="test_exceptions_are_not_in_same_subtree" time="0.000" /><testcase classname="tests.unit.relay.test_errors" name="test_module_docstring_states_default_to_transient_policy" time="0.000" /><testcase classname="tests.unit.relay.test_errors" name="test_poison_episode_error_can_be_raised_and_caught" time="0.000" /><testcase classname="tests.unit.relay.test_errors" name="test_transient_ingest_error_can_be_raised_and_caught" time="0.000" /><testcase classname="tests.unit.relay.test_handler" name="test_clean_ingest_return_acks_message" time="0.003" /><testcase classname="tests.unit.relay.test_handler" name="test_poison_error_routes_to_dlq" time="0.002" /><testcase classname="tests.unit.relay.test_handler" name="test_transient_error_naks_for_redelivery" time="0.001" /><testcase classname="tests.unit.relay.test_handler" name="test_unenumerated_exception_treated_as_transient" time="0.002" /><testcase classname="tests.unit.relay.test_handler" name="test_settings_expose_dlq_configuration" time="0.001" /><testcase classname="tests.unit.relay.test_schema.TestContentFormat" name="test_content_format_has_exactly_three_values" time="0.000" /><testcase classname="tests.unit.relay.test_schema.TestContentFormat" name="test_content_format_values_are_lowercase" time="0.000" /><testcase classname="tests.unit.relay.test_schema.TestMemoryEpisodeV1" name="test_parses_valid_json_envelope_without_error" time="0.000" /><testcase classname="tests.unit.relay.test_schema.TestMemoryEpisodeV1" name="test_parses_valid_markdown_envelope_without_error" time="0.000" /><testcase classname="tests.unit.relay.test_schema.TestMemoryEpisodeV1" name="test_parses_text_envelope_without_error" time="0.000" /><testcase classname="tests.unit.relay.test_schema.TestMemoryEpisodeV1" name="test_content_format_stored_as_is_for_unrecognized_value" time="0.000" /><testcase classname="tests.unit.relay.test_schema.TestMemoryEpisodeV1" name="test_extra_fields_ignored_not_rejected" time="0.000" /><testcase classname="tests.unit.relay.test_schema.TestMemoryEpisodeV1" name="test_round_trip_parse_for_json_format" time="0.000" /><testcase classname="tests.unit.relay.test_schema.TestMemoryEpisodeV1" name="test_round_trip_parse_for_markdown_format" time="0.000" /><testcase classname="tests.unit.relay.test_schema.TestMemoryEpisodeV1" name="test_round_trip_parse_for_text_format" time="0.000" /><testcase classname="tests.unit.relay.test_schema.TestMemoryEpisodeV1" name="test_round_trip_parse_preserves_extra_field_ignore_behavior" time="0.000" /><testcase classname="tests.unit.relay.test_schema.TestMemoryEpisodeV1" name="test_required_fields_are_enforced" time="0.000" /><testcase classname="tests.unit.relay.test_schema.TestChunk" name="test_chunk_is_frozen_immutable" time="0.000" /><testcase classname="tests.unit.relay.test_schema.TestChunk" name="test_chunk_carries_all_required_fields" time="0.000" /><testcase classname="tests.unit.relay.test_schema.TestChunk" name="test_chunk_with_none_source_ref" time="0.000" /><testcase classname="tests.unit.relay.test_schema.TestChunk" name="test_chunk_validates_required_fields" time="0.000" /><testcase classname="tests.unit.relay.test_schema.TestImportability" name="test_can_import_all_schema_types" time="0.000" /><testcase classname="tests.unit.relay.test_service" name="test_json_episode_writes_typed_payload" time="0.002" /><testcase classname="tests.unit.relay.test_service" name="test_markdown_episode_chunks_and_writes" time="0.002" /><testcase classname="tests.unit.relay.test_service" name="test_text_episode_chunks_and_writes" time="0.002" /><testcase classname="tests.unit.relay.test_service" name="test_unknown_payload_type_raises_poison_error" time="0.002" /><testcase classname="tests.unit.relay.test_service" name="test_invalid_payload_raises_poison_error" time="0.002" /><testcase classname="tests.unit.relay.test_service" name="test_unrecognized_content_format_raises_poison_error" time="0.001" /><testcase classname="tests.unit.relay.test_service" name="test_hyphenated_project_raises_poison_on_json_path" time="0.001" /><testcase classname="tests.unit.relay.test_service" name="test_hyphenated_project_raises_poison_on_chunk_path" time="0.001" /><testcase classname="tests.unit.relay.test_service" name="test_embed_service_error_raises_transient" time="0.002" /><testcase classname="tests.unit.relay.test_service" name="test_embed_timeout_raises_transient" time="0.002" /><testcase classname="tests.unit.relay.test_service" name="test_empty_markdown_returns_cleanly" time="0.002" /><testcase classname="tests.unit.relay.test_service" name="test_redelivery_json_is_idempotent" time="0.002" /><testcase classname="tests.unit.relay.test_service" name="test_redelivery_chunks_is_idempotent" time="0.002" /><testcase classname="tests.unit.relay.test_service" name="test_no_llm_calls" time="0.001" /><testcase classname="tests.unit.relay.test_service" name="test_no_nats_imports" time="0.001" /><testcase classname="tests.unit.relay.test_service" name="test_unknown_format_is_poison" time="0.002" /><testcase classname="tests.unit.relay.test_service" name="test_embed_dimension_error_raises_poison" time="0.002" /><testcase classname="tests.unit.relay.test_service" name="test_unenumerated_exception_raises_transient" time="0.001" /><testcase classname="tests.unit.relay.test_service" name="test_json_episode_with_none_payload_type_raises_poison" time="0.002" /><testcase classname="tests.unit.relay.test_service" name="test_unparseable_json_body_raises_poison" time="0.002" /><testcase classname="tests.unit.test_app_lifespan" name="test_lifespan_enters_and_exits_cleanly_with_fake_store" time="0.007"><failure message="TypeError: DeterministicWriter.__init__() missing 1 required positional argument: 'settings'">tests/unit/test_app_lifespan.py:55: in test_lifespan_enters_and_exits_cleanly_with_fake_store
    async with app.lifespan_context(app):
               ^^^^^^^^^^^^^^^^^^^^^^^^^
/Library/Frameworks/Python.framework/Versions/3.14/lib/python3.14/contextlib.py:214: in __aenter__
    return await anext(self.gen)
           ^^^^^^^^^^^^^^^^^^^^^
src/fleet_memory/app.py:81: in lifespan
    deterministic_writer = DeterministicWriter(store=store)
                           ^^^^^^^^^^^^^^^^^^^^^^^^^^^^^^^^
E   TypeError: DeterministicWriter.__init__() missing 1 required positional argument: 'settings'</failure></testcase><testcase classname="tests.unit.test_app_lifespan" name="test_startup_failure_with_unreachable_database" time="7.009" /><testcase classname="tests.unit.test_app_lifespan" name="test_app_import_succeeds_with_valid_env" time="0.001" /><testcase classname="tests.unit.test_app_lifespan" name="test_no_subscribers_registered_on_broker" time="0.001" /><testcase classname="tests.unit.test_credential_hygiene.TestEmbedServiceErrorHygiene" name="test_http_500_error_does_not_leak_password" time="0.002" /><testcase classname="tests.unit.test_credential_hygiene.TestEmbedServiceErrorHygiene" name="test_malformed_json_error_does_not_leak_password" time="0.001" /><testcase classname="tests.unit.test_credential_hygiene.TestEmbedServiceErrorHygiene" name="test_missing_data_field_error_does_not_leak_password" time="0.001" /><testcase classname="tests.unit.test_credential_hygiene.TestEmbedServiceErrorHygiene" name="test_timeout_error_does_not_leak_password" time="0.001" /><testcase classname="tests.unit.test_credential_hygiene.TestEmbedServiceErrorHygiene" name="test_generic_exception_does_not_leak_password" time="0.001" /><testcase classname="tests.unit.test_credential_hygiene.TestStoreContextErrorHygiene" name="test_store_context_construction_does_not_expose_password" time="0.001" /><testcase classname="tests.unit.test_credential_hygiene.TestStoreContextErrorHygiene" name="test_settings_repr_does_not_expose_password_in_plain_text" time="0.001" /><testcase classname="tests.unit.test_credential_hygiene.TestErrorMessageFormat" name="test_embed_service_error_includes_safe_details" time="0.001" /><testcase classname="tests.unit.test_credential_hygiene.TestErrorMessageFormat" name="test_multiple_embed_errors_never_leak_password" time="0.001" /><testcase classname="tests.unit.test_embed" name="test_successful_embed_single_text" time="0.001" /><testcase classname="tests.unit.test_embed" name="test_successful_embed_multiple_texts" time="0.008" /><testcase classname="tests.unit.test_embed" name="test_embed_request_format" time="0.002" /><testcase classname="tests.unit.test_embed" name="test_embed_url_normalization" time="0.001" /><testcase classname="tests.unit.test_embed" name="test_dimension_mismatch_raises_error[512]" time="0.001" /><testcase classname="tests.unit.test_embed" name="test_dimension_mismatch_raises_error[767]" time="0.001" /><testcase classname="tests.unit.test_embed" name="test_dimension_mismatch_raises_error[769]" time="0.001" /><testcase classname="tests.unit.test_embed" name="test_dimension_mismatch_raises_error[1024]" time="0.001" /><testcase classname="tests.unit.test_embed" name="test_http_500_raises_embed_service_error" time="0.001" /><testcase classname="tests.unit.test_embed" name="test_malformed_json_raises_embed_service_error" time="0.001" /><testcase classname="tests.unit.test_embed" name="test_missing_data_field_raises_embed_service_error" time="0.001" /><testcase classname="tests.unit.test_embed" name="test_timeout_raises_embed_timeout_error" time="0.001" /><testcase classname="tests.unit.test_embed" name="test_embed_service_error_includes_url_not_credentials" time="0.001" /><testcase classname="tests.unit.test_embed" name="test_make_fake_embed_default_dims" time="0.001" /><testcase classname="tests.unit.test_embed" name="test_make_fake_embed_custom_dims" time="0.001" /><testcase classname="tests.unit.test_embed" name="test_make_fake_embed_deterministic" time="0.001" /><testcase classname="tests.unit.test_embed" name="test_make_fake_embed_different_texts_different_vectors" time="0.001" /><testcase classname="tests.unit.test_embed" name="test_make_fake_embed_unit_norm" time="0.001" /><testcase classname="tests.unit.test_fake_embed_fixture" name="test_fake_embed_produces_768_dim_vector" time="0.000" /><testcase classname="tests.unit.test_fake_embed_fixture" name="test_fake_embed_is_deterministic" time="0.000" /><testcase classname="tests.unit.test_fake_embed_fixture" name="test_fake_embed_different_inputs_differ" time="0.000" /><testcase classname="tests.unit.test_fake_embed_fixture" name="test_fake_embed_values_in_valid_range" time="0.000" /><testcase classname="tests.unit.test_payloads.TestNaturalKeyConstruction" name="test_natural_key_is_three_colon_separated_segments" time="0.000" /><testcase classname="tests.unit.test_payloads.TestIdentifierValidation" name="test_valid_identifiers_with_underscores_accepted[valid_project-valid_id]" time="0.000" /><testcase classname="tests.unit.test_payloads.TestIdentifierValidation" name="test_valid_identifiers_with_underscores_accepted[project123-id456]" time="0.000" /><testcase classname="tests.unit.test_payloads.TestIdentifierValidation" name="test_valid_identifiers_with_underscores_accepted[a_b_c-x_y_z]" time="0.000" /><testcase classname="tests.unit.test_payloads.TestIdentifierValidation" name="test_valid_identifiers_with_underscores_accepted[project_2026-item_42]" time="0.000" /><testcase classname="tests.unit.test_payloads.TestIdentifierValidation" name="test_hyphens_and_colons_rejected_with_clear_error[my-project-valid_id-project]" time="0.000" /><testcase classname="tests.unit.test_payloads.TestIdentifierValidation" name="test_hyphens_and_colons_rejected_with_clear_error[valid_project-my-id-identifier]" time="0.000" /><testcase classname="tests.unit.test_payloads.TestIdentifierValidation" name="test_hyphens_and_colons_rejected_with_clear_error[ADR:SP:007-valid_id-project]" time="0.000" /><testcase classname="tests.unit.test_payloads.TestIdentifierValidation" name="test_hyphens_and_colons_rejected_with_clear_error[valid_project-ID:INJECT-identifier]" time="0.000" /><testcase classname="tests.unit.test_payloads.TestIdentifierValidation" name="test_empty_identifier_rejected" time="0.000" /><testcase classname="tests.unit.test_payloads.TestIdentifierValidation" name="test_empty_project_rejected" time="0.000" /><testcase classname="tests.unit.test_payloads.TestSupersessionValidation" name="test_valid_three_segment_references_accepted" time="0.000" /><testcase classname="tests.unit.test_payloads.TestSupersessionValidation" name="test_malformed_references_rejected[only_two:segments]" time="0.000" /><testcase classname="tests.unit.test_payloads.TestSupersessionValidation" name="test_malformed_references_rejected[too:many:segments:here]" time="0.000" /><testcase classname="tests.unit.test_payloads.TestSupersessionValidation" name="test_malformed_references_rejected[single]" time="0.000" /><testcase classname="tests.unit.test_payloads.TestSupersessionValidation" name="test_malformed_references_rejected[four:segments:are:invalid]" time="0.000" /><testcase classname="tests.unit.test_payloads.TestSupersessionValidation" name="test_malformed_references_rejected[free text description]" time="0.000" /><testcase classname="tests.unit.test_payloads.TestSupersessionValidation" name="test_self_supersession_rejected" time="0.000" /><testcase classname="tests.unit.test_payloads.TestSupersessionValidation" name="test_cross_project_supersession_accepted" time="0.000" /><testcase classname="tests.unit.test_payloads.TestSupersessionValidation" name="test_duplicate_supersession_collapsed" time="0.000" /><testcase classname="tests.unit.test_payloads.TestSupersessionValidation" name="test_empty_supersedes_accepted" time="0.000" /><testcase classname="tests.unit.test_payloads.TestDefaultValues" name="test_domain_tags_defaults_to_empty" time="0.000" /><testcase classname="tests.unit.test_payloads.TestDefaultValues" name="test_version_defaults_to_1" time="0.000" /><testcase classname="tests.unit.test_payloads.TestDefaultValues" name="test_supersedes_defaults_to_empty" time="0.000" /><testcase classname="tests.unit.test_payloads.TestForwardCompatibility" name="test_unknown_fields_ignored" time="0.000" /><testcase classname="tests.unit.test_payloads.TestRequiredFields" name="test_source_ref_required" time="0.000" /><testcase classname="tests.unit.test_payloads.TestRequiredFields" name="test_project_required" time="0.000" /><testcase classname="tests.unit.test_payloads.TestRequiredFields" name="test_identifier_required" time="0.000" /><testcase classname="tests.unit.test_payloads.TestConcretePayloadTypes" name="test_adr_natural_key_format" time="0.000" /><testcase classname="tests.unit.test_payloads.TestConcretePayloadTypes" name="test_document_accepts_no_type_specific_fields" time="0.000" /><testcase classname="tests.unit.test_payloads.TestConcretePayloadTypes" name="test_review_report_requires_verdict" time="0.000" /><testcase classname="tests.unit.test_payloads.TestConcretePayloadTypes" name="test_review_report_with_verdict_accepted" time="0.000" /><testcase classname="tests.unit.test_payloads.TestConcretePayloadTypes" name="test_build_outcome_payload" time="0.000" /><testcase classname="tests.unit.test_payloads.TestConcretePayloadTypes" name="test_pattern_payload" time="0.000" /><testcase classname="tests.unit.test_payloads.TestConcretePayloadTypes" name="test_warning_payload" time="0.000" /><testcase classname="tests.unit.test_payloads.TestConcretePayloadTypes" name="test_seed_module_payload" time="0.000" /><testcase classname="tests.unit.test_payloads.TestConcretePayloadTypes" name="test_all_types_inherit_base_validators" time="0.000" /><testcase classname="tests.unit.test_scaffold" name="test_package_imports" time="0.000" /><testcase classname="tests.unit.test_scaffold" name="test_langgraph_store_import" time="0.000" /><testcase classname="tests.unit.test_settings.TestSettingsValidation" name="test_missing_all_required_fields_names_each_field" time="0.001" /><testcase classname="tests.unit.test_settings.TestSettingsValidation" name="test_missing_pg_dsn_only" time="0.000" /><testcase classname="tests.unit.test_settings.TestSettingsValidation" name="test_missing_embed_url_only" time="0.000" /><testcase classname="tests.unit.test_settings.TestSettingsValidation" name="test_empty_string_pg_dsn_raises_validation_error" time="0.000" /><testcase classname="tests.unit.test_settings.TestSettingsValidation" name="test_whitespace_only_pg_dsn_raises_validation_error" time="0.000" /><testcase classname="tests.unit.test_settings.TestSettingsValidation" name="test_empty_string_embed_url_raises_validation_error" time="0.000" /><testcase classname="tests.unit.test_settings.TestSettingsValidation" name="test_whitespace_only_embed_url_raises_validation_error" time="0.000" /><testcase classname="tests.unit.test_settings.TestSettingsDefaults" name="test_all_defaults_match_documented_values" time="0.000" /><testcase classname="tests.unit.test_settings.TestSettingsDefaults" name="test_defaults_when_only_required_fields_provided" time="0.000" /><testcase classname="tests.unit.test_settings.TestSettingsPrefixIsolation" name="test_unprefixed_pg_dsn_is_ignored" time="0.000" /><testcase classname="tests.unit.test_settings.TestSettingsPrefixIsolation" name="test_unprefixed_embed_url_is_ignored" time="0.000" /><testcase classname="tests.unit.test_settings.TestSettingsPrefixIsolation" name="test_unprefixed_optional_fields_ignored" time="0.000" /><testcase classname="tests.unit.test_settings.TestSettingsEnvPrecedence" name="test_os_env_overrides_env_file" time="0.004" /><testcase classname="tests.unit.test_settings.TestSettingsEnvPrecedence" name="test_env_file_used_when_no_os_env" time="0.001" /><testcase classname="tests.unit.test_settings.TestSettingsNoForbiddenImports" name="test_settings_module_has_no_nats_imports" time="0.001" /><testcase classname="tests.unit.test_settings.TestSettingsNoForbiddenImports" name="test_settings_module_has_no_httpx_imports" time="0.002" /><testcase classname="tests.unit.test_settings.TestSettingsNoForbiddenImports" name="test_settings_module_has_no_psycopg_imports" time="0.000" /><testcase classname="tests.unit.test_settings.TestSettingsIntegration" name="test_ac001_verification_command" time="0.001" /><testcase classname="tests.unit.test_settings.TestSettingsIntegration" name="test_realistic_mac_dev_config" time="0.000" /><testcase classname="tests.unit.test_settings.TestSettingsIntegration" name="test_custom_override_values" time="0.000" /><testcase classname="tests.unit.test_store_validation.TestNamespaceValidation" name="test_namespace_validation_table[namespace0-True]" time="0.000" /><testcase classname="tests.unit.test_store_validation.TestNamespaceValidation" name="test_namespace_validation_table[namespace1-True]" time="0.000" /><testcase classname="tests.unit.test_store_validation.TestNamespaceValidation" name="test_namespace_validation_table[namespace2-True]" time="0.000" /><testcase classname="tests.unit.test_store_validation.TestNamespaceValidation" name="test_namespace_validation_table[namespace3-True]" time="0.000" /><testcase classname="tests.unit.test_store_validation.TestNamespaceValidation" name="test_namespace_validation_table[namespace4-True]" time="0.000" /><testcase classname="tests.unit.test_store_validation.TestNamespaceValidation" name="test_namespace_validation_table[namespace5-True]" time="0.000" /><testcase classname="tests.unit.test_store_validation.TestNamespaceValidation" name="test_namespace_validation_table[namespace6-False]" time="0.000" /><testcase classname="tests.unit.test_store_validation.TestNamespaceValidation" name="test_namespace_validation_table[namespace7-False]" time="0.000" /><testcase classname="tests.unit.test_store_validation.TestNamespaceValidation" name="test_namespace_validation_table[namespace8-False]" time="0.000" /><testcase classname="tests.unit.test_store_validation.TestNamespaceValidation" name="test_namespace_validation_table[namespace9-False]" time="0.000" /><testcase classname="tests.unit.test_store_validation.TestNamespaceValidation" name="test_namespace_validation_table[namespace10-False]" time="0.000" /><testcase classname="tests.unit.test_store_validation.TestNamespaceValidation" name="test_namespace_validation_table[namespace11-False]" time="0.000" /><testcase classname="tests.unit.test_store_validation.TestNamespaceValidation" name="test_namespace_validation_table[namespace12-False]" time="0.000" /><testcase classname="tests.unit.test_store_validation.TestNamespaceValidation" name="test_namespace_validation_table[namespace13-False]" time="0.000" /><testcase classname="tests.unit.test_store_validation.TestNamespaceValidation" name="test_namespace_validation_table[namespace14-False]" time="0.000" /><testcase classname="tests.unit.test_store_validation.TestNamespaceValidation" name="test_hyphen_namespace_explicit" time="0.000" /><testcase classname="tests.unit.test_store_validation.TestNamespaceValidation" name="test_valid_namespace_explicit" time="0.000" /><testcase classname="tests.unit.test_store_validation.TestStoreFactory" name="test_factory_construction_with_fake_embed" time="0.000" /><testcase classname="tests.unit.test_store_validation.TestStoreFactory" name="test_factory_construction_without_embed_fn" time="0.000" /><testcase classname="tests.unit.test_store_validation" name="test_pg_dsn_format_is_psycopg3_conninfo" time="0.000" /><testcase classname="tests.unit.test_store_validation" name="test_embed_callable_returns_768_dim_vectors" time="0.001" /><testcase classname="tests.unit.test_supersession" name="test_write_successor_marks_predecessor_superseded_by" time="0.001" /><testcase classname="tests.unit.test_supersession" name="test_superseded_record_excluded_from_default_retrieval" time="0.001" /><testcase classname="tests.unit.test_supersession" name="test_declaring_count_predecessors_retires_exactly_count[0]" time="0.001" /><testcase classname="tests.unit.test_supersession" name="test_declaring_count_predecessors_retires_exactly_count[1]" time="0.001" /><testcase classname="tests.unit.test_supersession" name="test_declaring_count_predecessors_retires_exactly_count[5]" time="0.019" /><testcase classname="tests.unit.test_supersession" name="test_forward_supersession_succeeds" time="0.001" /><testcase classname="tests.unit.test_supersession" name="test_cross_project_supersession" time="0.001" /><testcase classname="tests.unit.test_supersession" name="test_idempotent_redeclaration" time="0.001" /><testcase classname="tests.unit.test_supersession" name="test_chain_collapse_traceable" time="0.001" /><testcase classname="tests.unit.test_supersession" name="test_racing_successors_resolve_to_one" time="0.001" /><testcase classname="tests.unit.test_supersession" name="test_apply_supersessions_helper_marks_multiple_predecessors" time="0.001" /><testcase classname="tests.unit.test_writer_core" name="test_write_payload_stores_record_in_correct_namespace" time="0.001" /><testcase classname="tests.unit.test_writer_core" name="test_write_same_payload_twice_produces_same_identity" time="0.001" /><testcase classname="tests.unit.test_writer_core" name="test_write_identical_content_is_noop" time="0.001" /><testcase classname="tests.unit.test_writer_core" name="test_write_changed_content_advances_version" time="0.001" /><testcase classname="tests.unit.test_writer_core" name="test_byte_identical_content_no_new_version" time="0.001" /><testcase classname="tests.unit.test_writer_core" name="test_single_character_difference_creates_new_version" time="0.001" /><testcase classname="tests.unit.test_writer_core" name="test_written_payload_has_content_field" time="0.001" /><testcase classname="tests.unit.test_writer_core" name="test_batch_write_distinct_keys_produces_n_records" time="0.001" /><testcase classname="tests.unit.test_writer_core" name="test_batch_write_empty_produces_zero_records" time="0.001" /><testcase classname="tests.unit.test_writer_core" name="test_batch_write_duplicate_keys_collapses" time="0.001" /><testcase classname="tests.unit.test_writer_core" name="test_hyphenated_project_namespace_rejected" time="0.001" /><testcase classname="tests.unit.test_writer_core" name="test_non_registered_payload_rejected" time="0.001" /><testcase classname="tests.unit.test_writer_core" name="test_embedding_unavailable_fails_write" time="0.001" /><testcase classname="tests.unit.test_writer_core" name="test_no_llm_client_constructed" time="0.002" /><testcase classname="tests.unit.test_writer_core" name="test_writer_record_carries_content_and_namespace" time="0.000" /><testcase classname="tests.unit.test_writer_core" name="test_stored_value_includes_metadata" time="0.001" /><testcase classname="tests.unit.test_writer_core" name="test_natural_key_used_as_store_key" time="0.001" /><testcase classname="tests.unit.test_writer_idempotency" name="test_identical_content_twice_is_noop_no_reembed" time="0.001" /><testcase classname="tests.unit.test_writer_idempotency" name="test_byte_identical_content_no_new_version" time="0.001" /><testcase classname="tests.unit.test_writer_idempotency" name="test_single_character_change_advances_version" time="0.001" /><testcase classname="tests.unit.test_writer_idempotency" name="test_batch_zero_items_produces_no_records" time="0.001" /><testcase classname="tests.unit.test_writer_idempotency" name="test_batch_one_item_produces_one_record" time="0.001" /><testcase classname="tests.unit.test_writer_idempotency" name="test_batch_fifty_distinct_keys_produces_fifty_records" time="0.003" /><testcase classname="tests.unit.test_writer_idempotency" name="test_batch_duplicate_keys_collapse_to_one_per_key" time="0.001" /><testcase classname="tests.unit.test_writer_idempotency" name="test_full_corpus_rerun_creates_no_new_records" time="0.002" /><testcase classname="tests.unit.test_writer_idempotency" name="test_embedding_unavailable_fails_write_no_partial_record" time="0.001" /><testcase classname="tests.unit.test_writer_idempotency" name="test_embedding_dimension_mismatch_fails_write" time="0.001" /><testcase classname="tests.unit.test_writer_idempotency" name="test_database_unreachable_fails_write_no_partial_record" time="0.001" /><testcase classname="tests.unit.test_writer_idempotency" name="test_hyphen_namespace_rejected_before_write" time="0.001" /><testcase classname="tests.unit.test_writer_idempotency" name="test_non_registered_payload_rejected" time="0.001" /><testcase classname="tests.unit.test_writer_idempotency" name="test_hostile_content_written_byte_identical_inert" time="0.001" /><testcase classname="tests.unit.test_writer_idempotency" name="test_delimiter_in_identifier_rejected" time="0.001" /><testcase classname="tests.unit.test_writer_idempotency" name="test_zero_llm_no_anthropic_import_in_writer" time="0.000" /><testcase classname="tests.unit.test_writer_idempotency" name="test_zero_llm_no_llm_modules_imported_during_writer_construction" time="0.001" /><testcase classname="tests.unit.test_writer_idempotency" name="test_zero_llm_write_operation_touches_no_llm_modules" time="0.001" /><testcase classname="tests.unit.test_writer_idempotency" name="test_zero_llm_negative_fails_if_anthropic_added" time="0.000" /><testcase classname="tests.unit.test_writer_identity.TestRecordIdentity" name="test_returns_uuid5" time="0.000" /><testcase classname="tests.unit.test_writer_identity.TestRecordIdentity" name="test_same_key_yields_identical_uuid" time="0.000" /><testcase classname="tests.unit.test_writer_identity.TestRecordIdentity" name="test_uses_single_namespace_constant" time="0.000" /><testcase classname="tests.unit.test_writer_identity.TestRecordIdentity" name="test_same_segments_yield_same_identity" time="0.000" /><testcase classname="tests.unit.test_writer_identity.TestRecordIdentity" name="test_different_project_yields_different_identity" time="0.000" /><testcase classname="tests.unit.test_writer_identity.TestRecordIdentity" name="test_different_identifier_yields_different_identity" time="0.000" /><testcase classname="tests.unit.test_writer_identity.TestRecordIdentity" name="test_different_payload_type_yields_different_identity" time="0.000" /><testcase classname="tests.unit.test_writer_identity.TestContentHash" name="test_version_change_does_not_affect_hash" time="0.000" /><testcase classname="tests.unit.test_writer_identity.TestContentHash" name="test_semantic_content_change_affects_hash" time="0.000" /><testcase classname="tests.unit.test_writer_identity.TestContentHash" name="test_single_character_change_affects_hash" time="0.000" /><testcase classname="tests.unit.test_writer_identity.TestContentHash" name="test_domain_tags_affect_hash" time="0.000" /><testcase classname="tests.unit.test_writer_identity.TestContentHash" name="test_supersedes_affect_hash" time="0.000" /><testcase classname="tests.unit.test_writer_identity.TestContentHash" name="test_hash_stability_across_calls" time="0.000" /><testcase classname="tests.unit.test_writer_identity.TestPurityConstraints" name="test_no_io_imports" time="0.000" /><testcase classname="tests.unit.test_writer_identity.TestPurityConstraints" name="test_record_identity_is_pure" time="0.000" /><testcase classname="tests.unit.test_writer_identity.TestPurityConstraints" name="test_content_hash_is_pure" time="0.000" /><testcase classname="tests.unit.test_writer_supersession" name="test_supersede_and_link_marks_predecessor" time="0.001" /><testcase classname="tests.unit.test_writer_supersession" name="test_superseded_record_excluded_but_addressable" time="0.001" /><testcase classname="tests.unit.test_writer_supersession" name="test_supersession_count_outline[0]" time="0.001" /><testcase classname="tests.unit.test_writer_supersession" name="test_supersession_count_outline[1]" time="0.001" /><testcase classname="tests.unit.test_writer_supersession" name="test_supersession_count_outline[5]" time="0.002" /><testcase classname="tests.unit.test_writer_supersession" name="test_forward_supersession_applied_when_key_appears" time="0.001" /><testcase classname="tests.unit.test_writer_supersession" name="test_cross_project_supersession" time="0.001" /><testcase classname="tests.unit.test_writer_supersession" name="test_idempotent_redeclaration" time="0.001" /><testcase classname="tests.unit.test_writer_supersession" name="test_chain_collapse_traceable" time="0.001" /><testcase classname="tests.unit.test_writer_supersession" name="test_racing_successors_resolve_to_one" time="0.002" /></testsuite></testsuites>