<?xml version="1.0" encoding="utf-8"?><testsuites name="pytest tests"><testsuite name="pytest" errors="0" failures="1" skipped="0" tests="1" time="0.026" timestamp="2026-06-14T07:36:11.219319+01:00" hostname="Mac"><testcase classname="features.re-index-pipeline.test_re_index_pipeline" name="test_published_episodes_are_structured_so_the_relay_routes_them_to_the_deterministic_writer" time="0.001"><failure message="pytest_bdd.exceptions.StepDefinitionNotFoundError: Step definition is not found: Given &quot;the guardkit markdown corpus is available on disk with seed modules, ADRs, review reports, and completed-task outcomes&quot;. Line 30 in scenario &quot;Published episodes are structured so the relay routes them to the deterministic writer&quot; in the feature &quot;/Users/richardwoollcott/Projects/appmilla_github/fleet-memory/.guardkit/worktrees/FEAT-MEM-07/features/re-index-pipeline/re-index-pipeline.feature&quot;">E   pytest_bdd.exceptions.StepDefinitionNotFoundError: Step definition is not found: Given "the guardkit markdown corpus is available on disk with seed modules, ADRs, review reports, and completed-task outcomes". Line 30 in scenario "Published episodes are structured so the relay routes them to the deterministic writer" in the feature "/Users/richardwoollcott/Projects/appmilla_github/fleet-memory/.guardkit/worktrees/FEAT-MEM-07/features/re-index-pipeline/re-index-pipeline.feature"
All traceback entries are hidden. Pass `--full-trace` to see hidden and internal frames.</failure></testcase></testsuite></testsuites>