<?xml version="1.0" encoding="utf-8"?><testsuites name="pytest tests"><testsuite name="pytest" errors="0" failures="7" skipped="0" tests="7" time="0.028" timestamp="2026-06-14T08:10:03.659936+01:00" hostname="Mac"><testcase classname="features.re-index-pipeline.test_re_index_pipeline" name="test_a_seed_module_document_is_parsed_into_a_seedmodule_payload_and_published" time="0.000"><failure message="pytest_bdd.exceptions.StepDefinitionNotFoundError: Step definition is not found: Given &quot;the guardkit markdown corpus is available on disk with seed modules, ADRs, review reports, and completed-task outcomes&quot;. Line 30 in scenario &quot;A seed module document is parsed into a seed-module payload and published&quot; in the feature &quot;/Users/richardwoollcott/Projects/appmilla_github/fleet-memory/.guardkit/worktrees/FEAT-MEM-07/features/re-index-pipeline/re-index-pipeline.feature&quot;">E   pytest_bdd.exceptions.StepDefinitionNotFoundError: Step definition is not found: Given "the guardkit markdown corpus is available on disk with seed modules, ADRs, review reports, and completed-task outcomes". Line 30 in scenario "A seed module document is parsed into a seed-module payload and published" in the feature "/Users/richardwoollcott/Projects/appmilla_github/fleet-memory/.guardkit/worktrees/FEAT-MEM-07/features/re-index-pipeline/re-index-pipeline.feature"
All traceback entries are hidden. Pass `--full-trace` to see hidden and internal frames.</failure></testcase><testcase classname="features.re-index-pipeline.test_re_index_pipeline" name="test_an_adr_document_is_parsed_into_an_adr_payload_carrying_its_decision_and_status" time="0.000"><failure message="pytest_bdd.exceptions.StepDefinitionNotFoundError: Step definition is not found: Given &quot;the guardkit markdown corpus is available on disk with seed modules, ADRs, review reports, and completed-task outcomes&quot;. Line 30 in scenario &quot;An ADR document is parsed into an ADR payload carrying its decision and status&quot; in the feature &quot;/Users/richardwoollcott/Projects/appmilla_github/fleet-memory/.guardkit/worktrees/FEAT-MEM-07/features/re-index-pipeline/re-index-pipeline.feature&quot;">E   pytest_bdd.exceptions.StepDefinitionNotFoundError: Step definition is not found: Given "the guardkit markdown corpus is available on disk with seed modules, ADRs, review reports, and completed-task outcomes". Line 30 in scenario "An ADR document is parsed into an ADR payload carrying its decision and status" in the feature "/Users/richardwoollcott/Projects/appmilla_github/fleet-memory/.guardkit/worktrees/FEAT-MEM-07/features/re-index-pipeline/re-index-pipeline.feature"
All traceback entries are hidden. Pass `--full-trace` to see hidden and internal frames.</failure></testcase><testcase classname="features.re-index-pipeline.test_re_index_pipeline" name="test_a_review_report_document_is_parsed_into_a_reviewreport_payload_carrying_its_verdict" time="0.000"><failure message="pytest_bdd.exceptions.StepDefinitionNotFoundError: Step definition is not found: Given &quot;the guardkit markdown corpus is available on disk with seed modules, ADRs, review reports, and completed-task outcomes&quot;. Line 30 in scenario &quot;A review report document is parsed into a review-report payload carrying its verdict&quot; in the feature &quot;/Users/richardwoollcott/Projects/appmilla_github/fleet-memory/.guardkit/worktrees/FEAT-MEM-07/features/re-index-pipeline/re-index-pipeline.feature&quot;">E   pytest_bdd.exceptions.StepDefinitionNotFoundError: Step definition is not found: Given "the guardkit markdown corpus is available on disk with seed modules, ADRs, review reports, and completed-task outcomes". Line 30 in scenario "A review report document is parsed into a review-report payload carrying its verdict" in the feature "/Users/richardwoollcott/Projects/appmilla_github/fleet-memory/.guardkit/worktrees/FEAT-MEM-07/features/re-index-pipeline/re-index-pipeline.feature"
All traceback entries are hidden. Pass `--full-trace` to see hidden and internal frames.</failure></testcase><testcase classname="features.re-index-pipeline.test_re_index_pipeline" name="test_a_completedtask_outcome_document_is_parsed_into_a_buildoutcome_payload" time="0.000"><failure message="pytest_bdd.exceptions.StepDefinitionNotFoundError: Step definition is not found: Given &quot;the guardkit markdown corpus is available on disk with seed modules, ADRs, review reports, and completed-task outcomes&quot;. Line 30 in scenario &quot;A completed-task outcome document is parsed into a build-outcome payload&quot; in the feature &quot;/Users/richardwoollcott/Projects/appmilla_github/fleet-memory/.guardkit/worktrees/FEAT-MEM-07/features/re-index-pipeline/re-index-pipeline.feature&quot;">E   pytest_bdd.exceptions.StepDefinitionNotFoundError: Step definition is not found: Given "the guardkit markdown corpus is available on disk with seed modules, ADRs, review reports, and completed-task outcomes". Line 30 in scenario "A completed-task outcome document is parsed into a build-outcome payload" in the feature "/Users/richardwoollcott/Projects/appmilla_github/fleet-memory/.guardkit/worktrees/FEAT-MEM-07/features/re-index-pipeline/re-index-pipeline.feature"
All traceback entries are hidden. Pass `--full-trace` to see hidden and internal frames.</failure></testcase><testcase classname="features.re-index-pipeline.test_re_index_pipeline" name="test_a_document_carrying_exactly_the_required_fields_for_its_type_is_published" time="0.000"><failure message="pytest_bdd.exceptions.StepDefinitionNotFoundError: Step definition is not found: Given &quot;the guardkit markdown corpus is available on disk with seed modules, ADRs, review reports, and completed-task outcomes&quot;. Line 30 in scenario &quot;A document carrying exactly the required fields for its type is published&quot; in the feature &quot;/Users/richardwoollcott/Projects/appmilla_github/fleet-memory/.guardkit/worktrees/FEAT-MEM-07/features/re-index-pipeline/re-index-pipeline.feature&quot;">E   pytest_bdd.exceptions.StepDefinitionNotFoundError: Step definition is not found: Given "the guardkit markdown corpus is available on disk with seed modules, ADRs, review reports, and completed-task outcomes". Line 30 in scenario "A document carrying exactly the required fields for its type is published" in the feature "/Users/richardwoollcott/Projects/appmilla_github/fleet-memory/.guardkit/worktrees/FEAT-MEM-07/features/re-index-pipeline/re-index-pipeline.feature"
All traceback entries are hidden. Pass `--full-trace` to see hidden and internal frames.</failure></testcase><testcase classname="features.re-index-pipeline.test_re_index_pipeline" name="test_a_document_missing_a_field_its_payload_type_requires_is_not_published" time="0.000"><failure message="pytest_bdd.exceptions.StepDefinitionNotFoundError: Step definition is not found: Given &quot;the guardkit markdown corpus is available on disk with seed modules, ADRs, review reports, and completed-task outcomes&quot;. Line 30 in scenario &quot;A document missing a field its payload type requires is not published&quot; in the feature &quot;/Users/richardwoollcott/Projects/appmilla_github/fleet-memory/.guardkit/worktrees/FEAT-MEM-07/features/re-index-pipeline/re-index-pipeline.feature&quot;">E   pytest_bdd.exceptions.StepDefinitionNotFoundError: Step definition is not found: Given "the guardkit markdown corpus is available on disk with seed modules, ADRs, review reports, and completed-task outcomes". Line 30 in scenario "A document missing a field its payload type requires is not published" in the feature "/Users/richardwoollcott/Projects/appmilla_github/fleet-memory/.guardkit/worktrees/FEAT-MEM-07/features/re-index-pipeline/re-index-pipeline.feature"
All traceback entries are hidden. Pass `--full-trace` to see hidden and internal frames.</failure></testcase><testcase classname="features.re-index-pipeline.test_re_index_pipeline" name="test_a_document_whose_body_contains_injectionshaped_text_is_published_verbatim_and_stays_inert" time="0.000"><failure message="pytest_bdd.exceptions.StepDefinitionNotFoundError: Step definition is not found: Given &quot;the guardkit markdown corpus is available on disk with seed modules, ADRs, review reports, and completed-task outcomes&quot;. Line 30 in scenario &quot;A document whose body contains injection-shaped text is published verbatim and stays inert&quot; in the feature &quot;/Users/richardwoollcott/Projects/appmilla_github/fleet-memory/.guardkit/worktrees/FEAT-MEM-07/features/re-index-pipeline/re-index-pipeline.feature&quot;">E   pytest_bdd.exceptions.StepDefinitionNotFoundError: Step definition is not found: Given "the guardkit markdown corpus is available on disk with seed modules, ADRs, review reports, and completed-task outcomes". Line 30 in scenario "A document whose body contains injection-shaped text is published verbatim and stays inert" in the feature "/Users/richardwoollcott/Projects/appmilla_github/fleet-memory/.guardkit/worktrees/FEAT-MEM-07/features/re-index-pipeline/re-index-pipeline.feature"
All traceback entries are hidden. Pass `--full-trace` to see hidden and internal frames.</failure></testcase></testsuite></testsuites>