<?xml version="1.0" encoding="utf-8"?><testsuites name="pytest tests"><testsuite name="pytest" errors="0" failures="5" skipped="0" tests="5" time="0.029" timestamp="2026-06-14T08:21:15.107109+01:00" hostname="Mac"><testcase classname="features.re-index-pipeline.test_re_index_pipeline" name="test_a_fullcorpus_run_publishes_a_typed_episode_for_every_recognized_document" time="0.000"><failure message="pytest_bdd.exceptions.StepDefinitionNotFoundError: Step definition is not found: Given &quot;the guardkit markdown corpus is available on disk with seed modules, ADRs, review reports, and completed-task outcomes&quot;. Line 30 in scenario &quot;A full-corpus run publishes a typed episode for every recognized document&quot; in the feature &quot;/Users/richardwoollcott/Projects/appmilla_github/fleet-memory/.guardkit/worktrees/FEAT-MEM-07/features/re-index-pipeline/re-index-pipeline.feature&quot;">E   pytest_bdd.exceptions.StepDefinitionNotFoundError: Step definition is not found: Given "the guardkit markdown corpus is available on disk with seed modules, ADRs, review reports, and completed-task outcomes". Line 30 in scenario "A full-corpus run publishes a typed episode for every recognized document" in the feature "/Users/richardwoollcott/Projects/appmilla_github/fleet-memory/.guardkit/worktrees/FEAT-MEM-07/features/re-index-pipeline/re-index-pipeline.feature"
All traceback entries are hidden. Pass `--full-trace` to see hidden and internal frames.</failure></testcase><testcase classname="features.re-index-pipeline.test_re_index_pipeline" name="test_a_full_reindex_run_makes_no_languagemodel_call" time="0.000"><failure message="pytest_bdd.exceptions.StepDefinitionNotFoundError: Step definition is not found: Given &quot;the guardkit markdown corpus is available on disk with seed modules, ADRs, review reports, and completed-task outcomes&quot;. Line 30 in scenario &quot;A full re-index run makes no language-model call&quot; in the feature &quot;/Users/richardwoollcott/Projects/appmilla_github/fleet-memory/.guardkit/worktrees/FEAT-MEM-07/features/re-index-pipeline/re-index-pipeline.feature&quot;">E   pytest_bdd.exceptions.StepDefinitionNotFoundError: Step definition is not found: Given "the guardkit markdown corpus is available on disk with seed modules, ADRs, review reports, and completed-task outcomes". Line 30 in scenario "A full re-index run makes no language-model call" in the feature "/Users/richardwoollcott/Projects/appmilla_github/fleet-memory/.guardkit/worktrees/FEAT-MEM-07/features/re-index-pipeline/re-index-pipeline.feature"
All traceback entries are hidden. Pass `--full-trace` to see hidden and internal frames.</failure></testcase><testcase classname="features.re-index-pipeline.test_re_index_pipeline" name="test_a_run_over_a_corpus_of_one_document_publishes_exactly_one_episode" time="0.000"><failure message="pytest_bdd.exceptions.StepDefinitionNotFoundError: Step definition is not found: Given &quot;the guardkit markdown corpus is available on disk with seed modules, ADRs, review reports, and completed-task outcomes&quot;. Line 30 in scenario &quot;A run over a corpus of one document publishes exactly one episode&quot; in the feature &quot;/Users/richardwoollcott/Projects/appmilla_github/fleet-memory/.guardkit/worktrees/FEAT-MEM-07/features/re-index-pipeline/re-index-pipeline.feature&quot;">E   pytest_bdd.exceptions.StepDefinitionNotFoundError: Step definition is not found: Given "the guardkit markdown corpus is available on disk with seed modules, ADRs, review reports, and completed-task outcomes". Line 30 in scenario "A run over a corpus of one document publishes exactly one episode" in the feature "/Users/richardwoollcott/Projects/appmilla_github/fleet-memory/.guardkit/worktrees/FEAT-MEM-07/features/re-index-pipeline/re-index-pipeline.feature"
All traceback entries are hidden. Pass `--full-trace` to see hidden and internal frames.</failure></testcase><testcase classname="features.re-index-pipeline.test_re_index_pipeline" name="test_the_reindex_pipeline_invokes_no_cloud_or_frontier_model" time="0.000"><failure message="pytest_bdd.exceptions.StepDefinitionNotFoundError: Step definition is not found: Given &quot;the guardkit markdown corpus is available on disk with seed modules, ADRs, review reports, and completed-task outcomes&quot;. Line 30 in scenario &quot;The re-index pipeline invokes no cloud or frontier model&quot; in the feature &quot;/Users/richardwoollcott/Projects/appmilla_github/fleet-memory/.guardkit/worktrees/FEAT-MEM-07/features/re-index-pipeline/re-index-pipeline.feature&quot;">E   pytest_bdd.exceptions.StepDefinitionNotFoundError: Step definition is not found: Given "the guardkit markdown corpus is available on disk with seed modules, ADRs, review reports, and completed-task outcomes". Line 30 in scenario "The re-index pipeline invokes no cloud or frontier model" in the feature "/Users/richardwoollcott/Projects/appmilla_github/fleet-memory/.guardkit/worktrees/FEAT-MEM-07/features/re-index-pipeline/re-index-pipeline.feature"
All traceback entries are hidden. Pass `--full-trace` to see hidden and internal frames.</failure></testcase><testcase classname="features.re-index-pipeline.test_re_index_pipeline" name="test_a_single_unparseable_document_does_not_abort_the_corpus_run" time="0.000"><failure message="pytest_bdd.exceptions.StepDefinitionNotFoundError: Step definition is not found: Given &quot;the guardkit markdown corpus is available on disk with seed modules, ADRs, review reports, and completed-task outcomes&quot;. Line 30 in scenario &quot;A single unparseable document does not abort the corpus run&quot; in the feature &quot;/Users/richardwoollcott/Projects/appmilla_github/fleet-memory/.guardkit/worktrees/FEAT-MEM-07/features/re-index-pipeline/re-index-pipeline.feature&quot;">E   pytest_bdd.exceptions.StepDefinitionNotFoundError: Step definition is not found: Given "the guardkit markdown corpus is available on disk with seed modules, ADRs, review reports, and completed-task outcomes". Line 30 in scenario "A single unparseable document does not abort the corpus run" in the feature "/Users/richardwoollcott/Projects/appmilla_github/fleet-memory/.guardkit/worktrees/FEAT-MEM-07/features/re-index-pipeline/re-index-pipeline.feature"
All traceback entries are hidden. Pass `--full-trace` to see hidden and internal frames.</failure></testcase></testsuite></testsuites>