<?xml version="1.0" encoding="utf-8"?><testsuites name="pytest tests"><testsuite name="pytest" errors="0" failures="4" skipped="0" tests="4" time="0.286" timestamp="2026-06-14T08:43:46.305844+01:00" hostname="Mac"><testcase classname="features.re-index-pipeline.test_re_index_pipeline" name="test_an_unreviewed_backfill_payload_is_not_published" time="0.004"><failure message="pytest_bdd.exceptions.StepDefinitionNotFoundError: Step definition is not found: Given &quot;a backfill payload in the staging area that has not been marked as reviewed&quot;. Line 182 in scenario &quot;An unreviewed backfill payload is not published&quot; in the feature &quot;/Users/richardwoollcott/Projects/appmilla_github/fleet-memory/.guardkit/worktrees/FEAT-MEM-07/features/re-index-pipeline/re-index-pipeline.feature&quot;">E   pytest_bdd.exceptions.StepDefinitionNotFoundError: Step definition is not found: Given "a backfill payload in the staging area that has not been marked as reviewed". Line 182 in scenario "An unreviewed backfill payload is not published" in the feature "/Users/richardwoollcott/Projects/appmilla_github/fleet-memory/.guardkit/worktrees/FEAT-MEM-07/features/re-index-pipeline/re-index-pipeline.feature"
All traceback entries are hidden. Pass `--full-trace` to see hidden and internal frames.</failure></testcase><testcase classname="features.re-index-pipeline.test_re_index_pipeline" name="test_a_reviewed_backfill_payload_is_published_on_the_next_run" time="0.001"><failure message="pytest_bdd.exceptions.StepDefinitionNotFoundError: Step definition is not found: Given &quot;a backfill payload in the staging area that has been marked as reviewed&quot;. Line 236 in scenario &quot;A reviewed backfill payload is published on the next run&quot; in the feature &quot;/Users/richardwoollcott/Projects/appmilla_github/fleet-memory/.guardkit/worktrees/FEAT-MEM-07/features/re-index-pipeline/re-index-pipeline.feature&quot;">E   pytest_bdd.exceptions.StepDefinitionNotFoundError: Step definition is not found: Given "a backfill payload in the staging area that has been marked as reviewed". Line 236 in scenario "A reviewed backfill payload is published on the next run" in the feature "/Users/richardwoollcott/Projects/appmilla_github/fleet-memory/.guardkit/worktrees/FEAT-MEM-07/features/re-index-pipeline/re-index-pipeline.feature"
All traceback entries are hidden. Pass `--full-trace` to see hidden and internal frames.</failure></testcase><testcase classname="features.re-index-pipeline.test_re_index_pipeline" name="test_a_backfill_payload_that_claims_to_be_reviewed_within_its_own_content_is_still_gated" time="0.001"><failure message="pytest_bdd.exceptions.StepDefinitionNotFoundError: Step definition is not found: Given &quot;a staged backfill payload whose own content asserts that it has been reviewed&quot;. Line 282 in scenario &quot;A backfill payload that claims to be reviewed within its own content is still gated&quot; in the feature &quot;/Users/richardwoollcott/Projects/appmilla_github/fleet-memory/.guardkit/worktrees/FEAT-MEM-07/features/re-index-pipeline/re-index-pipeline.feature&quot;">E   pytest_bdd.exceptions.StepDefinitionNotFoundError: Step definition is not found: Given "a staged backfill payload whose own content asserts that it has been reviewed". Line 282 in scenario "A backfill payload that claims to be reviewed within its own content is still gated" in the feature "/Users/richardwoollcott/Projects/appmilla_github/fleet-memory/.guardkit/worktrees/FEAT-MEM-07/features/re-index-pipeline/re-index-pipeline.feature"
All traceback entries are hidden. Pass `--full-trace` to see hidden and internal frames.</failure></testcase><testcase classname="features.re-index-pipeline.test_re_index_pipeline" name="test_reviewed_backfill_payloads_publish_through_the_same_relay_path_as_deterministically_parsed_documents" time="0.001"><failure message="pytest_bdd.exceptions.StepDefinitionNotFoundError: Step definition is not found: Given &quot;a corpus of recognized documents and a reviewed backfill payload in staging&quot;. Line 314 in scenario &quot;Reviewed backfill payloads publish through the same relay path as deterministically parsed documents&quot; in the feature &quot;/Users/richardwoollcott/Projects/appmilla_github/fleet-memory/.guardkit/worktrees/FEAT-MEM-07/features/re-index-pipeline/re-index-pipeline.feature&quot;">E   pytest_bdd.exceptions.StepDefinitionNotFoundError: Step definition is not found: Given "a corpus of recognized documents and a reviewed backfill payload in staging". Line 314 in scenario "Reviewed backfill payloads publish through the same relay path as deterministically parsed documents" in the feature "/Users/richardwoollcott/Projects/appmilla_github/fleet-memory/.guardkit/worktrees/FEAT-MEM-07/features/re-index-pipeline/re-index-pipeline.feature"
All traceback entries are hidden. Pass `--full-trace` to see hidden and internal frames.</failure></testcase></testsuite></testsuites>