<?xml version="1.0" encoding="utf-8"?><testsuites name="pytest tests"><testsuite name="pytest" errors="0" failures="6" skipped="0" tests="6" time="0.033" timestamp="2026-06-14T08:00:19.094321+01:00" hostname="Mac"><testcase classname="features.re-index-pipeline.test_re_index_pipeline" name="test_each_corpus_document_kind_maps_to_its_canonical_payload_type[seed module-seed_module]" time="0.001"><failure message="pytest_bdd.exceptions.StepDefinitionNotFoundError: Step definition is not found: Given &quot;the guardkit markdown corpus is available on disk with seed modules, ADRs, review reports, and completed-task outcomes&quot;. Line 30 in scenario &quot;Each corpus document kind maps to its canonical payload type&quot; in the feature &quot;/Users/richardwoollcott/Projects/appmilla_github/fleet-memory/.guardkit/worktrees/FEAT-MEM-07/features/re-index-pipeline/re-index-pipeline.feature&quot;">E   pytest_bdd.exceptions.StepDefinitionNotFoundError: Step definition is not found: Given "the guardkit markdown corpus is available on disk with seed modules, ADRs, review reports, and completed-task outcomes". Line 30 in scenario "Each corpus document kind maps to its canonical payload type" in the feature "/Users/richardwoollcott/Projects/appmilla_github/fleet-memory/.guardkit/worktrees/FEAT-MEM-07/features/re-index-pipeline/re-index-pipeline.feature"
All traceback entries are hidden. Pass `--full-trace` to see hidden and internal frames.</failure></testcase><testcase classname="features.re-index-pipeline.test_re_index_pipeline" name="test_each_corpus_document_kind_maps_to_its_canonical_payload_type[ADR-adr]" time="0.000"><failure message="pytest_bdd.exceptions.StepDefinitionNotFoundError: Step definition is not found: Given &quot;the guardkit markdown corpus is available on disk with seed modules, ADRs, review reports, and completed-task outcomes&quot;. Line 30 in scenario &quot;Each corpus document kind maps to its canonical payload type&quot; in the feature &quot;/Users/richardwoollcott/Projects/appmilla_github/fleet-memory/.guardkit/worktrees/FEAT-MEM-07/features/re-index-pipeline/re-index-pipeline.feature&quot;">E   pytest_bdd.exceptions.StepDefinitionNotFoundError: Step definition is not found: Given "the guardkit markdown corpus is available on disk with seed modules, ADRs, review reports, and completed-task outcomes". Line 30 in scenario "Each corpus document kind maps to its canonical payload type" in the feature "/Users/richardwoollcott/Projects/appmilla_github/fleet-memory/.guardkit/worktrees/FEAT-MEM-07/features/re-index-pipeline/re-index-pipeline.feature"
All traceback entries are hidden. Pass `--full-trace` to see hidden and internal frames.</failure></testcase><testcase classname="features.re-index-pipeline.test_re_index_pipeline" name="test_each_corpus_document_kind_maps_to_its_canonical_payload_type[review report-review_report]" time="0.000"><failure message="pytest_bdd.exceptions.StepDefinitionNotFoundError: Step definition is not found: Given &quot;the guardkit markdown corpus is available on disk with seed modules, ADRs, review reports, and completed-task outcomes&quot;. Line 30 in scenario &quot;Each corpus document kind maps to its canonical payload type&quot; in the feature &quot;/Users/richardwoollcott/Projects/appmilla_github/fleet-memory/.guardkit/worktrees/FEAT-MEM-07/features/re-index-pipeline/re-index-pipeline.feature&quot;">E   pytest_bdd.exceptions.StepDefinitionNotFoundError: Step definition is not found: Given "the guardkit markdown corpus is available on disk with seed modules, ADRs, review reports, and completed-task outcomes". Line 30 in scenario "Each corpus document kind maps to its canonical payload type" in the feature "/Users/richardwoollcott/Projects/appmilla_github/fleet-memory/.guardkit/worktrees/FEAT-MEM-07/features/re-index-pipeline/re-index-pipeline.feature"
All traceback entries are hidden. Pass `--full-trace` to see hidden and internal frames.</failure></testcase><testcase classname="features.re-index-pipeline.test_re_index_pipeline" name="test_each_corpus_document_kind_maps_to_its_canonical_payload_type[completed-task outcome-build_outcome]" time="0.000"><failure message="pytest_bdd.exceptions.StepDefinitionNotFoundError: Step definition is not found: Given &quot;the guardkit markdown corpus is available on disk with seed modules, ADRs, review reports, and completed-task outcomes&quot;. Line 30 in scenario &quot;Each corpus document kind maps to its canonical payload type&quot; in the feature &quot;/Users/richardwoollcott/Projects/appmilla_github/fleet-memory/.guardkit/worktrees/FEAT-MEM-07/features/re-index-pipeline/re-index-pipeline.feature&quot;">E   pytest_bdd.exceptions.StepDefinitionNotFoundError: Step definition is not found: Given "the guardkit markdown corpus is available on disk with seed modules, ADRs, review reports, and completed-task outcomes". Line 30 in scenario "Each corpus document kind maps to its canonical payload type" in the feature "/Users/richardwoollcott/Projects/appmilla_github/fleet-memory/.guardkit/worktrees/FEAT-MEM-07/features/re-index-pipeline/re-index-pipeline.feature"
All traceback entries are hidden. Pass `--full-trace` to see hidden and internal frames.</failure></testcase><testcase classname="features.re-index-pipeline.test_re_index_pipeline" name="test_a_document_with_malformed_frontmatter_is_reported_and_skipped" time="0.000"><failure message="pytest_bdd.exceptions.StepDefinitionNotFoundError: Step definition is not found: Given &quot;the guardkit markdown corpus is available on disk with seed modules, ADRs, review reports, and completed-task outcomes&quot;. Line 30 in scenario &quot;A document with malformed front-matter is reported and skipped&quot; in the feature &quot;/Users/richardwoollcott/Projects/appmilla_github/fleet-memory/.guardkit/worktrees/FEAT-MEM-07/features/re-index-pipeline/re-index-pipeline.feature&quot;">E   pytest_bdd.exceptions.StepDefinitionNotFoundError: Step definition is not found: Given "the guardkit markdown corpus is available on disk with seed modules, ADRs, review reports, and completed-task outcomes". Line 30 in scenario "A document with malformed front-matter is reported and skipped" in the feature "/Users/richardwoollcott/Projects/appmilla_github/fleet-memory/.guardkit/worktrees/FEAT-MEM-07/features/re-index-pipeline/re-index-pipeline.feature"
All traceback entries are hidden. Pass `--full-trace` to see hidden and internal frames.</failure></testcase><testcase classname="features.re-index-pipeline.test_re_index_pipeline" name="test_a_document_matching_no_known_parser_is_recorded_as_unrecognized" time="0.000"><failure message="pytest_bdd.exceptions.StepDefinitionNotFoundError: Step definition is not found: Given &quot;the guardkit markdown corpus is available on disk with seed modules, ADRs, review reports, and completed-task outcomes&quot;. Line 30 in scenario &quot;A document matching no known parser is recorded as unrecognized&quot; in the feature &quot;/Users/richardwoollcott/Projects/appmilla_github/fleet-memory/.guardkit/worktrees/FEAT-MEM-07/features/re-index-pipeline/re-index-pipeline.feature&quot;">E   pytest_bdd.exceptions.StepDefinitionNotFoundError: Step definition is not found: Given "the guardkit markdown corpus is available on disk with seed modules, ADRs, review reports, and completed-task outcomes". Line 30 in scenario "A document matching no known parser is recorded as unrecognized" in the feature "/Users/richardwoollcott/Projects/appmilla_github/fleet-memory/.guardkit/worktrees/FEAT-MEM-07/features/re-index-pipeline/re-index-pipeline.feature"
All traceback entries are hidden. Pass `--full-trace` to see hidden and internal frames.</failure></testcase></testsuite></testsuites>