<?xml version="1.0" encoding="utf-8"?><testsuites name="pytest tests"><testsuite name="pytest" errors="0" failures="0" skipped="0" tests="5" time="0.325" timestamp="2026-06-14T08:32:03.905445+01:00" hostname="Mac"><testcase classname="features.re-index-pipeline.test_re_index_pipeline" name="test_a_fullcorpus_run_publishes_a_typed_episode_for_every_recognized_document" time="0.006" /><testcase classname="features.re-index-pipeline.test_re_index_pipeline" name="test_a_full_reindex_run_makes_no_languagemodel_call" time="0.002" /><testcase classname="features.re-index-pipeline.test_re_index_pipeline" name="test_a_run_over_a_corpus_of_one_document_publishes_exactly_one_episode" time="0.002" /><testcase classname="features.re-index-pipeline.test_re_index_pipeline" name="test_the_reindex_pipeline_invokes_no_cloud_or_frontier_model" time="0.002" /><testcase classname="features.re-index-pipeline.test_re_index_pipeline" name="test_a_single_unparseable_document_does_not_abort_the_corpus_run" time="0.003" /></testsuite></testsuites>