<?xml version="1.0" encoding="utf-8"?><testsuites name="pytest tests"><testsuite name="pytest" errors="0" failures="2" skipped="0" tests="2" time="0.027" timestamp="2026-06-14T07:48:27.115236+01:00" hostname="Mac"><testcase classname="features.re-index-pipeline.test_re_index_pipeline" name="test_a_run_over_an_empty_corpus_publishes_nothing_and_completes_cleanly" time="0.001"><failure message="pytest_bdd.exceptions.StepDefinitionNotFoundError: Step definition is not found: Given &quot;the guardkit markdown corpus is available on disk with seed modules, ADRs, review reports, and completed-task outcomes&quot;. Line 30 in scenario &quot;A run over an empty corpus publishes nothing and completes cleanly&quot; in the feature &quot;/Users/richardwoollcott/Projects/appmilla_github/fleet-memory/.guardkit/worktrees/FEAT-MEM-07/features/re-index-pipeline/re-index-pipeline.feature&quot;">E   pytest_bdd.exceptions.StepDefinitionNotFoundError: Step definition is not found: Given "the guardkit markdown corpus is available on disk with seed modules, ADRs, review reports, and completed-task outcomes". Line 30 in scenario "A run over an empty corpus publishes nothing and completes cleanly" in the feature "/Users/richardwoollcott/Projects/appmilla_github/fleet-memory/.guardkit/worktrees/FEAT-MEM-07/features/re-index-pipeline/re-index-pipeline.feature"
All traceback entries are hidden. Pass `--full-trace` to see hidden and internal frames.</failure></testcase><testcase classname="features.re-index-pipeline.test_re_index_pipeline" name="test_a_pathtraversal_filename_in_the_corpus_cannot_make_the_pipeline_read_outside_the_corpus_root" time="0.000"><failure message="pytest_bdd.exceptions.StepDefinitionNotFoundError: Step definition is not found: Given &quot;the guardkit markdown corpus is available on disk with seed modules, ADRs, review reports, and completed-task outcomes&quot;. Line 30 in scenario &quot;A path-traversal filename in the corpus cannot make the pipeline read outside the corpus root&quot; in the feature &quot;/Users/richardwoollcott/Projects/appmilla_github/fleet-memory/.guardkit/worktrees/FEAT-MEM-07/features/re-index-pipeline/re-index-pipeline.feature&quot;">E   pytest_bdd.exceptions.StepDefinitionNotFoundError: Step definition is not found: Given "the guardkit markdown corpus is available on disk with seed modules, ADRs, review reports, and completed-task outcomes". Line 30 in scenario "A path-traversal filename in the corpus cannot make the pipeline read outside the corpus root" in the feature "/Users/richardwoollcott/Projects/appmilla_github/fleet-memory/.guardkit/worktrees/FEAT-MEM-07/features/re-index-pipeline/re-index-pipeline.feature"
All traceback entries are hidden. Pass `--full-trace` to see hidden and internal frames.</failure></testcase></testsuite></testsuites>