<?xml version="1.0" encoding="utf-8"?><testsuites name="pytest tests"><testsuite name="pytest" errors="0" failures="4" skipped="0" tests="4" time="0.437" timestamp="2026-06-14T09:51:18.582289+01:00" hostname="Mac"><testcase classname="features.re-index-pipeline.test_re_index_pipeline" name="test_a_second_run_over_an_unchanged_corpus_leaves_the_store_unchanged" time="0.004"><failure message="pytest_bdd.exceptions.StepDefinitionNotFoundError: Step definition is not found: Given &quot;a corpus that has already been fully re-indexed&quot;. Line 209 in scenario &quot;A second run over an unchanged corpus leaves the store unchanged&quot; in the feature &quot;/Users/richardwoollcott/Projects/appmilla_github/fleet-memory/.guardkit/worktrees/FEAT-MEM-07/features/re-index-pipeline/re-index-pipeline.feature&quot;">E   pytest_bdd.exceptions.StepDefinitionNotFoundError: Step definition is not found: Given "a corpus that has already been fully re-indexed". Line 209 in scenario "A second run over an unchanged corpus leaves the store unchanged" in the feature "/Users/richardwoollcott/Projects/appmilla_github/fleet-memory/.guardkit/worktrees/FEAT-MEM-07/features/re-index-pipeline/re-index-pipeline.feature"
All traceback entries are hidden. Pass `--full-trace` to see hidden and internal frames.</failure></testcase><testcase classname="features.re-index-pipeline.test_re_index_pipeline" name="test_reindexing_after_editing_a_source_document_updates_its_record_rather_than_duplicating_it" time="0.001"><failure message="pytest_bdd.exceptions.StepDefinitionNotFoundError: Step definition is not found: Given &quot;a document that has already been re-indexed&quot;. Line 217 in scenario &quot;Re-indexing after editing a source document updates its record rather than duplicating it&quot; in the feature &quot;/Users/richardwoollcott/Projects/appmilla_github/fleet-memory/.guardkit/worktrees/FEAT-MEM-07/features/re-index-pipeline/re-index-pipeline.feature&quot;">E   pytest_bdd.exceptions.StepDefinitionNotFoundError: Step definition is not found: Given "a document that has already been re-indexed". Line 217 in scenario "Re-indexing after editing a source document updates its record rather than duplicating it" in the feature "/Users/richardwoollcott/Projects/appmilla_github/fleet-memory/.guardkit/worktrees/FEAT-MEM-07/features/re-index-pipeline/re-index-pipeline.feature"
All traceback entries are hidden. Pass `--full-trace` to see hidden and internal frames.</failure></testcase><testcase classname="features.re-index-pipeline.test_re_index_pipeline" name="test_publishing_the_same_parsed_document_twice_yields_a_single_stored_record" time="0.001"><failure message="pytest_bdd.exceptions.StepDefinitionNotFoundError: Step definition is not found: Given &quot;a document parsed into a typed payload&quot;. Line 254 in scenario &quot;Publishing the same parsed document twice yields a single stored record&quot; in the feature &quot;/Users/richardwoollcott/Projects/appmilla_github/fleet-memory/.guardkit/worktrees/FEAT-MEM-07/features/re-index-pipeline/re-index-pipeline.feature&quot;">E   pytest_bdd.exceptions.StepDefinitionNotFoundError: Step definition is not found: Given "a document parsed into a typed payload". Line 254 in scenario "Publishing the same parsed document twice yields a single stored record" in the feature "/Users/richardwoollcott/Projects/appmilla_github/fleet-memory/.guardkit/worktrees/FEAT-MEM-07/features/re-index-pipeline/re-index-pipeline.feature"
All traceback entries are hidden. Pass `--full-trace` to see hidden and internal frames.</failure></testcase><testcase classname="features.re-index-pipeline.test_re_index_pipeline" name="test_two_reindex_runs_started_at_the_same_time_converge_to_a_single_stored_outcome" time="0.001"><failure message="pytest_bdd.exceptions.StepDefinitionNotFoundError: Step definition is not found: Given &quot;two re-index runs over the same corpus started at the same time&quot;. Line 293 in scenario &quot;Two re-index runs started at the same time converge to a single stored outcome&quot; in the feature &quot;/Users/richardwoollcott/Projects/appmilla_github/fleet-memory/.guardkit/worktrees/FEAT-MEM-07/features/re-index-pipeline/re-index-pipeline.feature&quot;">E   pytest_bdd.exceptions.StepDefinitionNotFoundError: Step definition is not found: Given "two re-index runs over the same corpus started at the same time". Line 293 in scenario "Two re-index runs started at the same time converge to a single stored outcome" in the feature "/Users/richardwoollcott/Projects/appmilla_github/fleet-memory/.guardkit/worktrees/FEAT-MEM-07/features/re-index-pipeline/re-index-pipeline.feature"
All traceback entries are hidden. Pass `--full-trace` to see hidden and internal frames.</failure></testcase></testsuite></testsuites>