<?xml version="1.0" encoding="utf-8"?><testsuites name="pytest tests"><testsuite name="pytest" errors="0" failures="2" skipped="0" tests="2" time="0.301" timestamp="2026-06-14T09:28:24.698213+01:00" hostname="Mac"><testcase classname="features.re-index-pipeline.test_re_index_pipeline" name="test_a_run_interrupted_partway_through_can_be_safely_rerun_to_completion" time="0.004"><failure message="pytest_bdd.exceptions.StepDefinitionNotFoundError: Step definition is not found: Given &quot;a re-index run that is interrupted after publishing some but not all documents&quot;. Line 227 in scenario &quot;A run interrupted partway through can be safely re-run to completion&quot; in the feature &quot;/Users/richardwoollcott/Projects/appmilla_github/fleet-memory/.guardkit/worktrees/FEAT-MEM-07/features/re-index-pipeline/re-index-pipeline.feature&quot;">E   pytest_bdd.exceptions.StepDefinitionNotFoundError: Step definition is not found: Given "a re-index run that is interrupted after publishing some but not all documents". Line 227 in scenario "A run interrupted partway through can be safely re-run to completion" in the feature "/Users/richardwoollcott/Projects/appmilla_github/fleet-memory/.guardkit/worktrees/FEAT-MEM-07/features/re-index-pipeline/re-index-pipeline.feature"
All traceback entries are hidden. Pass `--full-trace` to see hidden and internal frames.</failure></testcase><testcase classname="features.re-index-pipeline.test_re_index_pipeline" name="test_a_relay_or_store_outage_midrun_fails_loudly_and_loses_no_document" time="0.001"><failure message="pytest_bdd.exceptions.StepDefinitionNotFoundError: Step definition is not found: Given &quot;a re-index run in progress when the relay becomes unreachable&quot;. Line 304 in scenario &quot;A relay or store outage mid-run fails loudly and loses no document&quot; in the feature &quot;/Users/richardwoollcott/Projects/appmilla_github/fleet-memory/.guardkit/worktrees/FEAT-MEM-07/features/re-index-pipeline/re-index-pipeline.feature&quot;">E   pytest_bdd.exceptions.StepDefinitionNotFoundError: Step definition is not found: Given "a re-index run in progress when the relay becomes unreachable". Line 304 in scenario "A relay or store outage mid-run fails loudly and loses no document" in the feature "/Users/richardwoollcott/Projects/appmilla_github/fleet-memory/.guardkit/worktrees/FEAT-MEM-07/features/re-index-pipeline/re-index-pipeline.feature"
All traceback entries are hidden. Pass `--full-trace` to see hidden and internal frames.</failure></testcase></testsuite></testsuites>