<?xml version="1.0" encoding="utf-8"?><testsuites name="pytest tests"><testsuite name="pytest" errors="0" failures="0" skipped="0" tests="5" time="0.489" timestamp="2026-06-14T07:47:30.187236+01:00" hostname="Mac"><testcase classname="tests.unit.reindex.test_walker" name="test_empty_corpus_yields_nothing" time="0.028" /><testcase classname="tests.unit.reindex.test_walker" name="test_path_traversal_entry_not_read" time="0.001" /><testcase classname="tests.unit.reindex.test_walker" name="test_walk_corpus_yields_markdown_documents" time="0.001" /><testcase classname="tests.unit.reindex.test_walker" name="test_symlink_escape_not_read" time="0.001" /><testcase classname="tests.unit.reindex.test_walker" name="test_resolved_path_returned" time="0.001" /></testsuite></testsuites>