<?xml version="1.0" encoding="utf-8"?><testsuites name="pytest tests"><testsuite name="pytest" errors="0" failures="0" skipped="0" tests="10" time="0.435" timestamp="2026-06-13T23:03:45.618511+01:00" hostname="Mac"><testcase classname="tests.unit.reindex.test_publisher" name="test_episode_is_json_with_payload_type" time="0.003" /><testcase classname="tests.unit.reindex.test_publisher" name="test_body_round_trips_through_registry" time="0.001" /><testcase classname="tests.unit.reindex.test_publisher" name="test_episode_id_deterministic_for_natural_key" time="0.001" /><testcase classname="tests.unit.reindex.test_publisher" name="test_no_network_calls_during_publish" time="0.001" /><testcase classname="tests.unit.reindex.test_publisher" name="test_source_ref_preserved" time="0.001" /><testcase classname="tests.unit.reindex.test_walker" name="test_empty_corpus_yields_nothing" time="0.004" /><testcase classname="tests.unit.reindex.test_walker" name="test_path_traversal_entry_not_read" time="0.001" /><testcase classname="tests.unit.reindex.test_walker" name="test_walk_corpus_yields_markdown_documents" time="0.001" /><testcase classname="tests.unit.reindex.test_walker" name="test_symlink_escape_not_read" time="0.004" /><testcase classname="tests.unit.reindex.test_walker" name="test_resolved_path_returned" time="0.001" /></testsuite></testsuites>