{"meta": {"format": 3, "version": "7.13.0", "timestamp": "2026-06-14T08:35:13.099613", "branch_coverage": false, "show_contexts": false}, "files": {"src/fleet_memory/reindex/__init__.py": {"executed_lines": [1, 7, 8, 9, 11], "summary": {"covered_lines": 4, "num_statements": 4, "percent_covered": 100.0, "percent_covered_display": "100", "missing_lines": 0, "excluded_lines": 0, "percent_statements_covered": 100.0, "percent_statements_covered_display": "100"}, "missing_lines": [], "excluded_lines": [], "functions": {"": {"executed_lines": [1, 7, 8, 9, 11], "summary": {"covered_lines": 4, "num_statements": 4, "percent_covered": 100.0, "percent_covered_display": "100", "missing_lines": 0, "excluded_lines": 0, "percent_statements_covered": 100.0, "percent_statements_covered_display": "100"}, "missing_lines": [], "excluded_lines": []}}, "classes": {"": {"executed_lines": [1, 7, 8, 9, 11], "summary": {"covered_lines": 4, "num_statements": 4, "percent_covered": 100.0, "percent_covered_display": "100", "missing_lines": 0, "excluded_lines": 0, "percent_statements_covered": 100.0, "percent_statements_covered_display": "100"}, "missing_lines": [], "excluded_lines": []}}}, "src/fleet_memory/reindex/classify.py": {"executed_lines": [1, 11, 13, 14, 15, 16, 17, 18, 20, 22, 25, 26, 31, 32, 33, 34, 37, 38, 39, 53, 54, 55, 56, 59, 72, 73, 75, 76, 78, 80, 83, 95, 98, 105, 108, 123, 124, 125, 127, 134, 135, 142, 144, 146, 147, 154, 162, 167, 172, 177, 182, 191], "summary": {"covered_lines": 49, "num_statements": 53, "percent_covered": 92.45283018867924, "percent_covered_display": "92", "missing_lines": 4, "excluded_lines": 0, "percent_statements_covered": 92.45283018867924, "percent_statements_covered_display": "92"}, "missing_lines": [164, 169, 174, 179], "excluded_lines": [], "functions": {"_extract_frontmatter": {"executed_lines": [72, 73, 75, 76, 78, 80], "summary": {"covered_lines": 6, "num_statements": 6, "percent_covered": 100.0, "percent_covered_display": "100", "missing_lines": 0, "excluded_lines": 0, "percent_statements_covered": 100.0, "percent_statements_covered_display": "100"}, "missing_lines": [], "excluded_lines": []}, "_classify_kind": {"executed_lines": [95, 98, 105], "summary": {"covered_lines": 3, "num_statements": 3, "percent_covered": 100.0, "percent_covered_display": "100", "missing_lines": 0, "excluded_lines": 0, "percent_statements_covered": 100.0, "percent_statements_covered_display": "100"}, "missing_lines": [], "excluded_lines": []}, "classify_document": {"executed_lines": [123, 124, 125, 127, 134, 135, 142, 144, 146, 147, 154], "summary": {"covered_lines": 11, "num_statements": 11, "percent_covered": 100.0, "percent_covered_display": "100", "missing_lines": 0, "excluded_lines": 0, "percent_statements_covered": 100.0, "percent_statements_covered_display": "100"}, "missing_lines": [], "excluded_lines": []}, "_parse_seed_module": {"executed_lines": [], "summary": {"covered_lines": 0, "num_statements": 1, "percent_covered": 0.0, "percent_covered_display": "0", "missing_lines": 1, "excluded_lines": 0, "percent_statements_covered": 0.0, "percent_statements_covered_display": "0"}, "missing_lines": [164], "excluded_lines": []}, "_parse_adr": {"executed_lines": [], "summary": {"covered_lines": 0, "num_statements": 1, "percent_covered": 0.0, "percent_covered_display": "0", "missing_lines": 1, "excluded_lines": 0, "percent_statements_covered": 0.0, "percent_statements_covered_display": "0"}, "missing_lines": [169], "excluded_lines": []}, "_parse_review_report": {"executed_lines": [], "summary": {"covered_lines": 0, "num_statements": 1, "percent_covered": 0.0, "percent_covered_display": "0", "missing_lines": 1, "excluded_lines": 0, "percent_statements_covered": 0.0, "percent_statements_covered_display": "0"}, "missing_lines": [174], "excluded_lines": []}, "_parse_completed_task": {"executed_lines": [], "summary": {"covered_lines": 0, "num_statements": 1, "percent_covered": 0.0, "percent_covered_display": "0", "missing_lines": 1, "excluded_lines": 0, "percent_statements_covered": 0.0, "percent_statements_covered_display": "0"}, "missing_lines": [179], "excluded_lines": []}, "get_parser_dispatch_table": {"executed_lines": [191], "summary": {"covered_lines": 1, "num_statements": 1, "percent_covered": 100.0, "percent_covered_display": "100", "missing_lines": 0, "excluded_lines": 0, "percent_statements_covered": 100.0, "percent_statements_covered_display": "100"}, "missing_lines": [], "excluded_lines": []}, "": {"executed_lines": [1, 11, 13, 14, 15, 16, 17, 18, 20, 22, 25, 26, 31, 32, 33, 34, 37, 38, 39, 53, 54, 55, 56, 59, 83, 108, 162, 167, 172, 177, 182], "summary": {"covered_lines": 28, "num_statements": 28, "percent_covered": 100.0, "percent_covered_display": "100", "missing_lines": 0, "excluded_lines": 0, "percent_statements_covered": 100.0, "percent_statements_covered_display": "100"}, "missing_lines": [], "excluded_lines": []}}, "classes": {"DocumentKind": {"executed_lines": [], "summary": {"covered_lines": 0, "num_statements": 0, "percent_covered": 100.0, "percent_covered_display": "100", "missing_lines": 0, "excluded_lines": 0, "percent_statements_covered": 100.0, "percent_statements_covered_display": "100"}, "missing_lines": [], "excluded_lines": []}, "ParseResult": {"executed_lines": [], "summary": {"covered_lines": 0, "num_statements": 0, "percent_covered": 100.0, "percent_covered_display": "100", "missing_lines": 0, "excluded_lines": 0, "percent_statements_covered": 100.0, "percent_statements_covered_display": "100"}, "missing_lines": [], "excluded_lines": []}, "": {"executed_lines": [1, 11, 13, 14, 15, 16, 17, 18, 20, 22, 25, 26, 31, 32, 33, 34, 37, 38, 39, 53, 54, 55, 56, 59, 72, 73, 75, 76, 78, 80, 83, 95, 98, 105, 108, 123, 124, 125, 127, 134, 135, 142, 144, 146, 147, 154, 162, 167, 172, 177, 182, 191], "summary": {"covered_lines": 49, "num_statements": 53, "percent_covered": 92.45283018867924, "percent_covered_display": "92", "missing_lines": 4, "excluded_lines": 0, "percent_statements_covered": 92.45283018867924, "percent_statements_covered_display": "92"}, "missing_lines": [164, 169, 174, 179], "excluded_lines": []}}}, "src/fleet_memory/reindex/parsers.py": {"executed_lines": [1, 11, 13, 14, 15, 16, 18, 20, 21, 27, 30, 31, 32, 39, 40, 43, 44, 45, 52, 53, 56, 68, 69, 72, 85, 86, 88, 91, 92, 95, 109, 110, 117, 124, 125, 126, 128, 134, 135, 140, 141, 147, 148, 151, 152, 164, 170, 185, 186, 193, 200, 201, 202, 203, 205, 211, 217, 218, 223, 224, 230, 231, 234, 235, 248, 254, 268, 269, 276, 283, 284, 285, 287, 293, 299, 300, 306, 307, 310, 311, 323, 329, 344, 345, 352, 359, 360, 361, 362, 364, 370, 376, 377, 382, 383, 389, 390, 396, 397, 400, 401, 414], "summary": {"covered_lines": 99, "num_statements": 127, "percent_covered": 77.95275590551181, "percent_covered_display": "78", "missing_lines": 28, "excluded_lines": 0, "percent_statements_covered": 77.95275590551181, "percent_statements_covered_display": "78"}, "missing_lines": [89, 111, 112, 118, 129, 158, 159, 187, 188, 194, 206, 212, 242, 243, 270, 271, 277, 288, 294, 317, 318, 346, 347, 353, 365, 371, 408, 409], "excluded_lines": [], "functions": {"_normalize_identifier": {"executed_lines": [68, 69], "summary": {"covered_lines": 2, "num_statements": 2, "percent_covered": 100.0, "percent_covered_display": "100", "missing_lines": 0, "excluded_lines": 0, "percent_statements_covered": 100.0, "percent_statements_covered_display": "100"}, "missing_lines": [], "excluded_lines": []}, "_extract_frontmatter": {"executed_lines": [85, 86, 88, 91, 92], "summary": {"covered_lines": 5, "num_statements": 6, "percent_covered": 83.33333333333333, "percent_covered_display": "83", "missing_lines": 1, "excluded_lines": 0, "percent_statements_covered": 83.33333333333333, "percent_statements_covered_display": "83"}, "missing_lines": [89], "excluded_lines": []}, "parse_seed_module": {"executed_lines": [109, 110, 117, 124, 125, 126, 128, 134, 135, 140, 141, 147, 148, 151, 152, 164], "summary": {"covered_lines": 16, "num_statements": 22, "percent_covered": 72.72727272727273, "percent_covered_display": "73", "missing_lines": 6, "excluded_lines": 0, "percent_statements_covered": 72.72727272727273, "percent_statements_covered_display": "73"}, "missing_lines": [111, 112, 118, 129, 158, 159], "excluded_lines": []}, "parse_adr": {"executed_lines": [185, 186, 193, 200, 201, 202, 203, 205, 211, 217, 218, 223, 224, 230, 231, 234, 235, 248], "summary": {"covered_lines": 18, "num_statements": 25, "percent_covered": 72.0, "percent_covered_display": "72", "missing_lines": 7, "excluded_lines": 0, "percent_statements_covered": 72.0, "percent_statements_covered_display": "72"}, "missing_lines": [187, 188, 194, 206, 212, 242, 243], "excluded_lines": []}, "parse_review_report": {"executed_lines": [268, 269, 276, 283, 284, 285, 287, 293, 299, 300, 306, 307, 310, 311, 323], "summary": {"covered_lines": 15, "num_statements": 22, "percent_covered": 68.18181818181819, "percent_covered_display": "68", "missing_lines": 7, "excluded_lines": 0, "percent_statements_covered": 68.18181818181819, "percent_statements_covered_display": "68"}, "missing_lines": [270, 271, 277, 288, 294, 317, 318], "excluded_lines": []}, "parse_build_outcome": {"executed_lines": [344, 345, 352, 359, 360, 361, 362, 364, 370, 376, 377, 382, 383, 389, 390, 396, 397, 400, 401, 414], "summary": {"covered_lines": 20, "num_statements": 27, "percent_covered": 74.07407407407408, "percent_covered_display": "74", "missing_lines": 7, "excluded_lines": 0, "percent_statements_covered": 74.07407407407408, "percent_statements_covered_display": "74"}, "missing_lines": [346, 347, 353, 365, 371, 408, 409], "excluded_lines": []}, "": {"executed_lines": [1, 11, 13, 14, 15, 16, 18, 20, 21, 27, 30, 31, 32, 39, 40, 43, 44, 45, 52, 53, 56, 72, 95, 170, 254, 329], "summary": {"covered_lines": 23, "num_statements": 23, "percent_covered": 100.0, "percent_covered_display": "100", "missing_lines": 0, "excluded_lines": 0, "percent_statements_covered": 100.0, "percent_statements_covered_display": "100"}, "missing_lines": [], "excluded_lines": []}}, "classes": {"ParsedPayload": {"executed_lines": [], "summary": {"covered_lines": 0, "num_statements": 0, "percent_covered": 100.0, "percent_covered_display": "100", "missing_lines": 0, "excluded_lines": 0, "percent_statements_covered": 100.0, "percent_statements_covered_display": "100"}, "missing_lines": [], "excluded_lines": []}, "UnparseableDocument": {"executed_lines": [], "summary": {"covered_lines": 0, "num_statements": 0, "percent_covered": 100.0, "percent_covered_display": "100", "missing_lines": 0, "excluded_lines": 0, "percent_statements_covered": 100.0, "percent_statements_covered_display": "100"}, "missing_lines": [], "excluded_lines": []}, "": {"executed_lines": [1, 11, 13, 14, 15, 16, 18, 20, 21, 27, 30, 31, 32, 39, 40, 43, 44, 45, 52, 53, 56, 68, 69, 72, 85, 86, 88, 91, 92, 95, 109, 110, 117, 124, 125, 126, 128, 134, 135, 140, 141, 147, 148, 151, 152, 164, 170, 185, 186, 193, 200, 201, 202, 203, 205, 211, 217, 218, 223, 224, 230, 231, 234, 235, 248, 254, 268, 269, 276, 283, 284, 285, 287, 293, 299, 300, 306, 307, 310, 311, 323, 329, 344, 345, 352, 359, 360, 361, 362, 364, 370, 376, 377, 382, 383, 389, 390, 396, 397, 400, 401, 414], "summary": {"covered_lines": 99, "num_statements": 127, "percent_covered": 77.95275590551181, "percent_covered_display": "78", "missing_lines": 28, "excluded_lines": 0, "percent_statements_covered": 77.95275590551181, "percent_statements_covered_display": "78"}, "missing_lines": [89, 111, 112, 118, 129, 158, 159, 187, 188, 194, 206, 212, 242, 243, 270, 271, 277, 288, 294, 317, 318, 346, 347, 353, 365, 371, 408, 409], "excluded_lines": []}}}, "src/fleet_memory/reindex/pipeline.py": {"executed_lines": [1, 10, 12, 13, 14, 15, 17, 18, 19, 27, 30, 31, 32, 45, 46, 47, 48, 49, 52, 66, 73, 74, 77, 80, 97, 98, 99, 102, 104, 106, 108, 109, 110, 112, 114, 115, 116, 118, 141, 150, 152, 169], "summary": {"covered_lines": 40, "num_statements": 46, "percent_covered": 86.95652173913044, "percent_covered_display": "87", "missing_lines": 6, "excluded_lines": 0, "percent_statements_covered": 86.95652173913044, "percent_statements_covered_display": "87"}, "missing_lines": [75, 126, 132, 134, 143, 161], "excluded_lines": [], "functions": {"_get_parser_for_kind": {"executed_lines": [66, 73, 74, 77], "summary": {"covered_lines": 4, "num_statements": 5, "percent_covered": 80.0, "percent_covered_display": "80", "missing_lines": 1, "excluded_lines": 0, "percent_statements_covered": 80.0, "percent_statements_covered_display": "80"}, "missing_lines": [75], "excluded_lines": []}, "reindex_corpus": {"executed_lines": [97, 98, 99, 102, 104, 106, 108, 109, 110, 112, 114, 115, 116, 118, 141, 150, 152, 169], "summary": {"covered_lines": 18, "num_statements": 23, "percent_covered": 78.26086956521739, "percent_covered_display": "78", "missing_lines": 5, "excluded_lines": 0, "percent_statements_covered": 78.26086956521739, "percent_statements_covered_display": "78"}, "missing_lines": [126, 132, 134, 143, 161], "excluded_lines": []}, "": {"executed_lines": [1, 10, 12, 13, 14, 15, 17, 18, 19, 27, 30, 31, 32, 45, 46, 47, 48, 49, 52, 80], "summary": {"covered_lines": 18, "num_statements": 18, "percent_covered": 100.0, "percent_covered_display": "100", "missing_lines": 0, "excluded_lines": 0, "percent_statements_covered": 100.0, "percent_statements_covered_display": "100"}, "missing_lines": [], "excluded_lines": []}}, "classes": {"RunReport": {"executed_lines": [], "summary": {"covered_lines": 0, "num_statements": 0, "percent_covered": 100.0, "percent_covered_display": "100", "missing_lines": 0, "excluded_lines": 0, "percent_statements_covered": 100.0, "percent_statements_covered_display": "100"}, "missing_lines": [], "excluded_lines": []}, "": {"executed_lines": [1, 10, 12, 13, 14, 15, 17, 18, 19, 27, 30, 31, 32, 45, 46, 47, 48, 49, 52, 66, 73, 74, 77, 80, 97, 98, 99, 102, 104, 106, 108, 109, 110, 112, 114, 115, 116, 118, 141, 150, 152, 169], "summary": {"covered_lines": 40, "num_statements": 46, "percent_covered": 86.95652173913044, "percent_covered_display": "87", "missing_lines": 6, "excluded_lines": 0, "percent_statements_covered": 86.95652173913044, "percent_statements_covered_display": "87"}, "missing_lines": [75, 126, 132, 134, 143, 161], "excluded_lines": []}}}, "src/fleet_memory/reindex/publisher.py": {"executed_lines": [1, 11, 13, 14, 15, 17, 19, 23, 35, 36, 39, 59, 62, 69, 79], "summary": {"covered_lines": 13, "num_statements": 13, "percent_covered": 100.0, "percent_covered_display": "100", "missing_lines": 0, "excluded_lines": 2, "percent_statements_covered": 100.0, "percent_statements_covered_display": "100"}, "missing_lines": [], "excluded_lines": [19, 20], "functions": {"_derive_episode_id": {"executed_lines": [35, 36], "summary": {"covered_lines": 2, "num_statements": 2, "percent_covered": 100.0, "percent_covered_display": "100", "missing_lines": 0, "excluded_lines": 0, "percent_statements_covered": 100.0, "percent_statements_covered_display": "100"}, "missing_lines": [], "excluded_lines": []}, "publish_episode": {"executed_lines": [59, 62, 69, 79], "summary": {"covered_lines": 4, "num_statements": 4, "percent_covered": 100.0, "percent_covered_display": "100", "missing_lines": 0, "excluded_lines": 0, "percent_statements_covered": 100.0, "percent_statements_covered_display": "100"}, "missing_lines": [], "excluded_lines": []}, "": {"executed_lines": [1, 11, 13, 14, 15, 17, 19, 23, 39], "summary": {"covered_lines": 7, "num_statements": 7, "percent_covered": 100.0, "percent_covered_display": "100", "missing_lines": 0, "excluded_lines": 2, "percent_statements_covered": 100.0, "percent_statements_covered_display": "100"}, "missing_lines": [], "excluded_lines": [19, 20]}}, "classes": {"": {"executed_lines": [1, 11, 13, 14, 15, 17, 19, 23, 35, 36, 39, 59, 62, 69, 79], "summary": {"covered_lines": 13, "num_statements": 13, "percent_covered": 100.0, "percent_covered_display": "100", "missing_lines": 0, "excluded_lines": 2, "percent_statements_covered": 100.0, "percent_statements_covered_display": "100"}, "missing_lines": [], "excluded_lines": [19, 20]}}}, "src/fleet_memory/reindex/walker.py": {"executed_lines": [1, 8, 10, 11, 12, 15, 16, 17, 24, 25, 28, 47, 50, 52, 56, 58, 59, 62, 63, 66, 67, 74, 75, 77, 83, 84, 90], "summary": {"covered_lines": 25, "num_statements": 33, "percent_covered": 75.75757575757575, "percent_covered_display": "76", "missing_lines": 8, "excluded_lines": 0, "percent_statements_covered": 75.75757575757575, "percent_statements_covered_display": "76"}, "missing_lines": [51, 53, 68, 70, 78, 80, 85, 87], "excluded_lines": [], "functions": {"walk_corpus": {"executed_lines": [47, 50, 52, 56, 58, 59, 62, 63, 66, 67, 74, 75, 77, 83, 84, 90], "summary": {"covered_lines": 16, "num_statements": 24, "percent_covered": 66.66666666666667, "percent_covered_display": "67", "missing_lines": 8, "excluded_lines": 0, "percent_statements_covered": 66.66666666666667, "percent_statements_covered_display": "67"}, "missing_lines": [51, 53, 68, 70, 78, 80, 85, 87], "excluded_lines": []}, "": {"executed_lines": [1, 8, 10, 11, 12, 15, 16, 17, 24, 25, 28], "summary": {"covered_lines": 9, "num_statements": 9, "percent_covered": 100.0, "percent_covered_display": "100", "missing_lines": 0, "excluded_lines": 0, "percent_statements_covered": 100.0, "percent_statements_covered_display": "100"}, "missing_lines": [], "excluded_lines": []}}, "classes": {"CorpusDocument": {"executed_lines": [], "summary": {"covered_lines": 0, "num_statements": 0, "percent_covered": 100.0, "percent_covered_display": "100", "missing_lines": 0, "excluded_lines": 0, "percent_statements_covered": 100.0, "percent_statements_covered_display": "100"}, "missing_lines": [], "excluded_lines": []}, "": {"executed_lines": [1, 8, 10, 11, 12, 15, 16, 17, 24, 25, 28, 47, 50, 52, 56, 58, 59, 62, 63, 66, 67, 74, 75, 77, 83, 84, 90], "summary": {"covered_lines": 25, "num_statements": 33, "percent_covered": 75.75757575757575, "percent_covered_display": "76", "missing_lines": 8, "excluded_lines": 0, "percent_statements_covered": 75.75757575757575, "percent_statements_covered_display": "76"}, "missing_lines": [51, 53, 68, 70, 78, 80, 85, 87], "excluded_lines": []}}}}, "totals": {"covered_lines": 230, "num_statements": 276, "percent_covered": 83.33333333333333, "percent_covered_display": "83", "missing_lines": 46, "excluded_lines": 2, "percent_statements_covered": 83.33333333333333, "percent_statements_covered_display": "83"}}